ca65 V2.19 - Git cc3c40c
Main file   : bios.asm
Current file: bios.asm

000000r 1               ; ********************************
000000r 1               ; * BIOS RIEN MATTHIJSSE         *
000000r 1               ; *        NEO6502_MMU           *
000000r 1               ; * V3.0   APRIL 2026            *
000000r 1               ; ********************************
000000r 1               ;
000000r 1               	.SETCPU "65C02"
000000r 1               
000000r 1               	.include "bios.inc"
000000r 2               ;
000000r 2               ; BIOS jumptable + inline context switch primitive
000000r 2               ;
000000r 2               .ifndef __BIOS_INC__
000000r 2               __BIOS_INC__ = 1
000000r 2               
000000r 2               .include "config.inc"
000000r 3               ; ============================================================
000000r 3               ; config.inc
000000r 3               ; NEOX - kernel configuration
000000r 3               ;
000000r 3               ; Purpose:
000000r 3               ; ============================================================
000000r 3               
000000r 3               .ifndef __CONFIG_INC__
000000r 3               __CONFIG_INC__ = 1
000000r 3               
000000r 3               ; ------------------------------------------------------------
000000r 3               ; Limits
000000r 3               ; ------------------------------------------------------------
000000r 3               
000000r 3               MAX_FDS     = 6          ; per-process descriptor count
000000r 3               OPEN_MAX    = 16         ; system-wide open object slots
000000r 3               
000000r 3               ; ------------------------------------------------------------
000000r 3               ; Maximum simultaneously active processes
000000r 3               ; ------------------------------------------------------------
000000r 3               
000000r 3               MAX_PROCS   = 8
000000r 3               
000000r 3               ; ------------------------------------------------------------
000000r 3               ; Maximum simultaneously active timer waits
000000r 3               ; ------------------------------------------------------------
000000r 3               
000000r 3               MAX_TIMER   = 8
000000r 3               
000000r 3               ;
000000r 3               ;
000000r 3               ;
000000r 3               
000000r 3               MAX_PIPES       = 8
000000r 3               PIPE_BUF_SIZE   = 64
000000r 3               
000000r 3               ; ------------------------------------------------------------
000000r 3               ; Filesystem path limits
000000r 3               ; ------------------------------------------------------------
000000r 3               
000000r 3               NEOX_CWD_MAX  = 32        ; process-private current-directory path bytes
000000r 3               NEOX_PATH_MAX = 64        ; kernel path resolver buffer bytes
000000r 3               ; ============================================================
000000r 3               ;
000000r 3               ; ============================================================
000000r 3               
000000r 3               USER_IMAGE_TABLE = $2000
000000r 3               
000000r 3               ; Final 32/32 virtual-memory split.
000000r 3               USER_SPACE_LIMIT = $8000
000000r 3               KERNEL_SHARED_BASE = $B020
000000r 3               KERNEL_OVERFLOW_BASE = $C000
000000r 3               MICMON_BASE = $D000
000000r 3               IO_PAGE_BASE = $E000
000000r 3               BIOS_BASE = $F000
000000r 3               
000000r 3               ; ------------------------------------------------------------
000000r 3               ; Kernel
000000r 3               ; ------------------------------------------------------------
000000r 3               
000000r 3               KERNEL_BASE = $8000
000000r 3               
000000r 3               ; ------------------------------------------------------------
000000r 3               ; Syscall table location
000000r 3               ; ------------------------------------------------------------
000000r 3               
000000r 3               SYSCALL_BASE = $F100
000000r 3               
000000r 3               ; ------------------------------------------------------------
000000r 3               ; RP2350 mailbox control registers (MMIO)
000000r 3               ;
000000r 3               ; Layout:
000000r 3               ;   Page E is shared I/O space
000000r 3               ;   OS-owned mailbox doorbell starts at $E010
000000r 3               ; ------------------------------------------------------------
000000r 3               
000000r 3               RP_DOORBELL  = $E010
000000r 3               
000000r 3               ; ------------------------------------------------------------
000000r 3               ; Shared RAM request/result block (ordinary shared RAM, not I/O)
000000r 3               ;
000000r 3               ; mailbox request block.
000000r 3               ; ------------------------------------------------------------
000000r 3               
000000r 3               RP_REQ_BASE  = $B000
000000r 3               
000000r 3               .endif
000000r 3               
000000r 2               
000000r 2               BIOS_IO_PORT    =   IO_PAGE_BASE
000000r 2               
000000r 2               BIOS_KBD_PORT   = BIOS_IO_PORT
000000r 2               BIOS_DSP_PORT   = BIOS_IO_PORT + 1
000000r 2               BIOS_CMD_PORT   = BIOS_IO_PORT + 2
000000r 2               BIOS_PARAM_PORT = BIOS_IO_PORT + 3
000000r 2               
000000r 2               BIOS_IRQ_SOURCE =   RP_REQ_BASE + 16
000000r 2               BIOS_IRQ_STATE  =   RP_REQ_BASE + 19
000000r 2               
000000r 2               ; BIOS_BASE is defined by config.inc as $F000
000000r 2               
000000r 2               BIOS_GETCHAR      = BIOS_BASE
000000r 2               BIOS_PUTCHAR      = BIOS_BASE+3
000000r 2               
000000r 2               BIOS_ACK_IRQ      = BIOS_BASE+6
000000r 2               
000000r 2               ; BIOS command values used by the inline context switch macro.
000000r 2               BIOS_CMD_NONE           = 0
000000r 2               BIOS_CMD_ACK_IRQ        = 1
000000r 2               BIOS_CMD_CONTEXT_SWITCH = 2
000000r 2               
000000r 2               ; -----------------------------------------------------------------------------
000000r 2               ; BIOS_CONTEXT_SWITCH
000000r 2               ;
000000r 2               ; Inline, stack-free MMU/private-context switch primitive.
000000r 2               ;
000000r 2               ; Input:
000000r 2               ;   A = target context
000000r 2               ;
000000r 2               ; Effect:
000000r 2               ;   Switches private memory / MMU context to A.
000000r 2               ;
000000r 2               ; Clobbers:
000000r 2               ;   A, Y
000000r 2               ;
000000r 2               ; Preserves:
000000r 2               ;   X
000000r 2               ;
000000r 2               ; Rules:
000000r 2               ;   - macro only: no JSR/RTS may cross the context switch because the stack is
000000r 2               ;     private per context.
000000r 2               ;   - does not restore registers.
000000r 2               ;   - does not RTI or JMP into a task.
000000r 2               ;   - scheduler/context owner must perform TXS/RTI/JMP after this macro, when
000000r 2               ;     the target context's private stack is mapped.
000000r 2               ; -----------------------------------------------------------------------------
000000r 2               .macro BIOS_CONTEXT_SWITCH
000000r 2                   .local wait_cmd, wait_completion
000000r 2               
000000r 2                   ; Preserve target context without using stack. X is intentionally left
000000r 2                   ; untouched so callers may carry the target SP across the switch.
000000r 2                   tay
000000r 2               
000000r 2               wait_cmd:
000000r 2                   lda BIOS_CMD_PORT
000000r 2                   bne wait_cmd
000000r 2               
000000r 2                   sty BIOS_PARAM_PORT
000000r 2                   lda #BIOS_CMD_CONTEXT_SWITCH
000000r 2                   sta BIOS_CMD_PORT
000000r 2               
000000r 2               wait_completion:
000000r 2                   lda BIOS_CMD_PORT
000000r 2                   bne wait_completion
000000r 2               .endmacro
000000r 2               
000000r 2               .endif
000000r 2               
000000r 1               	.include "syscall.inc"
000000r 2               ; ============================================================
000000r 2               ; syscall.inc
000000r 2               ; NEOX - syscall definitions
000000r 2               ;
000000r 2               ; Purpose:
000000r 2               ;   Defines syscall numbers, fixed syscall entry addresses,
000000r 2               ;   error codes, and common syscall argument structures.
000000r 2               ;
000000r 2               ; Architecture:
000000r 2               ;   - Syscall jump table is located in the shared BIOS page at $F100
000000r 2               ;   - Each syscall entry is a 3-byte JMP stub
000000r 2               ;   - User code calls fixed syscall entry addresses
000000r 2               ;
000000r 2               ; Notes:
000000r 2               ;   SYS_MONITOR enters supervisor/MICMON context through the
000000r 2               ;   kernel-defined monitor entry path. It is a controlled
000000r 2               ;   privileged transfer, not direct user control of MMU/scheduler.
000000r 2               ; ============================================================
000000r 2               
000000r 2               .ifndef __SYSCALL_INC__
000000r 2               __SYSCALL_INC__ = 1
000000r 2               
000000r 2               .include "config.inc"
000000r 3               ; ============================================================
000000r 3               ; config.inc
000000r 3               ; NEOX - kernel configuration
000000r 3               ;
000000r 3               ; Purpose:
000000r 3               ; ============================================================
000000r 3               
000000r 3               .ifndef __CONFIG_INC__
000000r 3               __CONFIG_INC__ = 1
000000r 3               
000000r 3               ; ------------------------------------------------------------
000000r 3               ; Limits
000000r 3               ; ------------------------------------------------------------
000000r 3               
000000r 3               MAX_FDS     = 6          ; per-process descriptor count
000000r 3               OPEN_MAX    = 16         ; system-wide open object slots
000000r 3               
000000r 3               ; ------------------------------------------------------------
000000r 3               ; Maximum simultaneously active processes
000000r 3               ; ------------------------------------------------------------
000000r 3               
000000r 3               MAX_PROCS   = 8
000000r 3               
000000r 3               ; ------------------------------------------------------------
000000r 3               ; Maximum simultaneously active timer waits
000000r 3               ; ------------------------------------------------------------
000000r 3               
000000r 3               MAX_TIMER   = 8
000000r 3               
000000r 3               ;
000000r 3               ;
000000r 3               ;
000000r 3               
000000r 3               MAX_PIPES       = 8
000000r 3               PIPE_BUF_SIZE   = 64
000000r 3               
000000r 3               ; ------------------------------------------------------------
000000r 3               ; Filesystem path limits
000000r 3               ; ------------------------------------------------------------
000000r 3               
000000r 3               NEOX_CWD_MAX  = 32        ; process-private current-directory path bytes
000000r 3               NEOX_PATH_MAX = 64        ; kernel path resolver buffer bytes
000000r 3               ; ============================================================
000000r 3               ;
000000r 3               ; ============================================================
000000r 3               
000000r 3               USER_IMAGE_TABLE = $2000
000000r 3               
000000r 3               ; Final 32/32 virtual-memory split.
000000r 3               USER_SPACE_LIMIT = $8000
000000r 3               KERNEL_SHARED_BASE = $B020
000000r 3               KERNEL_OVERFLOW_BASE = $C000
000000r 3               MICMON_BASE = $D000
000000r 3               IO_PAGE_BASE = $E000
000000r 3               BIOS_BASE = $F000
000000r 3               
000000r 3               ; ------------------------------------------------------------
000000r 3               ; Kernel
000000r 3               ; ------------------------------------------------------------
000000r 3               
000000r 3               KERNEL_BASE = $8000
000000r 3               
000000r 3               ; ------------------------------------------------------------
000000r 3               ; Syscall table location
000000r 3               ; ------------------------------------------------------------
000000r 3               
000000r 3               SYSCALL_BASE = $F100
000000r 3               
000000r 3               ; ------------------------------------------------------------
000000r 3               ; RP2350 mailbox control registers (MMIO)
000000r 3               ;
000000r 3               ; Layout:
000000r 3               ;   Page E is shared I/O space
000000r 3               ;   OS-owned mailbox doorbell starts at $E010
000000r 3               ; ------------------------------------------------------------
000000r 3               
000000r 3               RP_DOORBELL  = $E010
000000r 3               
000000r 3               ; ------------------------------------------------------------
000000r 3               ; Shared RAM request/result block (ordinary shared RAM, not I/O)
000000r 3               ;
000000r 3               ; mailbox request block.
000000r 3               ; ------------------------------------------------------------
000000r 3               
000000r 3               RP_REQ_BASE  = $B000
000000r 3               
000000r 3               .endif
000000r 3               
000000r 2               
000000r 2               SYSCALL_ENTRY_SIZE  = 3
000000r 2               
000000r 2               ; ------------------------------------------------------------
000000r 2               ; Standard file descriptors
000000r 2               ; ------------------------------------------------------------
000000r 2               
000000r 2               STDIN               = 0
000000r 2               STDOUT              = 1
000000r 2               STDERR              = 2
000000r 2               
000000r 2               ; ------------------------------------------------------------
000000r 2               ; Syscall numbers
000000r 2               ; ------------------------------------------------------------
000000r 2               SYS_EXIT			= $00
000000r 2               SYS_OPEN            = $01
000000r 2               SYS_CLOSE			= $02
000000r 2               SYS_READ            = $03
000000r 2               SYS_WRITE           = $04
000000r 2               SYS_MONITOR         = $05
000000r 2               SYS_LOAD_FILE_TO_MEMORY = $06
000000r 2               SYS_SAVE_MEMORY_TO_FILE = $07
000000r 2               SYS_SEEK            = $08
000000r 2               SYS_TELL            = $09
000000r 2               SYS_PIPE			= $0A
000000r 2               SYS_DELETE          = $0C
000000r 2               SYS_RENAME          = $0D
000000r 2               SYS_YIELD           = $0B
000000r 2               SYS_SLEEP           = $0E
000000r 2               SYS_DUP				= $0F
000000r 2               SYS_DUP2			= $10
000000r 2               SYS_TICKS           = $11
000000r 2               SYS_SIGNAL          = $12
000000r 2               SYS_OPENDIR         = $13
000000r 2               SYS_READDIR         = $14
000000r 2               SYS_CLOSEDIR        = $15
000000r 2               SYS_CHDIR           = $16
000000r 2               SYS_GETCWD          = $17
000000r 2               SYS_MKDIR           = $18
000000r 2               SYS_RMDIR           = $19
000000r 2               SYS_GETPROCINFO      = $1A
000000r 2               SYS_WAITPID           = $1B
000000r 2               SYS_GET_LAUNCH_ID     = $1C
000000r 2               SYS_GET_LAUNCH_ARGS2  = $1D
000000r 2               SYS_SPAWN_RESIDENT    = $1E
000000r 2               
000000r 2               ; ------------------------------------------------------------
000000r 2               ; Fixed syscall entry addresses
000000r 2               ; ------------------------------------------------------------
000000r 2               
000000r 2               sys_exit            = SYSCALL_BASE + (SYS_EXIT    * SYSCALL_ENTRY_SIZE)
000000r 2               sys_open            = SYSCALL_BASE + (SYS_OPEN    * SYSCALL_ENTRY_SIZE)
000000r 2               sys_close           = SYSCALL_BASE + (SYS_CLOSE   * SYSCALL_ENTRY_SIZE)
000000r 2               sys_read            = SYSCALL_BASE + (SYS_READ    * SYSCALL_ENTRY_SIZE)
000000r 2               sys_write           = SYSCALL_BASE + (SYS_WRITE   * SYSCALL_ENTRY_SIZE)
000000r 2               sys_monitor         = SYSCALL_BASE + (SYS_MONITOR * SYSCALL_ENTRY_SIZE)
000000r 2               sys_load_file_to_memory = SYSCALL_BASE + (SYS_LOAD_FILE_TO_MEMORY * SYSCALL_ENTRY_SIZE)
000000r 2               sys_save_memory_to_file = SYSCALL_BASE + (SYS_SAVE_MEMORY_TO_FILE * SYSCALL_ENTRY_SIZE)
000000r 2               sys_seek            = SYSCALL_BASE + (SYS_SEEK    * SYSCALL_ENTRY_SIZE)
000000r 2               sys_tell            = SYSCALL_BASE + (SYS_TELL    * SYSCALL_ENTRY_SIZE)
000000r 2               sys_delete          = SYSCALL_BASE + (SYS_DELETE  * SYSCALL_ENTRY_SIZE)
000000r 2               sys_rename          = SYSCALL_BASE + (SYS_RENAME  * SYSCALL_ENTRY_SIZE)
000000r 2               sys_pipe            = SYSCALL_BASE + (SYS_PIPE    * SYSCALL_ENTRY_SIZE)
000000r 2               sys_yield           = SYSCALL_BASE + (SYS_YIELD   * SYSCALL_ENTRY_SIZE)
000000r 2               sys_sleep           = SYSCALL_BASE + (SYS_SLEEP   * SYSCALL_ENTRY_SIZE)
000000r 2               sys_dup				= SYSCALL_BASE + (SYS_DUP     * SYSCALL_ENTRY_SIZE)
000000r 2               sys_dup2			= SYSCALL_BASE + (SYS_DUP2    * SYSCALL_ENTRY_SIZE)
000000r 2               sys_ticks           = SYSCALL_BASE + (SYS_TICKS   * SYSCALL_ENTRY_SIZE)
000000r 2               sys_signal          = SYSCALL_BASE + (SYS_SIGNAL  * SYSCALL_ENTRY_SIZE)
000000r 2               sys_opendir         = SYSCALL_BASE + (SYS_OPENDIR * SYSCALL_ENTRY_SIZE)
000000r 2               sys_readdir         = SYSCALL_BASE + (SYS_READDIR * SYSCALL_ENTRY_SIZE)
000000r 2               sys_closedir        = SYSCALL_BASE + (SYS_CLOSEDIR * SYSCALL_ENTRY_SIZE)
000000r 2               sys_chdir           = SYSCALL_BASE + (SYS_CHDIR * SYSCALL_ENTRY_SIZE)
000000r 2               sys_getcwd          = SYSCALL_BASE + (SYS_GETCWD * SYSCALL_ENTRY_SIZE)
000000r 2               sys_mkdir           = SYSCALL_BASE + (SYS_MKDIR * SYSCALL_ENTRY_SIZE)
000000r 2               sys_rmdir           = SYSCALL_BASE + (SYS_RMDIR * SYSCALL_ENTRY_SIZE)
000000r 2               sys_getprocinfo      = SYSCALL_BASE + (SYS_GETPROCINFO * SYSCALL_ENTRY_SIZE)
000000r 2               sys_waitpid          = SYSCALL_BASE + (SYS_WAITPID * SYSCALL_ENTRY_SIZE)
000000r 2               sys_get_launch_id    = SYSCALL_BASE + (SYS_GET_LAUNCH_ID * SYSCALL_ENTRY_SIZE)
000000r 2               sys_get_launch_args2 = SYSCALL_BASE + (SYS_GET_LAUNCH_ARGS2 * SYSCALL_ENTRY_SIZE)
000000r 2               sys_spawn_resident   = SYSCALL_BASE + (SYS_SPAWN_RESIDENT * SYSCALL_ENTRY_SIZE)
000000r 2               
000000r 2               ; ------------------------------------------------------------
000000r 2               ; Common errno values
000000r 2               ; ------------------------------------------------------------
000000r 2               
000000r 2               E_OK                = 0
000000r 2               EIO                 = 3
000000r 2               EINVAL              = 6
000000r 2               EMFILE              = 8        ; too many open file descriptors
000000r 2               EBADF               = 9
000000r 2               ENODEV              = 10
000000r 2               ENOSYS              = 11
000000r 2               EAGAIN              = 12       ; operation would block / try again
000000r 2               ENOMEM              = 13       ; no free kernel memory/object/table slot
000000r 2               EPIPE               = 14       ; write on pipe with no readers
000000r 2               
000000r 2               .include "spawn.inc"
000000r 3               ; ============================================================
000000r 3               ; spawn.inc
000000r 3               ; NEOX - unified resident spawn ABI
000000r 3               ; ============================================================
000000r 3               
000000r 3               .ifndef __SPAWN_INC__
000000r 3               __SPAWN_INC__ = 1
000000r 3               
000000r 3               .include "config.inc"
000000r 4               ; ============================================================
000000r 4               ; config.inc
000000r 4               ; NEOX - kernel configuration
000000r 4               ;
000000r 4               ; Purpose:
000000r 4               ; ============================================================
000000r 4               
000000r 4               .ifndef __CONFIG_INC__
000000r 4               __CONFIG_INC__ = 1
000000r 4               
000000r 4               ; ------------------------------------------------------------
000000r 4               ; Limits
000000r 4               ; ------------------------------------------------------------
000000r 4               
000000r 4               MAX_FDS     = 6          ; per-process descriptor count
000000r 4               OPEN_MAX    = 16         ; system-wide open object slots
000000r 4               
000000r 4               ; ------------------------------------------------------------
000000r 4               ; Maximum simultaneously active processes
000000r 4               ; ------------------------------------------------------------
000000r 4               
000000r 4               MAX_PROCS   = 8
000000r 4               
000000r 4               ; ------------------------------------------------------------
000000r 4               ; Maximum simultaneously active timer waits
000000r 4               ; ------------------------------------------------------------
000000r 4               
000000r 4               MAX_TIMER   = 8
000000r 4               
000000r 4               ;
000000r 4               ;
000000r 4               ;
000000r 4               
000000r 4               MAX_PIPES       = 8
000000r 4               PIPE_BUF_SIZE   = 64
000000r 4               
000000r 4               ; ------------------------------------------------------------
000000r 4               ; Filesystem path limits
000000r 4               ; ------------------------------------------------------------
000000r 4               
000000r 4               NEOX_CWD_MAX  = 32        ; process-private current-directory path bytes
000000r 4               NEOX_PATH_MAX = 64        ; kernel path resolver buffer bytes
000000r 4               ; ============================================================
000000r 4               ;
000000r 4               ; ============================================================
000000r 4               
000000r 4               USER_IMAGE_TABLE = $2000
000000r 4               
000000r 4               ; Final 32/32 virtual-memory split.
000000r 4               USER_SPACE_LIMIT = $8000
000000r 4               KERNEL_SHARED_BASE = $B020
000000r 4               KERNEL_OVERFLOW_BASE = $C000
000000r 4               MICMON_BASE = $D000
000000r 4               IO_PAGE_BASE = $E000
000000r 4               BIOS_BASE = $F000
000000r 4               
000000r 4               ; ------------------------------------------------------------
000000r 4               ; Kernel
000000r 4               ; ------------------------------------------------------------
000000r 4               
000000r 4               KERNEL_BASE = $8000
000000r 4               
000000r 4               ; ------------------------------------------------------------
000000r 4               ; Syscall table location
000000r 4               ; ------------------------------------------------------------
000000r 4               
000000r 4               SYSCALL_BASE = $F100
000000r 4               
000000r 4               ; ------------------------------------------------------------
000000r 4               ; RP2350 mailbox control registers (MMIO)
000000r 4               ;
000000r 4               ; Layout:
000000r 4               ;   Page E is shared I/O space
000000r 4               ;   OS-owned mailbox doorbell starts at $E010
000000r 4               ; ------------------------------------------------------------
000000r 4               
000000r 4               RP_DOORBELL  = $E010
000000r 4               
000000r 4               ; ------------------------------------------------------------
000000r 4               ; Shared RAM request/result block (ordinary shared RAM, not I/O)
000000r 4               ;
000000r 4               ; mailbox request block.
000000r 4               ; ------------------------------------------------------------
000000r 4               
000000r 4               RP_REQ_BASE  = $B000
000000r 4               
000000r 4               .endif
000000r 4               
000000r 3               
000000r 3               ; ------------------------------------------------------------
000000r 3               ; Spawn allocation flags
000000r 3               ; ------------------------------------------------------------
000000r 3               
000000r 3               SPAWN_FLAGS_NONE = $00
000000r 3               
000000r 3               ; No launch selector has been assigned to the pending child.
000000r 3               SPAWN_LAUNCH_NONE = $FF
000000r 3               
000000r 3               ; Resident launch argument slots are intentionally small and fixed.
000000r 3               ; Keep this compact because launch state lives in shared kernel RAM.
000000r 3               SPAWN_ARG_MAX = 24
000000r 3               
000000r 3               
000000r 3               ; ------------------------------------------------------------
000000r 3               ; spawn_resident_args
000000r 3               ;
000000r 3               ; Unified resident-image spawn transaction. The kernel allocates the
000000r 3               ; child, copies launch metadata, maps parent descriptors into child
000000r 3               ; stdin/stdout/stderr, clones cwd, and publishes the child atomically.
000000r 3               ;
000000r 3               ; A parent fd value of SPAWN_FD_CLOSED leaves that child descriptor
000000r 3               ; closed. Argument lengths exclude the trailing NUL.
000000r 3               ; ------------------------------------------------------------
000000r 3               
000000r 3               SPAWN_FD_CLOSED = $FF
000000r 3               
000000r 3               .struct spawn_resident_args
000000r 3                   entry           .word
000000r 3                   launch_id       .byte
000000r 3                   argc            .byte
000000r 3                   arg0_ptr        .word
000000r 3                   arg0_len        .byte
000000r 3                   arg1_ptr        .word
000000r 3                   arg1_len        .byte
000000r 3                   stdin_fd        .byte
000000r 3                   stdout_fd       .byte
000000r 3                   stderr_fd       .byte
000000r 3                   flags           .byte
000000r 3                   result_pid      .byte
000000r 3               .endstruct
000000r 3               
000000r 3               SPAWN_RESIDENT_ARGS_SIZE = .sizeof(spawn_resident_args)
000000r 3               
000000r 3               ; ------------------------------------------------------------
000000r 3               ; spawn_get_args2_args
000000r 3               ;
000000r 3               ; Child-side retrieval of the current process launch arguments. The
000000r 3               ; kernel copies shared launch storage into buffers in the active child
000000r 3               ; context and writes argc/length result fields.
000000r 3               ; ------------------------------------------------------------
000000r 3               
000000r 3               .struct spawn_get_args2_args
000000r 3                   arg0_ptr        .word
000000r 3                   arg0_max        .byte
000000r 3                   arg1_ptr        .word
000000r 3                   arg1_max        .byte
000000r 3                   argc_out        .byte
000000r 3                   arg0_len_out    .byte
000000r 3                   arg1_len_out    .byte
000000r 3               .endstruct
000000r 3               
000000r 3               SPAWN_GET_ARGS2_ARGS_SIZE = .sizeof(spawn_get_args2_args)
000000r 3               
000000r 3               .endif
000000r 3               
000000r 2               
000000r 2               ; ------------------------------------------------------------
000000r 2               ; Common open argument block
000000r 2               ;
000000r 2               ; path_ptr:
000000r 2               ;   Pointer to a NUL-terminated 8.3 filename in the current task
000000r 2               ;   context. The RP-side FS_OPEN command scans at most max_len bytes.
000000r 2               ;
000000r 2               ; max_len:
000000r 2               ;   Maximum filename scan length. Use a small bounded value such as 64.
000000r 2               ;
000000r 2               ; flags:
000000r 2               ;   Open mode. V32 supports read-only, write/truncate, write-existing,
000000r 2               ;   read/write-existing, and read/write-create.
000000r 2               ;
000000r 2               ; device:
000000r 2               ;   RP filesystem device/FatFs drive number: 0..3.
000000r 2               ; ------------------------------------------------------------
000000r 2               
000000r 2               .struct open_args
000000r 2                   path_ptr        .word
000000r 2                   max_len         .word
000000r 2                   flags           .byte
000000r 2                   device          .byte
000000r 2               .endstruct
000000r 2               
000000r 2               OPEN_ARGS_SIZE = .sizeof(open_args)
000000r 2               
000000r 2               OPEN_READ           = $00    ; read existing
000000r 2               OPEN_WRITE_TRUNC    = $01    ; write create/truncate
000000r 2               OPEN_WRITE_EXISTING = $02    ; write existing, no truncate
000000r 2               OPEN_RW_EXISTING    = $03    ; read/write existing, no truncate
000000r 2               OPEN_RW_CREATE      = $04    ; read/write create if missing, no truncate if existing
000000r 2               
000000r 2               
000000r 2               ; ------------------------------------------------------------
000000r 2               ; Bulk filesystem argument blocks
000000r 2               ;
000000r 2               ; Names and paths use NEOX 8.3 path components. The path string is
000000r 2               ; NUL-terminated and is validated by the RP side.
000000r 2               ;
000000r 2               ; max_bytes / byte_count:
000000r 2               ;   $0000 means 65536 bytes.
000000r 2               ;
000000r 2               ; flags:
000000r 2               ;   Reserved for now. Must be 0.
000000r 2               ;
000000r 2               ; Context rule:
000000r 2               ;   User code never supplies a context. The kernel derives the caller
000000r 2               ;   context and passes it separately to the RP mailbox in ARG2L.
000000r 2               ; ------------------------------------------------------------
000000r 2               
000000r 2               .struct fs_load_args
000000r 2                   path_ptr        .word
000000r 2                   dest_ptr        .word
000000r 2                   max_bytes       .word
000000r 2                   device          .byte
000000r 2                   flags           .byte
000000r 2               .endstruct
000000r 2               
000000r 2               FS_LOAD_ARGS_SIZE = .sizeof(fs_load_args)
000000r 2               
000000r 2               .struct fs_save_args
000000r 2                   path_ptr        .word
000000r 2                   src_ptr         .word
000000r 2                   byte_count      .word
000000r 2                   device          .byte
000000r 2                   flags           .byte
000000r 2               .endstruct
000000r 2               
000000r 2               FS_SAVE_ARGS_SIZE = .sizeof(fs_save_args)
000000r 2               
000000r 2               FS_BULK_FLAGS_NONE = $00
000000r 2               
000000r 2               
000000r 2               ; ------------------------------------------------------------
000000r 2               ; Seek/tell filesystem argument blocks
000000r 2               ;
000000r 2               ; offset_lo/offset_hi:
000000r 2               ;   Signed 32-bit offset split into low/high words.  SEEK_SET
000000r 2               ;   requires a non-negative final target; SEEK_CUR and SEEK_END
000000r 2               ;   allow negative offsets.
000000r 2               ;
000000r 2               ; result_lo/result_hi:
000000r 2               ;   Kernel writes the resulting unsigned 32-bit file position here.
000000r 2               ;   A/X also return result_lo for convenience.
000000r 2               ; ------------------------------------------------------------
000000r 2               
000000r 2               SEEK_SET            = $00
000000r 2               SEEK_CUR            = $01
000000r 2               SEEK_END            = $02
000000r 2               
000000r 2               .struct seek_args
000000r 2                   fd              .byte
000000r 2                   whence          .byte
000000r 2                   offset_lo       .word
000000r 2                   offset_hi       .word
000000r 2                   result_lo       .word
000000r 2                   result_hi       .word
000000r 2               .endstruct
000000r 2               
000000r 2               SEEK_ARGS_SIZE = .sizeof(seek_args)
000000r 2               
000000r 2               .struct tell_args
000000r 2                   fd              .byte
000000r 2                   reserved        .byte
000000r 2                   result_lo       .word
000000r 2                   result_hi       .word
000000r 2               .endstruct
000000r 2               
000000r 2               TELL_ARGS_SIZE = .sizeof(tell_args)
000000r 2               
000000r 2               
000000r 2               ; ------------------------------------------------------------
000000r 2               ; Delete/rename filesystem argument blocks
000000r 2               ;
000000r 2               ; V34 path handling uses the same RP-side 8.3 validator as open.
000000r 2               ; flags is reserved and must be 0.
000000r 2               ; ------------------------------------------------------------
000000r 2               
000000r 2               FS_PATH_FLAGS_NONE  = $00
000000r 2               
000000r 2               .struct delete_args
000000r 2                   path_ptr        .word
000000r 2                   max_len         .word
000000r 2                   device          .byte
000000r 2                   flags           .byte
000000r 2               .endstruct
000000r 2               
000000r 2               DELETE_ARGS_SIZE = .sizeof(delete_args)
000000r 2               
000000r 2               .struct rename_args
000000r 2                   old_path_ptr    .word
000000r 2                   new_path_ptr    .word
000000r 2                   max_len         .word
000000r 2                   device          .byte
000000r 2                   flags           .byte
000000r 2               .endstruct
000000r 2               
000000r 2               RENAME_ARGS_SIZE = .sizeof(rename_args)
000000r 2               
000000r 2               ; ------------------------------------------------------------
000000r 2               ; Common read/write argument block
000000r 2               ;
000000r 2               ; fd:
000000r 2               ;   STDIN / STDOUT / STDERR
000000r 2               ;
000000r 2               ; buf_ptr:
000000r 2               ;   Pointer to caller buffer in the current task context
000000r 2               ;
000000r 2               ; len:
000000r 2               ;   Requested transfer length
000000r 2               ; ------------------------------------------------------------
000000r 2               
000000r 2               .struct rw_args
000000r 2                   fd              .byte
000000r 2                   reserved        .byte
000000r 2                   buf_ptr         .word
000000r 2                   len             .word
000000r 2               .endstruct
000000r 2               
000000r 2               RW_ARGS_SIZE = .sizeof(rw_args)
000000r 2               
000000r 2               ; ------------------------------------------------------------
000000r 2               ; SYSCALL helper macro
000000r 2               ;
000000r 2               ; Purpose:
000000r 2               ;   Load X/Y with the address of an argument block and call the
000000r 2               ;   fixed syscall entry.
000000r 2               ;
000000r 2               ; Example:
000000r 2               ;   SYSCALL my_args, sys_write
000000r 2               ; ------------------------------------------------------------
000000r 2               
000000r 2               .macro SYSCALL argblk, entry
000000r 2                   ; Keep the register argument pointer stable across the tiny user-side
000000r 2                   ; setup window. The kernel snapshots the process-private pointer before
000000r 2                   ; taking file_io_gate and decodes the block after the owner resumes.
000000r 2                   sei
000000r 2                   ldx #<argblk
000000r 2                   ldy #>argblk
000000r 2                   jsr entry
000000r 2               .endmacro
000000r 2               
000000r 2               
000000r 2               ; ------------------------------------------------------------
000000r 2               ; Directory control argument blocks
000000r 2               ;
000000r 2               ; V35 exposes directory handles as normal NEOX fd numbers. The RP
000000r 2               ; directory handle remains kernel-private in the FD/open-object table.
000000r 2               ;
000000r 2               ; dir_entry layout matches the RP serialized directory entry:
000000r 2               ;   name[13] = NUL-terminated 8.3 name
000000r 2               ;   attr     = FatFs attribute byte
000000r 2               ;   size     = unsigned 32-bit byte size
000000r 2               ; ------------------------------------------------------------
000000r 2               
000000r 2               DIR_ENTRY_NAME_SIZE = 13
000000r 2               DIR_ENTRY_SIZE      = 18
000000r 2               
000000r 2               .struct dir_entry
000000r 2                   name            .res 13
000000r 2                   attr            .byte
000000r 2                   size_lo         .word
000000r 2                   size_hi         .word
000000r 2               .endstruct
000000r 2               
000000r 2               .struct opendir_args
000000r 2                   path_ptr        .word
000000r 2                   max_len         .word
000000r 2                   device          .byte
000000r 2                   flags           .byte
000000r 2               .endstruct
000000r 2               
000000r 2               OPENDIR_ARGS_SIZE = .sizeof(opendir_args)
000000r 2               
000000r 2               .struct readdir_args
000000r 2                   fd              .byte
000000r 2                   reserved        .byte
000000r 2                   entry_ptr       .word
000000r 2                   entry_size      .word
000000r 2               .endstruct
000000r 2               
000000r 2               READDIR_ARGS_SIZE = .sizeof(readdir_args)
000000r 2               
000000r 2               .struct closedir_args
000000r 2                   fd              .byte
000000r 2                   reserved        .byte
000000r 2               .endstruct
000000r 2               
000000r 2               CLOSEDIR_ARGS_SIZE = .sizeof(closedir_args)
000000r 2               
000000r 2               ; ------------------------------------------------------------
000000r 2               ; Current directory argument blocks
000000r 2               ;
000000r 2               ; V36 stores current directory per process as drive + absolute path.
000000r 2               ; User-visible getcwd form is D:/PATH.
000000r 2               ; ------------------------------------------------------------
000000r 2               
000000r 2               NEOX_PATH_FLAGS_NONE = $00
000000r 2               
000000r 2               .struct chdir_args
000000r 2                   path_ptr        .word
000000r 2                   max_len         .word
000000r 2                   device          .byte
000000r 2                   flags           .byte
000000r 2               .endstruct
000000r 2               
000000r 2               CHDIR_ARGS_SIZE = .sizeof(chdir_args)
000000r 2               
000000r 2               .struct getcwd_args
000000r 2                   buffer_ptr      .word
000000r 2                   buffer_size     .word
000000r 2                   result_len      .word
000000r 2                   flags           .byte
000000r 2                   reserved        .byte
000000r 2               .endstruct
000000r 2               
000000r 2               GETCWD_ARGS_SIZE = .sizeof(getcwd_args)
000000r 2               
000000r 2               ; ------------------------------------------------------------
000000r 2               ; Directory create/remove argument blocks
000000r 2               ; ------------------------------------------------------------
000000r 2               
000000r 2               .struct mkdir_args
000000r 2                   path_ptr        .word
000000r 2                   max_len         .word
000000r 2                   device          .byte
000000r 2                   flags           .byte
000000r 2               .endstruct
000000r 2               
000000r 2               MKDIR_ARGS_SIZE = .sizeof(mkdir_args)
000000r 2               
000000r 2               .struct rmdir_args
000000r 2                   path_ptr        .word
000000r 2                   max_len         .word
000000r 2                   device          .byte
000000r 2                   flags           .byte
000000r 2               .endstruct
000000r 2               
000000r 2               RMDIR_ARGS_SIZE = .sizeof(rmdir_args)
000000r 2               
000000r 2               ; ------------------------------------------------------------
000000r 2               ; Process information argument block
000000r 2               ;
000000r 2               ; SYS_GETPROCINFO copies one compact process-table snapshot record
000000r 2               ; into caller memory.  The record is deliberately binary; user-space
000000r 2               ; commands such as PS own all text formatting.
000000r 2               ;
000000r 2               ; Record layout:
000000r 2               ;   +0 pid
000000r 2               ;   +1 ppid
000000r 2               ;   +2 state
000000r 2               ;   +3 wait_reason
000000r 2               ;   +4 signal_pending
000000r 2               ;   +5 wait_object
000000r 2               ;   +6 held_gate_mask (PROC_HOLD_*)
000000r 2               ;
000000r 2               ; Kernels accepting the extended record remain compatible with callers
000000r 2               ; that provide the original five-byte buffer.
000000r 2               ; ------------------------------------------------------------
000000r 2               
000000r 2               PROCINFO_RECORD_MIN_SIZE = 5
000000r 2               PROCINFO_RECORD_SIZE     = 7
000000r 2               
000000r 2               .struct procinfo_args
000000r 2                   pid             .byte
000000r 2                   reserved        .byte
000000r 2                   buffer_ptr      .word
000000r 2                   buffer_size     .word
000000r 2               .endstruct
000000r 2               
000000r 2               PROCINFO_ARGS_SIZE = .sizeof(procinfo_args)
000000r 2               
000000r 2               .endif
000000r 2               
000000r 1               
000000r 1               ; -----------------------------------------------------------------------------
000000r 1               ; set up origin
000000r 1               	.segment "BIOS"
000000r 1               
000000r 1               BIOS:					; jump table (16 cmds)
000000r 1  4C rr rr     	JMP _GETCHAR		; get char low level
000003r 1  4C rr rr     	JMP _PUTCHAR		; put char low level
000006r 1  4C rr rr     	JMP ACK_IRQ			; acknowledge IRQ
000009r 1  4C rr rr     	JMP EMPTY			; empty slot
00000Cr 1  4C rr rr     	JMP EMPTY			; empty slot
00000Fr 1  4C rr rr     	JMP EMPTY			; empty slot
000012r 1  4C rr rr     	JMP EMPTY			; empty slot
000015r 1  4C rr rr     	JMP EMPTY			; empty slot
000018r 1  4C rr rr     	JMP EMPTY			; empty slot
00001Br 1  4C rr rr     	JMP EMPTY			; empty slot
00001Er 1  4C rr rr     	JMP EMPTY			; empty slot
000021r 1  4C rr rr     	JMP EMPTY			; empty slot
000024r 1  4C rr rr     	JMP EMPTY			; empty slot
000027r 1  4C rr rr     	JMP EMPTY			; empty slot
00002Ar 1  4C rr rr     	JMP EMPTY			; empty slot
00002Dr 1  4C rr rr     	JMP EMPTY			; empty slot
000030r 1               
000030r 1               ; -----------------------------------------------------------------------------
000030r 1               ; simple interface: read a key from input, only a-reg is used
000030r 1               ;
000030r 1               .proc _GETCHAR
000030r 1               @retry:
000030r 1  AD 00 E0     	lda BIOS_KBD_PORT
000033r 1  F0 FB        	beq @retry
000035r 1  9C 00 E0     	stz BIOS_KBD_PORT
000038r 1  29 7F        	and #$7F
00003Ar 1  18               clc
00003Br 1  60               rts
00003Cr 1               .endproc
00003Cr 1               
00003Cr 1               ; -----------------------------------------------------------------------------
00003Cr 1               ; simple interface: write a char to output, only a-reg is used
00003Cr 1               ;
00003Cr 1               .proc _PUTCHAR
00003Cr 1  48           	pha
00003Dr 1               @busy:
00003Dr 1  AD 01 E0     	lda BIOS_DSP_PORT
000040r 1  D0 FB        	bne @busy
000042r 1  68           	pla
000043r 1  8D 01 E0     	sta BIOS_DSP_PORT
000046r 1  18           	clc
000047r 1  60               rts
000048r 1               .endproc
000048r 1               
000048r 1               ; exec command  A=cmd, X=param (optional)
000048r 1               ; wait for cmd == 0
000048r 1               ; set new cmd
000048r 1               ;
000048r 1               ;.proc exec_cmd
000048r 1               ;	pha
000048r 1               
000048r 1               ;@wait_cmd:
000048r 1               ;	lda BIOS_CMD_PORT
000048r 1               ;	bne @wait_cmd
000048r 1               ;	stx BIOS_PARAM_PORT
000048r 1               ;	pla
000048r 1               ;	sta BIOS_CMD_PORT
000048r 1               
000048r 1               ;	rts
000048r 1               ;.endproc
000048r 1               
000048r 1               ;
000048r 1               ; ack IRQ
000048r 1               ; registers preserved
000048r 1               ;
000048r 1               .proc ACK_IRQ
000048r 1  48           	pha
000049r 1  9C 10 B0     	stz BIOS_IRQ_SOURCE
00004Cr 1               
00004Cr 1               @wait_ack:
00004Cr 1  AD 13 B0     	lda BIOS_IRQ_STATE
00004Fr 1  D0 FB        	bne @wait_ack
000051r 1  68           	pla
000052r 1  60           	rts
000053r 1               .endproc
000053r 1               
000053r 1               ; -----------------------------------------------------------------------------
000053r 1               ; empty
000053r 1               ;
000053r 1               .proc EMPTY
000053r 1  00           	BRK
000054r 1  EA           	NOP
000055r 1               .endproc
000055r 1               
