ca65 V2.19 - Git cc3c40c
Main file   : out/user/nbox/nbox.s
Current file: out/user/nbox/nbox.s

000000r 1               ;
000000r 1               ; File generated by cc65 v 2.19 - Git cc3c40c
000000r 1               ;
000000r 1               	.fopt		compiler,"cc65 v 2.19 - Git cc3c40c"
000000r 1               	.setcpu		"65C02"
000000r 1               	.smart		on
000000r 1               	.autoimport	on
000000r 1               	.case		on
000000r 1               	.debuginfo	off
000000r 1               	.importzp	c_sp, sreg, regsave, regbank
000000r 1               	.importzp	tmp1, tmp2, tmp3, tmp4, ptr1, ptr2, ptr3, ptr4
000000r 1               	.macpack	longbranch
000000r 2               .macro  jeq     Target
000000r 2                       .if     .match(Target, 0)
000000r 2                       bne     *+5
000000r 2                       jmp     Target
000000r 2                       .elseif .def(Target) .and .const((*-2)-(Target)) .and ((*+2)-(Target) <= 127)
000000r 2                               beq     Target
000000r 2                       .else
000000r 2                               bne     *+5
000000r 2                               jmp     Target
000000r 2                       .endif
000000r 2               .endmacro
000000r 2               .macro  jne     Target
000000r 2                       .if     .match(Target, 0)
000000r 2                               beq     *+5
000000r 2                               jmp     Target
000000r 2                       .elseif .def(Target) .and .const((*-2)-(Target)) .and ((*+2)-(Target) <= 127)
000000r 2                               bne     Target
000000r 2                       .else
000000r 2                               beq     *+5
000000r 2                               jmp     Target
000000r 2                       .endif
000000r 2               .endmacro
000000r 2               .macro  jmi     Target
000000r 2                       .if     .match(Target, 0)
000000r 2                               bpl     *+5
000000r 2                               jmp     Target
000000r 2                       .elseif .def(Target) .and .const((*-2)-(Target)) .and ((*+2)-(Target) <= 127)
000000r 2                               bmi     Target
000000r 2                       .else
000000r 2                               bpl     *+5
000000r 2                               jmp     Target
000000r 2                       .endif
000000r 2               .endmacro
000000r 2               .macro  jpl     Target
000000r 2                       .if     .match(Target, 0)
000000r 2                               bmi     *+5
000000r 2                               jmp     Target
000000r 2                       .elseif .def(Target) .and .const((*-2)-(Target)) .and ((*+2)-(Target) <= 127)
000000r 2                               bpl     Target
000000r 2                       .else
000000r 2                               bmi     *+5
000000r 2                               jmp     Target
000000r 2                       .endif
000000r 2               .endmacro
000000r 2               .macro  jcs     Target
000000r 2                       .if     .match(Target, 0)
000000r 2                               bcc     *+5
000000r 2                               jmp     Target
000000r 2                       .elseif .def(Target) .and .const((*-2)-(Target)) .and ((*+2)-(Target) <= 127)
000000r 2                               bcs     Target
000000r 2                       .else
000000r 2                               bcc     *+5
000000r 2                               jmp     Target
000000r 2                       .endif
000000r 2               .endmacro
000000r 2               .macro  jcc     Target
000000r 2                       .if     .match(Target, 0)
000000r 2                               bcs     *+5
000000r 2                               jmp     Target
000000r 2                       .elseif .def(Target) .and .const((*-2)-(Target)) .and ((*+2)-(Target) <= 127)
000000r 2                               bcc     Target
000000r 2                       .else
000000r 2                               bcs     *+5
000000r 2                               jmp     Target
000000r 2                       .endif
000000r 2               .endmacro
000000r 2               .macro  jvs     Target
000000r 2                       .if     .match(Target, 0)
000000r 2                               bvc     *+5
000000r 2                               jmp     Target
000000r 2                       .elseif .def(Target) .and .const((*-2)-(Target)) .and ((*+2)-(Target) <= 127)
000000r 2                               bvs     Target
000000r 2                       .else
000000r 2                               bvc     *+5
000000r 2                               jmp     Target
000000r 2                       .endif
000000r 2               .endmacro
000000r 2               .macro  jvc     Target
000000r 2                       .if     .match(Target, 0)
000000r 2                               bvs     *+5
000000r 2                               jmp     Target
000000r 2                       .elseif .def(Target) .and .const((*-2)-(Target)) .and ((*+2)-(Target) <= 127)
000000r 2                               bvc     Target
000000r 2                       .else
000000r 2                               bvs     *+5
000000r 2                               jmp     Target
000000r 2                       .endif
000000r 2               .endmacro
000000r 2               
000000r 1               	.import		_neox_applet_report
000000r 1               	.export		_nbox_line_buf
000000r 1               	.export		_nbox_line_len
000000r 1               	.export		_nbox_exec_mode
000000r 1               	.export		_nbox_launch_id
000000r 1               	.export		_nbox_line_idx
000000r 1               	.export		_neosh_nbox_resolve
000000r 1               	.export		_neosh_nbox_dispatch
000000r 1               	.export		_neosh_nbox_print_unknown
000000r 1               	.export		_nbox_execute_launch_id
000000r 1               	.import		_neox_applet_pwd
000000r 1               	.import		_neox_applet_cd
000000r 1               	.import		_neox_applet_ls
000000r 1               	.import		_neox_applet_cat
000000r 1               	.import		_neox_applet_echo
000000r 1               	.import		_neox_applet_rm
000000r 1               	.import		_neox_applet_mv
000000r 1               	.import		_neox_applet_mkdir
000000r 1               	.import		_neox_applet_rmdir
000000r 1               	.import		_neox_applet_cp
000000r 1               	.import		_neox_applet_ps
000000r 1               	.import		_neox_applet_kill
000000r 1               
000000r 1               .segment	"C_RODATA"
000000r 1               
000000r 1               _nbox_unknown_message:
000000r 1  6E 62 6F 78  	.byte	$6E,$62,$6F,$78,$3A,$20,$63,$6F,$6D,$6D,$61,$6E,$64,$20,$6E,$6F
000004r 1  3A 20 63 6F  
000008r 1  6D 6D 61 6E  
000010r 1  74 20 66 6F  	.byte	$74,$20,$66,$6F,$75,$6E,$64,$0D,$00
000014r 1  75 6E 64 0D  
000018r 1  00           
000019r 1               _nbox_commands:
000019r 1  rr rr        	.addr	S0002
00001Br 1  01           	.byte	$01
00001Cr 1  01           	.byte	$01
00001Dr 1  rr rr        	.addr	_neox_applet_pwd
00001Fr 1  rr rr        	.addr	S0003
000021r 1  02           	.byte	$02
000022r 1  00           	.byte	$00
000023r 1  rr rr        	.addr	_neox_applet_cd
000025r 1  rr rr        	.addr	S0004
000027r 1  03           	.byte	$03
000028r 1  01           	.byte	$01
000029r 1  rr rr        	.addr	_neox_applet_ls
00002Br 1  rr rr        	.addr	S0005
00002Dr 1  04           	.byte	$04
00002Er 1  01           	.byte	$01
00002Fr 1  rr rr        	.addr	_neox_applet_cat
000031r 1  rr rr        	.addr	S0006
000033r 1  0B           	.byte	$0b
000034r 1  01           	.byte	$01
000035r 1  rr rr        	.addr	_neox_applet_echo
000037r 1  rr rr        	.addr	S0007
000039r 1  05           	.byte	$05
00003Ar 1  01           	.byte	$01
00003Br 1  rr rr        	.addr	_neox_applet_rm
00003Dr 1  rr rr        	.addr	S0008
00003Fr 1  06           	.byte	$06
000040r 1  01           	.byte	$01
000041r 1  rr rr        	.addr	_neox_applet_mv
000043r 1  rr rr        	.addr	S0009
000045r 1  07           	.byte	$07
000046r 1  01           	.byte	$01
000047r 1  rr rr        	.addr	_neox_applet_mkdir
000049r 1  rr rr        	.addr	S000A
00004Br 1  08           	.byte	$08
00004Cr 1  01           	.byte	$01
00004Dr 1  rr rr        	.addr	_neox_applet_rmdir
00004Fr 1  rr rr        	.addr	S000B
000051r 1  09           	.byte	$09
000052r 1  01           	.byte	$01
000053r 1  rr rr        	.addr	_neox_applet_cp
000055r 1  rr rr        	.addr	S000C
000057r 1  0A           	.byte	$0a
000058r 1  01           	.byte	$01
000059r 1  rr rr        	.addr	_neox_applet_ps
00005Br 1  rr rr        	.addr	S000D
00005Dr 1  0C           	.byte	$0c
00005Er 1  00           	.byte	$00
00005Fr 1  rr rr        	.addr	_neox_applet_kill
000061r 1               S000A:
000061r 1  52 4D 44 49  	.byte	$52,$4D,$44,$49,$52,$00
000065r 1  52 00        
000067r 1               S0009:
000067r 1  4D 4B 44 49  	.byte	$4D,$4B,$44,$49,$52,$00
00006Br 1  52 00        
00006Dr 1               S0006:
00006Dr 1  45 43 48 4F  	.byte	$45,$43,$48,$4F,$00
000071r 1  00           
000072r 1               S000D:
000072r 1  4B 49 4C 4C  	.byte	$4B,$49,$4C,$4C,$00
000076r 1  00           
000077r 1               S0005:
000077r 1  43 41 54 00  	.byte	$43,$41,$54,$00
00007Br 1               S0002:
00007Br 1  50 57 44 00  	.byte	$50,$57,$44,$00
00007Fr 1               S0007:
00007Fr 1  52 4D 00     	.byte	$52,$4D,$00
000082r 1               S0004:
000082r 1  4C 53 00     	.byte	$4C,$53,$00
000085r 1               S000B:
000085r 1  43 50 00     	.byte	$43,$50,$00
000088r 1               S000C:
000088r 1  50 53 00     	.byte	$50,$53,$00
00008Br 1               S0003:
00008Br 1  43 44 00     	.byte	$43,$44,$00
00008Er 1               S0008:
00008Er 1  4D 56 00     	.byte	$4D,$56,$00
000091r 1               
000091r 1               .segment	"C_BSS"
000000r 1               
000000r 1               .segment	"C_BSS"
000000r 1               _nbox_line_buf:
000000r 1  00 00 00 00  	.res	64,$00
000004r 1  00 00 00 00  
000008r 1  00 00 00 00  
000040r 1               _nbox_line_len:
000040r 1  00           	.res	1,$00
000041r 1               _nbox_exec_mode:
000041r 1  00           	.res	1,$00
000042r 1               _nbox_launch_id:
000042r 1  00           	.res	1,$00
000043r 1               _nbox_line_idx:
000043r 1  00           	.res	1,$00
000044r 1               _nbox_command_index:
000044r 1  00           	.res	1,$00
000045r 1               
000045r 1               ; ---------------------------------------------------------------
000045r 1               ; unsigned char __near__ neosh_nbox_resolve (void)
000045r 1               ; ---------------------------------------------------------------
000045r 1               
000045r 1               .segment	"C_CODE"
000000r 1               
000000r 1               .proc	_neosh_nbox_resolve: near
000000r 1               
000000r 1               .segment	"C_CODE"
000000r 1               
000000r 1  20 rr rr     	jsr     decsp7
000003r 1  A9 FF        	lda     #$FF
000005r 1  8D rr rr     	sta     _nbox_exec_mode
000008r 1  8D rr rr     	sta     _nbox_launch_id
00000Br 1  9C rr rr     	stz     _nbox_line_idx
00000Er 1  A9 0C        	lda     #$0C
000010r 1  8D rr rr     	sta     _nbox_command_index
000013r 1  A0 05        	ldy     #$05
000015r 1  A9 00        	lda     #$00
000017r 1  91 rr        	sta     (c_sp),y
000019r 1  C8           	iny
00001Ar 1  91 rr        	sta     (c_sp),y
00001Cr 1  80 0B        	bra     L001E
00001Er 1  A0 05        L0002:	ldy     #$05
000020r 1  A2 00        	ldx     #$00
000022r 1  A9 01        	lda     #$01
000024r 1  20 rr rr     	jsr     addeqysp
000027r 1  A0 06        	ldy     #$06
000029r 1  B1 rr        L001E:	lda     (c_sp),y
00002Br 1  AA           	tax
00002Cr 1  88           	dey
00002Dr 1  B1 rr        	lda     (c_sp),y
00002Fr 1  CD rr rr     	cmp     _nbox_line_len
000032r 1  8A           	txa
000033r 1  E9 00        	sbc     #$00
000035r 1  B0 1A        	bcs     L001A
000037r 1  C8           	iny
000038r 1  B1 rr        	lda     (c_sp),y
00003Ar 1  AA           	tax
00003Br 1  88           	dey
00003Cr 1  B1 rr        	lda     (c_sp),y
00003Er 1  85 rr        	sta     ptr1
000040r 1  8A           	txa
000041r 1  18           	clc
000042r 1  69 rr        	adc     #>(_nbox_line_buf)
000044r 1  85 rr        	sta     ptr1+1
000046r 1  A0 rr        	ldy     #<(_nbox_line_buf)
000048r 1  B1 rr        	lda     (ptr1),y
00004Ar 1  20 rr rr     	jsr     _nbox_is_space
00004Dr 1  C9 00        	cmp     #$00
00004Fr 1  D0 CD        	bne     L0002
000051r 1  A0 06        L001A:	ldy     #$06
000053r 1  B1 rr        	lda     (c_sp),y
000055r 1  AA           	tax
000056r 1  88           	dey
000057r 1  B1 rr        	lda     (c_sp),y
000059r 1  CD rr rr     	cmp     _nbox_line_len
00005Cr 1  8A           	txa
00005Dr 1  E9 00        	sbc     #$00
00005Fr 1  B0 15        	bcs     L001F
000061r 1  C8           	iny
000062r 1  B1 rr        	lda     (c_sp),y
000064r 1  AA           	tax
000065r 1  88           	dey
000066r 1  B1 rr        	lda     (c_sp),y
000068r 1  85 rr        	sta     ptr1
00006Ar 1  8A           	txa
00006Br 1  18           	clc
00006Cr 1  69 rr        	adc     #>(_nbox_line_buf)
00006Er 1  85 rr        	sta     ptr1+1
000070r 1  A0 rr        	ldy     #<(_nbox_line_buf)
000072r 1  B1 rr        	lda     (ptr1),y
000074r 1  D0 0B        	bne     L0008
000076r 1  A9 FE        L001F:	lda     #$FE
000078r 1  8D rr rr     	sta     _nbox_exec_mode
00007Br 1  A2 00        	ldx     #$00
00007Dr 1  8A           	txa
00007Er 1  4C rr rr     	jmp     incsp7
000081r 1  A0 06        L0008:	ldy     #$06
000083r 1  B1 rr        	lda     (c_sp),y
000085r 1  AA           	tax
000086r 1  88           	dey
000087r 1  B1 rr        	lda     (c_sp),y
000089r 1  A0 03        	ldy     #$03
00008Br 1  20 rr rr     	jsr     staxysp
00008Er 1  80 09        	bra     L000D
000090r 1  A0 03        L000B:	ldy     #$03
000092r 1  A2 00        	ldx     #$00
000094r 1  A9 01        	lda     #$01
000096r 1  20 rr rr     	jsr     addeqysp
000099r 1  A0 04        L000D:	ldy     #$04
00009Br 1  B1 rr        	lda     (c_sp),y
00009Dr 1  AA           	tax
00009Er 1  88           	dey
00009Fr 1  B1 rr        	lda     (c_sp),y
0000A1r 1  CD rr rr     	cmp     _nbox_line_len
0000A4r 1  8A           	txa
0000A5r 1  E9 00        	sbc     #$00
0000A7r 1  B0 30        	bcs     L001B
0000A9r 1  C8           	iny
0000AAr 1  B1 rr        	lda     (c_sp),y
0000ACr 1  AA           	tax
0000ADr 1  88           	dey
0000AEr 1  B1 rr        	lda     (c_sp),y
0000B0r 1  85 rr        	sta     ptr1
0000B2r 1  8A           	txa
0000B3r 1  18           	clc
0000B4r 1  69 rr        	adc     #>(_nbox_line_buf)
0000B6r 1  85 rr        	sta     ptr1+1
0000B8r 1  A0 rr        	ldy     #<(_nbox_line_buf)
0000BAr 1  B1 rr        	lda     (ptr1),y
0000BCr 1  F0 1B        	beq     L001B
0000BEr 1  A0 04        	ldy     #$04
0000C0r 1  B1 rr        	lda     (c_sp),y
0000C2r 1  AA           	tax
0000C3r 1  88           	dey
0000C4r 1  B1 rr        	lda     (c_sp),y
0000C6r 1  85 rr        	sta     ptr1
0000C8r 1  8A           	txa
0000C9r 1  18           	clc
0000CAr 1  69 rr        	adc     #>(_nbox_line_buf)
0000CCr 1  85 rr        	sta     ptr1+1
0000CEr 1  A0 rr        	ldy     #<(_nbox_line_buf)
0000D0r 1  B1 rr        	lda     (ptr1),y
0000D2r 1  20 rr rr     	jsr     _nbox_is_space
0000D5r 1  C9 00        	cmp     #$00
0000D7r 1  F0 B7        	beq     L000B
0000D9r 1  A0 04        L001B:	ldy     #$04
0000DBr 1  B1 rr        	lda     (c_sp),y
0000DDr 1  AA           	tax
0000DEr 1  88           	dey
0000DFr 1  B1 rr        	lda     (c_sp),y
0000E1r 1  38           	sec
0000E2r 1  A0 05        	ldy     #$05
0000E4r 1  F1 rr        	sbc     (c_sp),y
0000E6r 1  48           	pha
0000E7r 1  8A           	txa
0000E8r 1  C8           	iny
0000E9r 1  F1 rr        	sbc     (c_sp),y
0000EBr 1  AA           	tax
0000ECr 1  68           	pla
0000EDr 1  A0 01        	ldy     #$01
0000EFr 1  20 rr rr     	jsr     staxysp
0000F2r 1  A0 03        	ldy     #$03
0000F4r 1  B1 rr        	lda     (c_sp),y
0000F6r 1  8D rr rr     	sta     _nbox_line_idx
0000F9r 1  A0 01        	ldy     #$01
0000FBr 1  B1 rr        	lda     (c_sp),y
0000FDr 1  C8           	iny
0000FEr 1  11 rr        	ora     (c_sp),y
000100r 1  F0 11        	beq     L0022
000102r 1  B1 rr        	lda     (c_sp),y
000104r 1  AA           	tax
000105r 1  88           	dey
000106r 1  B1 rr        	lda     (c_sp),y
000108r 1  C9 07        	cmp     #$07
00010Ar 1  8A           	txa
00010Br 1  E9 00        	sbc     #$00
00010Dr 1  B0 04        	bcs     L0022
00010Fr 1  A9 00        	lda     #$00
000111r 1  80 07        	bra     L001D
000113r 1  A9 01        L0022:	lda     #$01
000115r 1  A2 00        	ldx     #$00
000117r 1  4C rr rr     	jmp     incsp7
00011Ar 1  92 rr        L001D:	sta     (c_sp)
00011Cr 1  A2 00        	ldx     #$00
00011Er 1  B2 rr        	lda     (c_sp)
000120r 1  C9 0C        	cmp     #$0C
000122r 1  90 03 4C rr  	jcs     L001C
000126r 1  rr           
000127r 1  20 rr rr     	jsr     decsp4
00012Ar 1  A0 0A        	ldy     #$0A
00012Cr 1  B1 rr        	lda     (c_sp),y
00012Er 1  AA           	tax
00012Fr 1  88           	dey
000130r 1  B1 rr        	lda     (c_sp),y
000132r 1  A0 02        	ldy     #$02
000134r 1  91 rr        	sta     (c_sp),y
000136r 1  C8           	iny
000137r 1  8A           	txa
000138r 1  91 rr        	sta     (c_sp),y
00013Ar 1  A0 06        	ldy     #$06
00013Cr 1  B1 rr        	lda     (c_sp),y
00013Er 1  AA           	tax
00013Fr 1  88           	dey
000140r 1  B1 rr        	lda     (c_sp),y
000142r 1  92 rr        	sta     (c_sp)
000144r 1  A0 01        	ldy     #$01
000146r 1  8A           	txa
000147r 1  91 rr        	sta     (c_sp),y
000149r 1  A0 04        	ldy     #$04
00014Br 1  A2 00        	ldx     #$00
00014Dr 1  B1 rr        	lda     (c_sp),y
00014Fr 1  20 rr rr     	jsr     mulax6
000152r 1  18           	clc
000153r 1  69 rr        	adc     #<(_nbox_commands)
000155r 1  85 rr        	sta     ptr1
000157r 1  8A           	txa
000158r 1  69 rr        	adc     #>(_nbox_commands)
00015Ar 1  85 rr        	sta     ptr1+1
00015Cr 1  A0 01        	ldy     #$01
00015Er 1  B1 rr        	lda     (ptr1),y
000160r 1  AA           	tax
000161r 1  B2 rr        	lda     (ptr1)
000163r 1  20 rr rr     	jsr     _nbox_token_matches
000166r 1  C9 00        	cmp     #$00
000168r 1  F0 3A        	beq     L0017
00016Ar 1  B2 rr        	lda     (c_sp)
00016Cr 1  8D rr rr     	sta     _nbox_command_index
00016Fr 1  A2 00        	ldx     #$00
000171r 1  B2 rr        	lda     (c_sp)
000173r 1  20 rr rr     	jsr     mulax6
000176r 1  18           	clc
000177r 1  69 rr        	adc     #<(_nbox_commands)
000179r 1  85 rr        	sta     ptr1
00017Br 1  8A           	txa
00017Cr 1  69 rr        	adc     #>(_nbox_commands)
00017Er 1  85 rr        	sta     ptr1+1
000180r 1  A0 02        	ldy     #$02
000182r 1  B1 rr        	lda     (ptr1),y
000184r 1  8D rr rr     	sta     _nbox_launch_id
000187r 1  A2 00        	ldx     #$00
000189r 1  B2 rr        	lda     (c_sp)
00018Br 1  20 rr rr     	jsr     mulax6
00018Er 1  18           	clc
00018Fr 1  69 rr        	adc     #<(_nbox_commands)
000191r 1  85 rr        	sta     ptr1
000193r 1  8A           	txa
000194r 1  69 rr        	adc     #>(_nbox_commands)
000196r 1  85 rr        	sta     ptr1+1
000198r 1  C8           	iny
000199r 1  B1 rr        	lda     (ptr1),y
00019Br 1  8D rr rr     	sta     _nbox_exec_mode
00019Er 1  A2 00        	ldx     #$00
0001A0r 1  8A           	txa
0001A1r 1  4C rr rr     	jmp     incsp7
0001A4r 1  18           L0017:	clc
0001A5r 1  1A           	ina
0001A6r 1  72 rr        	adc     (c_sp)
0001A8r 1  4C rr rr     	jmp     L001D
0001ABr 1  A9 01        L001C:	lda     #$01
0001ADr 1  4C rr rr     	jmp     incsp7
0001B0r 1               
0001B0r 1               .endproc
0001B0r 1               
0001B0r 1               ; ---------------------------------------------------------------
0001B0r 1               ; unsigned char __near__ neosh_nbox_dispatch (void)
0001B0r 1               ; ---------------------------------------------------------------
0001B0r 1               
0001B0r 1               .segment	"C_CODE"
0001B0r 1               
0001B0r 1               .proc	_neosh_nbox_dispatch: near
0001B0r 1               
0001B0r 1               .segment	"C_CODE"
0001B0r 1               
0001B0r 1  20 rr rr     	jsr     decsp4
0001B3r 1  AD rr rr     	lda     _nbox_exec_mode
0001B6r 1  C9 FE        	cmp     #$FE
0001B8r 1  D0 06        	bne     L0008
0001BAr 1  A2 00        	ldx     #$00
0001BCr 1  8A           	txa
0001BDr 1  4C rr rr     	jmp     incsp4
0001C0r 1  AD rr rr     L0008:	lda     _nbox_exec_mode
0001C3r 1  C9 FF        	cmp     #$FF
0001C5r 1  F0 09        	beq     L0009
0001C7r 1  AD rr rr     	lda     _nbox_launch_id
0001CAr 1  C9 FF        	cmp     #$FF
0001CCr 1  F0 02        	beq     L0009
0001CEr 1  80 0A        	bra     L000A
0001D0r 1  20 rr rr     L0009:	jsr     _neosh_nbox_print_unknown
0001D3r 1  A2 00        	ldx     #$00
0001D5r 1  A9 06        	lda     #$06
0001D7r 1  4C rr rr     	jmp     incsp4
0001DAr 1  AD rr rr     L000A:	lda     _nbox_line_idx
0001DDr 1  20 rr rr     	jsr     pusha0
0001E0r 1  A5 rr        	lda     c_sp
0001E2r 1  A6 rr        	ldx     c_sp+1
0001E4r 1  18           	clc
0001E5r 1  69 02        	adc     #$02
0001E7r 1  90 01        	bcc     L0006
0001E9r 1  E8           	inx
0001EAr 1  20 rr rr     L0006:	jsr     _nbox_make_context
0001EDr 1  AD rr rr     	lda     _nbox_command_index
0001F0r 1  20 rr rr     	jsr     pusha
0001F3r 1  A5 rr        	lda     c_sp
0001F5r 1  A6 rr        	ldx     c_sp+1
0001F7r 1  18           	clc
0001F8r 1  69 01        	adc     #$01
0001FAr 1  90 01        	bcc     L0007
0001FCr 1  E8           	inx
0001FDr 1  20 rr rr     L0007:	jsr     _nbox_call_command
000200r 1  4C rr rr     	jmp     incsp4
000203r 1               
000203r 1               .endproc
000203r 1               
000203r 1               ; ---------------------------------------------------------------
000203r 1               ; unsigned char __near__ neosh_nbox_print_unknown (void)
000203r 1               ; ---------------------------------------------------------------
000203r 1               
000203r 1               .segment	"C_CODE"
000203r 1               
000203r 1               .proc	_neosh_nbox_print_unknown: near
000203r 1               
000203r 1               .segment	"C_CODE"
000203r 1               
000203r 1  A9 rr        	lda     #<(_nbox_unknown_message)
000205r 1  A2 rr        	ldx     #>(_nbox_unknown_message)
000207r 1  20 rr rr     	jsr     _neox_applet_report
00020Ar 1  A2 00        	ldx     #$00
00020Cr 1  8A           	txa
00020Dr 1  60           	rts
00020Er 1               
00020Er 1               .endproc
00020Er 1               
00020Er 1               ; ---------------------------------------------------------------
00020Er 1               ; unsigned char __near__ __fastcall__ nbox_execute_launch_id (unsigned char launch_id)
00020Er 1               ; ---------------------------------------------------------------
00020Er 1               
00020Er 1               .segment	"C_CODE"
00020Er 1               
00020Er 1               .proc	_nbox_execute_launch_id: near
00020Er 1               
00020Er 1               .segment	"C_CODE"
00020Er 1               
00020Er 1  20 rr rr     	jsr     pusha
000211r 1  20 rr rr     	jsr     decsp5
000214r 1  A0 05        	ldy     #$05
000216r 1  B1 rr        	lda     (c_sp),y
000218r 1  20 rr rr     	jsr     _nbox_find_launch_id
00021Br 1  92 rr        	sta     (c_sp)
00021Dr 1  20 rr rr     	jsr     push0
000220r 1  A5 rr        	lda     c_sp
000222r 1  A6 rr        	ldx     c_sp+1
000224r 1  18           	clc
000225r 1  69 03        	adc     #$03
000227r 1  90 01        	bcc     L0002
000229r 1  E8           	inx
00022Ar 1  20 rr rr     L0002:	jsr     _nbox_make_context
00022Dr 1  B2 rr        	lda     (c_sp)
00022Fr 1  20 rr rr     	jsr     pusha
000232r 1  A5 rr        	lda     c_sp
000234r 1  A6 rr        	ldx     c_sp+1
000236r 1  18           	clc
000237r 1  69 02        	adc     #$02
000239r 1  90 01        	bcc     L0003
00023Br 1  E8           	inx
00023Cr 1  20 rr rr     L0003:	jsr     _nbox_call_command
00023Fr 1  4C rr rr     	jmp     incsp6
000242r 1               
000242r 1               .endproc
000242r 1               
000242r 1               ; ---------------------------------------------------------------
000242r 1               ; unsigned char __near__ nbox_is_space (char value)
000242r 1               ; ---------------------------------------------------------------
000242r 1               
000242r 1               .segment	"C_CODE"
000242r 1               
000242r 1               .proc	_nbox_is_space: near
000242r 1               
000242r 1               .segment	"C_CODE"
000242r 1               
000242r 1  20 rr rr     	jsr     pusha
000245r 1  B2 rr        	lda     (c_sp)
000247r 1  C9 20        	cmp     #$20
000249r 1  F0 0A        	beq     L0004
00024Br 1  C9 09        	cmp     #$09
00024Dr 1  F0 06        	beq     L0004
00024Fr 1  A2 00        	ldx     #$00
000251r 1  8A           	txa
000252r 1  4C rr rr     	jmp     incsp1
000255r 1  A9 01        L0004:	lda     #$01
000257r 1  A2 00        	ldx     #$00
000259r 1  4C rr rr     	jmp     incsp1
00025Cr 1               
00025Cr 1               .endproc
00025Cr 1               
00025Cr 1               ; ---------------------------------------------------------------
00025Cr 1               ; char __near__ nbox_upper (char value)
00025Cr 1               ; ---------------------------------------------------------------
00025Cr 1               
00025Cr 1               .segment	"C_CODE"
00025Cr 1               
00025Cr 1               .proc	_nbox_upper: near
00025Cr 1               
00025Cr 1               .segment	"C_CODE"
00025Cr 1               
00025Cr 1  20 rr rr     	jsr     pusha
00025Fr 1  B2 rr        	lda     (c_sp)
000261r 1  29 7F        	and     #$7F
000263r 1  92 rr        	sta     (c_sp)
000265r 1  C9 61        	cmp     #$61
000267r 1  A2 00        	ldx     #$00
000269r 1  90 0B        	bcc     L000B
00026Br 1  B2 rr        	lda     (c_sp)
00026Dr 1  C9 7B        	cmp     #$7B
00026Fr 1  B0 05        	bcs     L000B
000271r 1  38           	sec
000272r 1  E9 20        	sbc     #$20
000274r 1  92 rr        	sta     (c_sp)
000276r 1  B2 rr        L000B:	lda     (c_sp)
000278r 1  4C rr rr     	jmp     incsp1
00027Br 1               
00027Br 1               .endproc
00027Br 1               
00027Br 1               ; ---------------------------------------------------------------
00027Br 1               ; unsigned char __near__ nbox_token_matches (unsigned int start, unsigned int length, const char *name)
00027Br 1               ; ---------------------------------------------------------------
00027Br 1               
00027Br 1               .segment	"C_CODE"
00027Br 1               
00027Br 1               .proc	_nbox_token_matches: near
00027Br 1               
00027Br 1               .segment	"C_CODE"
00027Br 1               
00027Br 1  20 rr rr     	jsr     pushax
00027Er 1  20 rr rr     	jsr     decsp2
000281r 1  A9 00        	lda     #$00
000283r 1  92 rr        	sta     (c_sp)
000285r 1  A0 01        	ldy     #$01
000287r 1  91 rr        	sta     (c_sp),y
000289r 1  80 64        	bra     L0007
00028Br 1  A0 02        L0002:	ldy     #$02
00028Dr 1  B1 rr        	lda     (c_sp),y
00028Fr 1  18           	clc
000290r 1  72 rr        	adc     (c_sp)
000292r 1  85 rr        	sta     ptr1
000294r 1  C8           	iny
000295r 1  B1 rr        	lda     (c_sp),y
000297r 1  A0 01        	ldy     #$01
000299r 1  71 rr        	adc     (c_sp),y
00029Br 1  85 rr        	sta     ptr1+1
00029Dr 1  B2 rr        	lda     (ptr1)
00029Fr 1  D0 04        	bne     L0005
0002A1r 1  AA           	tax
0002A2r 1  4C rr rr     	jmp     incsp8
0002A5r 1  A0 06        L0005:	ldy     #$06
0002A7r 1  B1 rr        	lda     (c_sp),y
0002A9r 1  18           	clc
0002AAr 1  72 rr        	adc     (c_sp)
0002ACr 1  85 rr        	sta     ptr1
0002AEr 1  C8           	iny
0002AFr 1  B1 rr        	lda     (c_sp),y
0002B1r 1  A0 01        	ldy     #$01
0002B3r 1  71 rr        	adc     (c_sp),y
0002B5r 1  18           	clc
0002B6r 1  69 rr        	adc     #>(_nbox_line_buf)
0002B8r 1  85 rr        	sta     ptr1+1
0002BAr 1  A0 rr        	ldy     #<(_nbox_line_buf)
0002BCr 1  B1 rr        	lda     (ptr1),y
0002BEr 1  20 rr rr     	jsr     _nbox_upper
0002C1r 1  20 rr rr     	jsr     pushax
0002C4r 1  A0 04        	ldy     #$04
0002C6r 1  B1 rr        	lda     (c_sp),y
0002C8r 1  A0 02        	ldy     #$02
0002CAr 1  18           	clc
0002CBr 1  71 rr        	adc     (c_sp),y
0002CDr 1  85 rr        	sta     ptr1
0002CFr 1  A0 05        	ldy     #$05
0002D1r 1  B1 rr        	lda     (c_sp),y
0002D3r 1  A0 03        	ldy     #$03
0002D5r 1  71 rr        	adc     (c_sp),y
0002D7r 1  85 rr        	sta     ptr1+1
0002D9r 1  B2 rr        	lda     (ptr1)
0002DBr 1  20 rr rr     	jsr     tosicmp0
0002DEr 1  F0 06        	beq     L0006
0002E0r 1  A2 00        	ldx     #$00
0002E2r 1  8A           	txa
0002E3r 1  4C rr rr     	jmp     incsp8
0002E6r 1  A2 00        L0006:	ldx     #$00
0002E8r 1  A9 01        	lda     #$01
0002EAr 1  20 rr rr     	jsr     addeq0sp
0002EDr 1  A0 01        	ldy     #$01
0002EFr 1  B1 rr        L0007:	lda     (c_sp),y
0002F1r 1  AA           	tax
0002F2r 1  B2 rr        	lda     (c_sp)
0002F4r 1  A0 04        	ldy     #$04
0002F6r 1  D1 rr        	cmp     (c_sp),y
0002F8r 1  8A           	txa
0002F9r 1  C8           	iny
0002FAr 1  F1 rr        	sbc     (c_sp),y
0002FCr 1  90 8D        	bcc     L0002
0002FEr 1  A0 02        	ldy     #$02
000300r 1  B1 rr        	lda     (c_sp),y
000302r 1  18           	clc
000303r 1  72 rr        	adc     (c_sp)
000305r 1  85 rr        	sta     ptr1
000307r 1  C8           	iny
000308r 1  B1 rr        	lda     (c_sp),y
00030Ar 1  A0 01        	ldy     #$01
00030Cr 1  71 rr        	adc     (c_sp),y
00030Er 1  85 rr        	sta     ptr1+1
000310r 1  B2 rr        	lda     (ptr1)
000312r 1  20 rr rr     	jsr     booleq
000315r 1  4C rr rr     	jmp     incsp8
000318r 1               
000318r 1               .endproc
000318r 1               
000318r 1               ; ---------------------------------------------------------------
000318r 1               ; void __near__ nbox_make_context (unsigned int start, struct neox_applet_context *context)
000318r 1               ; ---------------------------------------------------------------
000318r 1               
000318r 1               .segment	"C_CODE"
000318r 1               
000318r 1               .proc	_nbox_make_context: near
000318r 1               
000318r 1               .segment	"C_CODE"
000318r 1               
000318r 1  20 rr rr     	jsr     pushax
00031Br 1  80 09        	bra     L0004
00031Dr 1  A0 02        L0002:	ldy     #$02
00031Fr 1  A2 00        	ldx     #$00
000321r 1  A9 01        	lda     #$01
000323r 1  20 rr rr     	jsr     addeqysp
000326r 1  A0 03        L0004:	ldy     #$03
000328r 1  B1 rr        	lda     (c_sp),y
00032Ar 1  AA           	tax
00032Br 1  88           	dey
00032Cr 1  B1 rr        	lda     (c_sp),y
00032Er 1  CD rr rr     	cmp     _nbox_line_len
000331r 1  8A           	txa
000332r 1  E9 00        	sbc     #$00
000334r 1  B0 1A        	bcs     L0008
000336r 1  C8           	iny
000337r 1  B1 rr        	lda     (c_sp),y
000339r 1  AA           	tax
00033Ar 1  88           	dey
00033Br 1  B1 rr        	lda     (c_sp),y
00033Dr 1  85 rr        	sta     ptr1
00033Fr 1  8A           	txa
000340r 1  18           	clc
000341r 1  69 rr        	adc     #>(_nbox_line_buf)
000343r 1  85 rr        	sta     ptr1+1
000345r 1  A0 rr        	ldy     #<(_nbox_line_buf)
000347r 1  B1 rr        	lda     (ptr1),y
000349r 1  20 rr rr     	jsr     _nbox_is_space
00034Cr 1  C9 00        	cmp     #$00
00034Er 1  D0 CD        	bne     L0002
000350r 1  A0 01        L0008:	ldy     #$01
000352r 1  B1 rr        	lda     (c_sp),y
000354r 1  85 rr        	sta     ptr1+1
000356r 1  B2 rr        	lda     (c_sp)
000358r 1  85 rr        	sta     ptr1
00035Ar 1  A0 03        	ldy     #$03
00035Cr 1  B1 rr        	lda     (c_sp),y
00035Er 1  AA           	tax
00035Fr 1  88           	dey
000360r 1  B1 rr        	lda     (c_sp),y
000362r 1  18           	clc
000363r 1  69 rr        	adc     #<(_nbox_line_buf)
000365r 1  A8           	tay
000366r 1  8A           	txa
000367r 1  69 rr        	adc     #>(_nbox_line_buf)
000369r 1  AA           	tax
00036Ar 1  98           	tya
00036Br 1  92 rr        	sta     (ptr1)
00036Dr 1  A0 01        	ldy     #$01
00036Fr 1  8A           	txa
000370r 1  91 rr        	sta     (ptr1),y
000372r 1  B1 rr        	lda     (c_sp),y
000374r 1  85 rr        	sta     ptr1+1
000376r 1  B2 rr        	lda     (c_sp)
000378r 1  85 rr        	sta     ptr1
00037Ar 1  AD rr rr     	lda     _nbox_line_len
00037Dr 1  38           	sec
00037Er 1  C8           	iny
00037Fr 1  F1 rr        	sbc     (c_sp),y
000381r 1  48           	pha
000382r 1  A9 00        	lda     #$00
000384r 1  C8           	iny
000385r 1  F1 rr        	sbc     (c_sp),y
000387r 1  AA           	tax
000388r 1  68           	pla
000389r 1  88           	dey
00038Ar 1  91 rr        	sta     (ptr1),y
00038Cr 1  C8           	iny
00038Dr 1  8A           	txa
00038Er 1  91 rr        	sta     (ptr1),y
000390r 1  4C rr rr     	jmp     incsp4
000393r 1               
000393r 1               .endproc
000393r 1               
000393r 1               ; ---------------------------------------------------------------
000393r 1               ; unsigned char __near__ nbox_find_launch_id (unsigned char launch_id)
000393r 1               ; ---------------------------------------------------------------
000393r 1               
000393r 1               .segment	"C_CODE"
000393r 1               
000393r 1               .proc	_nbox_find_launch_id: near
000393r 1               
000393r 1               .segment	"C_CODE"
000393r 1               
000393r 1  20 rr rr     	jsr     pusha
000396r 1  20 rr rr     	jsr     decsp1
000399r 1  A9 00        	lda     #$00
00039Br 1  92 rr        L0007:	sta     (c_sp)
00039Dr 1  A2 00        	ldx     #$00
00039Fr 1  B2 rr        	lda     (c_sp)
0003A1r 1  C9 0C        	cmp     #$0C
0003A3r 1  B0 23        	bcs     L0008
0003A5r 1  20 rr rr     	jsr     mulax6
0003A8r 1  18           	clc
0003A9r 1  69 rr        	adc     #<(_nbox_commands)
0003ABr 1  85 rr        	sta     ptr1
0003ADr 1  8A           	txa
0003AEr 1  69 rr        	adc     #>(_nbox_commands)
0003B0r 1  85 rr        	sta     ptr1+1
0003B2r 1  A0 02        	ldy     #$02
0003B4r 1  B1 rr        	lda     (ptr1),y
0003B6r 1  88           	dey
0003B7r 1  D1 rr        	cmp     (c_sp),y
0003B9r 1  D0 07        	bne     L0004
0003BBr 1  A2 00        	ldx     #$00
0003BDr 1  B2 rr        	lda     (c_sp)
0003BFr 1  4C rr rr     	jmp     incsp2
0003C2r 1  18           L0004:	clc
0003C3r 1  98           	tya
0003C4r 1  72 rr        	adc     (c_sp)
0003C6r 1  80 D3        	bra     L0007
0003C8r 1  A9 0C        L0008:	lda     #$0C
0003CAr 1  4C rr rr     	jmp     incsp2
0003CDr 1               
0003CDr 1               .endproc
0003CDr 1               
0003CDr 1               ; ---------------------------------------------------------------
0003CDr 1               ; unsigned char __near__ nbox_call_command (unsigned char command_index, const struct neox_applet_context *context)
0003CDr 1               ; ---------------------------------------------------------------
0003CDr 1               
0003CDr 1               .segment	"C_CODE"
0003CDr 1               
0003CDr 1               .proc	_nbox_call_command: near
0003CDr 1               
0003CDr 1               .segment	"C_CODE"
0003CDr 1               
0003CDr 1  20 rr rr     	jsr     pushax
0003D0r 1  A0 02        	ldy     #$02
0003D2r 1  B1 rr        	lda     (c_sp),y
0003D4r 1  C9 0C        	cmp     #$0C
0003D6r 1  A2 00        	ldx     #$00
0003D8r 1  90 0A        	bcc     L0004
0003DAr 1  20 rr rr     	jsr     _neosh_nbox_print_unknown
0003DDr 1  A2 00        	ldx     #$00
0003DFr 1  A9 06        	lda     #$06
0003E1r 1  4C rr rr     	jmp     incsp3
0003E4r 1  B1 rr        L0004:	lda     (c_sp),y
0003E6r 1  20 rr rr     	jsr     mulax6
0003E9r 1  18           	clc
0003EAr 1  69 rr        	adc     #<(_nbox_commands)
0003ECr 1  85 rr        	sta     ptr1
0003EEr 1  8A           	txa
0003EFr 1  69 rr        	adc     #>(_nbox_commands)
0003F1r 1  85 rr        	sta     ptr1+1
0003F3r 1  A0 05        	ldy     #$05
0003F5r 1  B1 rr        	lda     (ptr1),y
0003F7r 1  AA           	tax
0003F8r 1  88           	dey
0003F9r 1  B1 rr        	lda     (ptr1),y
0003FBr 1  20 rr rr     	jsr     pushax
0003FEr 1  A0 03        	ldy     #$03
000400r 1  B1 rr        	lda     (c_sp),y
000402r 1  AA           	tax
000403r 1  88           	dey
000404r 1  B1 rr        	lda     (c_sp),y
000406r 1  48           	pha
000407r 1  B2 rr        	lda     (c_sp)
000409r 1  8D rr rr     	sta     jmpvec+1
00040Cr 1  88           	dey
00040Dr 1  B1 rr        	lda     (c_sp),y
00040Fr 1  8D rr rr     	sta     jmpvec+2
000412r 1  68           	pla
000413r 1  20 rr rr     	jsr     jmpvec
000416r 1  4C rr rr     	jmp     incsp5
000419r 1               
000419r 1               .endproc
000419r 1               
000419r 1               
