ca65 V2.19 - Git cc3c40c
Main file   : out/user/applets/cat.s
Current file: out/user/applets/cat.s

000000r 1               ;
000000r 1               ; File generated by cc65 v 2.19 - Git cc3c40c
000000r 1               ;
000000r 1               	.fopt		compiler,"cc65 v 2.19 - Git cc3c40c"
000000r 1               	.setcpu		"65C02"
000000r 1               	.smart		on
000000r 1               	.autoimport	on
000000r 1               	.case		on
000000r 1               	.debuginfo	off
000000r 1               	.importzp	c_sp, sreg, regsave, regbank
000000r 1               	.importzp	tmp1, tmp2, tmp3, tmp4, ptr1, ptr2, ptr3, ptr4
000000r 1               	.macpack	longbranch
000000r 2               .macro  jeq     Target
000000r 2                       .if     .match(Target, 0)
000000r 2                       bne     *+5
000000r 2                       jmp     Target
000000r 2                       .elseif .def(Target) .and .const((*-2)-(Target)) .and ((*+2)-(Target) <= 127)
000000r 2                               beq     Target
000000r 2                       .else
000000r 2                               bne     *+5
000000r 2                               jmp     Target
000000r 2                       .endif
000000r 2               .endmacro
000000r 2               .macro  jne     Target
000000r 2                       .if     .match(Target, 0)
000000r 2                               beq     *+5
000000r 2                               jmp     Target
000000r 2                       .elseif .def(Target) .and .const((*-2)-(Target)) .and ((*+2)-(Target) <= 127)
000000r 2                               bne     Target
000000r 2                       .else
000000r 2                               beq     *+5
000000r 2                               jmp     Target
000000r 2                       .endif
000000r 2               .endmacro
000000r 2               .macro  jmi     Target
000000r 2                       .if     .match(Target, 0)
000000r 2                               bpl     *+5
000000r 2                               jmp     Target
000000r 2                       .elseif .def(Target) .and .const((*-2)-(Target)) .and ((*+2)-(Target) <= 127)
000000r 2                               bmi     Target
000000r 2                       .else
000000r 2                               bpl     *+5
000000r 2                               jmp     Target
000000r 2                       .endif
000000r 2               .endmacro
000000r 2               .macro  jpl     Target
000000r 2                       .if     .match(Target, 0)
000000r 2                               bmi     *+5
000000r 2                               jmp     Target
000000r 2                       .elseif .def(Target) .and .const((*-2)-(Target)) .and ((*+2)-(Target) <= 127)
000000r 2                               bpl     Target
000000r 2                       .else
000000r 2                               bmi     *+5
000000r 2                               jmp     Target
000000r 2                       .endif
000000r 2               .endmacro
000000r 2               .macro  jcs     Target
000000r 2                       .if     .match(Target, 0)
000000r 2                               bcc     *+5
000000r 2                               jmp     Target
000000r 2                       .elseif .def(Target) .and .const((*-2)-(Target)) .and ((*+2)-(Target) <= 127)
000000r 2                               bcs     Target
000000r 2                       .else
000000r 2                               bcc     *+5
000000r 2                               jmp     Target
000000r 2                       .endif
000000r 2               .endmacro
000000r 2               .macro  jcc     Target
000000r 2                       .if     .match(Target, 0)
000000r 2                               bcs     *+5
000000r 2                               jmp     Target
000000r 2                       .elseif .def(Target) .and .const((*-2)-(Target)) .and ((*+2)-(Target) <= 127)
000000r 2                               bcc     Target
000000r 2                       .else
000000r 2                               bcs     *+5
000000r 2                               jmp     Target
000000r 2                       .endif
000000r 2               .endmacro
000000r 2               .macro  jvs     Target
000000r 2                       .if     .match(Target, 0)
000000r 2                               bvc     *+5
000000r 2                               jmp     Target
000000r 2                       .elseif .def(Target) .and .const((*-2)-(Target)) .and ((*+2)-(Target) <= 127)
000000r 2                               bvs     Target
000000r 2                       .else
000000r 2                               bvc     *+5
000000r 2                               jmp     Target
000000r 2                       .endif
000000r 2               .endmacro
000000r 2               .macro  jvc     Target
000000r 2                       .if     .match(Target, 0)
000000r 2                               bvs     *+5
000000r 2                               jmp     Target
000000r 2                       .elseif .def(Target) .and .const((*-2)-(Target)) .and ((*+2)-(Target) <= 127)
000000r 2                               bvc     Target
000000r 2                       .else
000000r 2                               bvs     *+5
000000r 2                               jmp     Target
000000r 2                       .endif
000000r 2               .endmacro
000000r 2               
000000r 1               	.import		_neox_arg_cursor_init
000000r 1               	.import		_neox_arg_next
000000r 1               	.import		_neox_applet_write_all
000000r 1               	.import		_neox_applet_report
000000r 1               	.import		_neox_applet_copy_argument
000000r 1               	.import		_neox_open
000000r 1               	.import		_neox_read
000000r 1               	.import		_neox_close
000000r 1               	.export		_neox_applet_cat
000000r 1               
000000r 1               .segment	"C_RODATA"
000000r 1               
000000r 1               _cat_too_many_message:
000000r 1  63 61 74 3A  	.byte	$63,$61,$74,$3A,$20,$74,$6F,$6F,$20,$6D,$61,$6E,$79,$20,$61,$72
000004r 1  20 74 6F 6F  
000008r 1  20 6D 61 6E  
000010r 1  67 75 6D 65  	.byte	$67,$75,$6D,$65,$6E,$74,$73,$0D,$00
000014r 1  6E 74 73 0D  
000018r 1  00           
000019r 1               _cat_path_long_message:
000019r 1  63 61 74 3A  	.byte	$63,$61,$74,$3A,$20,$70,$61,$74,$68,$6E,$61,$6D,$65,$20,$74,$6F
00001Dr 1  20 70 61 74  
000021r 1  68 6E 61 6D  
000029r 1  6F 20 6C 6F  	.byte	$6F,$20,$6C,$6F,$6E,$67,$0D,$00
00002Dr 1  6E 67 0D 00  
000031r 1               _cat_open_message:
000031r 1  63 61 74 3A  	.byte	$63,$61,$74,$3A,$20,$63,$61,$6E,$6E,$6F,$74,$20,$6F,$70,$65,$6E
000035r 1  20 63 61 6E  
000039r 1  6E 6F 74 20  
000041r 1  20 66 69 6C  	.byte	$20,$66,$69,$6C,$65,$0D,$00
000045r 1  65 0D 00     
000048r 1               _cat_read_message:
000048r 1  63 61 74 3A  	.byte	$63,$61,$74,$3A,$20,$72,$65,$61,$64,$20,$65,$72,$72,$6F,$72,$0D
00004Cr 1  20 72 65 61  
000050r 1  64 20 65 72  
000058r 1  00           	.byte	$00
000059r 1               _cat_write_message:
000059r 1  63 61 74 3A  	.byte	$63,$61,$74,$3A,$20,$77,$72,$69,$74,$65,$20,$65,$72,$72,$6F,$72
00005Dr 1  20 77 72 69  
000061r 1  74 65 20 65  
000069r 1  0D 00        	.byte	$0D,$00
00006Br 1               _cat_close_message:
00006Br 1  63 61 74 3A  	.byte	$63,$61,$74,$3A,$20,$63,$6C,$6F,$73,$65,$20,$65,$72,$72,$6F,$72
00006Fr 1  20 63 6C 6F  
000073r 1  73 65 20 65  
00007Br 1  0D 00        	.byte	$0D,$00
00007Dr 1               
00007Dr 1               .segment	"C_BSS"
000000r 1               
000000r 1               .segment	"C_BSS"
000000r 1               _cat_path:
000000r 1  00 00 00 00  	.res	64,$00
000004r 1  00 00 00 00  
000008r 1  00 00 00 00  
000040r 1               _cat_buffer:
000040r 1  00 00 00 00  	.res	64,$00
000044r 1  00 00 00 00  
000048r 1  00 00 00 00  
000080r 1               
000080r 1               ; ---------------------------------------------------------------
000080r 1               ; unsigned char __near__ cat_copy_descriptor (unsigned char source_fd)
000080r 1               ; ---------------------------------------------------------------
000080r 1               
000080r 1               .segment	"C_CODE"
000000r 1               
000000r 1               .proc	_cat_copy_descriptor: near
000000r 1               
000000r 1               .segment	"C_CODE"
000000r 1               
000000r 1  20 rr rr     	jsr     pusha
000003r 1  20 rr rr     L0005:	jsr     decsp3
000006r 1  A0 01        	ldy     #$01
000008r 1  A9 00        	lda     #$00
00000Ar 1  91 rr        	sta     (c_sp),y
00000Cr 1  C8           	iny
00000Dr 1  91 rr        	sta     (c_sp),y
00000Fr 1  20 rr rr     	jsr     decsp5
000012r 1  A0 08        	ldy     #$08
000014r 1  B1 rr        	lda     (c_sp),y
000016r 1  A0 04        	ldy     #$04
000018r 1  91 rr        	sta     (c_sp),y
00001Ar 1  A9 rr        	lda     #<(_cat_buffer)
00001Cr 1  A0 02        	ldy     #$02
00001Er 1  91 rr        	sta     (c_sp),y
000020r 1  C8           	iny
000021r 1  A9 rr        	lda     #>(_cat_buffer)
000023r 1  91 rr        	sta     (c_sp),y
000025r 1  A9 40        	lda     #$40
000027r 1  92 rr        	sta     (c_sp)
000029r 1  A0 01        	ldy     #$01
00002Br 1  A9 00        	lda     #$00
00002Dr 1  91 rr        	sta     (c_sp),y
00002Fr 1  A5 rr        	lda     c_sp
000031r 1  A6 rr        	ldx     c_sp+1
000033r 1  18           	clc
000034r 1  69 06        	adc     #$06
000036r 1  90 01        	bcc     L0006
000038r 1  E8           	inx
000039r 1  20 rr rr     L0006:	jsr     _neox_read
00003Cr 1  92 rr        	sta     (c_sp)
00003Er 1  B2 rr        	lda     (c_sp)
000040r 1  F0 0E        	beq     L0007
000042r 1  A9 rr        	lda     #<(_cat_read_message)
000044r 1  A2 rr        	ldx     #>(_cat_read_message)
000046r 1  20 rr rr     	jsr     _neox_applet_report
000049r 1  A2 00        	ldx     #$00
00004Br 1  B2 rr        	lda     (c_sp)
00004Dr 1  4C rr rr     	jmp     incsp4
000050r 1  A0 01        L0007:	ldy     #$01
000052r 1  B1 rr        	lda     (c_sp),y
000054r 1  C8           	iny
000055r 1  11 rr        	ora     (c_sp),y
000057r 1  D0 04        	bne     L0008
000059r 1  AA           	tax
00005Ar 1  4C rr rr     	jmp     incsp4
00005Dr 1  20 rr rr     L0008:	jsr     decsp3
000060r 1  A9 01        	lda     #$01
000062r 1  91 rr        	sta     (c_sp),y
000064r 1  A9 rr        	lda     #<(_cat_buffer)
000066r 1  92 rr        	sta     (c_sp)
000068r 1  88           	dey
000069r 1  A9 rr        	lda     #>(_cat_buffer)
00006Br 1  91 rr        	sta     (c_sp),y
00006Dr 1  A0 05        	ldy     #$05
00006Fr 1  B1 rr        	lda     (c_sp),y
000071r 1  AA           	tax
000072r 1  88           	dey
000073r 1  B1 rr        	lda     (c_sp),y
000075r 1  20 rr rr     	jsr     _neox_applet_write_all
000078r 1  92 rr        	sta     (c_sp)
00007Ar 1  B2 rr        	lda     (c_sp)
00007Cr 1  F0 0E        	beq     L000A
00007Er 1  A9 rr        	lda     #<(_cat_write_message)
000080r 1  A2 rr        	ldx     #>(_cat_write_message)
000082r 1  20 rr rr     	jsr     _neox_applet_report
000085r 1  A2 00        	ldx     #$00
000087r 1  B2 rr        	lda     (c_sp)
000089r 1  4C rr rr     	jmp     incsp4
00008Cr 1  20 rr rr     L000A:	jsr     incsp3
00008Fr 1  4C rr rr     	jmp     L0005
000092r 1               
000092r 1               .endproc
000092r 1               
000092r 1               ; ---------------------------------------------------------------
000092r 1               ; unsigned char __near__ neox_applet_cat (const struct neox_applet_context *context)
000092r 1               ; ---------------------------------------------------------------
000092r 1               
000092r 1               .segment	"C_CODE"
000092r 1               
000092r 1               .proc	_neox_applet_cat: near
000092r 1               
000092r 1               .segment	"C_CODE"
000092r 1               
000092r 1  20 rr rr     	jsr     pushax
000095r 1  A0 11        	ldy     #$11
000097r 1  20 rr rr     	jsr     subysp
00009Ar 1  A5 rr        	lda     c_sp
00009Cr 1  A6 rr        	ldx     c_sp+1
00009Er 1  18           	clc
00009Fr 1  69 0B        	adc     #$0B
0000A1r 1  90 01        	bcc     L0002
0000A3r 1  E8           	inx
0000A4r 1  20 rr rr     L0002:	jsr     pushax
0000A7r 1  A0 14        	ldy     #$14
0000A9r 1  B1 rr        	lda     (c_sp),y
0000ABr 1  AA           	tax
0000ACr 1  88           	dey
0000ADr 1  B1 rr        	lda     (c_sp),y
0000AFr 1  20 rr rr     	jsr     _neox_arg_cursor_init
0000B2r 1  A5 rr        	lda     c_sp
0000B4r 1  A6 rr        	ldx     c_sp+1
0000B6r 1  18           	clc
0000B7r 1  69 0B        	adc     #$0B
0000B9r 1  90 01        	bcc     L0004
0000BBr 1  E8           	inx
0000BCr 1  20 rr rr     L0004:	jsr     pushax
0000BFr 1  A5 rr        	lda     c_sp
0000C1r 1  A6 rr        	ldx     c_sp+1
0000C3r 1  18           	clc
0000C4r 1  69 09        	adc     #$09
0000C6r 1  90 01        	bcc     L0005
0000C8r 1  E8           	inx
0000C9r 1  20 rr rr     L0005:	jsr     _neox_arg_next
0000CCr 1  C9 00        	cmp     #$00
0000CEr 1  D0 07        	bne     L0003
0000D0r 1  A0 02        	ldy     #$02
0000D2r 1  91 rr        	sta     (c_sp),y
0000D4r 1  4C rr rr     	jmp     L0018
0000D7r 1  A5 rr        L0003:	lda     c_sp
0000D9r 1  A6 rr        	ldx     c_sp+1
0000DBr 1  18           	clc
0000DCr 1  69 0B        	adc     #$0B
0000DEr 1  90 01        	bcc     L0008
0000E0r 1  E8           	inx
0000E1r 1  20 rr rr     L0008:	jsr     pushax
0000E4r 1  A5 rr        	lda     c_sp
0000E6r 1  A6 rr        	ldx     c_sp+1
0000E8r 1  18           	clc
0000E9r 1  69 05        	adc     #$05
0000EBr 1  90 01        	bcc     L0009
0000EDr 1  E8           	inx
0000EEr 1  20 rr rr     L0009:	jsr     _neox_arg_next
0000F1r 1  C9 00        	cmp     #$00
0000F3r 1  F0 0E        	beq     L0007
0000F5r 1  A9 rr        	lda     #<(_cat_too_many_message)
0000F7r 1  A2 rr        	ldx     #>(_cat_too_many_message)
0000F9r 1  20 rr rr     	jsr     _neox_applet_report
0000FCr 1  A2 00        	ldx     #$00
0000FEr 1  A9 06        	lda     #$06
000100r 1  4C rr rr     	jmp     L0001
000103r 1  20 rr rr     L0007:	jsr     decsp4
000106r 1  A5 rr        	lda     c_sp
000108r 1  A6 rr        	ldx     c_sp+1
00010Ar 1  18           	clc
00010Br 1  69 0B        	adc     #$0B
00010Dr 1  90 01        	bcc     L000A
00010Fr 1  E8           	inx
000110r 1  A0 02        L000A:	ldy     #$02
000112r 1  91 rr        	sta     (c_sp),y
000114r 1  C8           	iny
000115r 1  8A           	txa
000116r 1  91 rr        	sta     (c_sp),y
000118r 1  A9 rr        	lda     #<(_cat_path)
00011Ar 1  92 rr        	sta     (c_sp)
00011Cr 1  A0 01        	ldy     #$01
00011Er 1  A9 rr        	lda     #>(_cat_path)
000120r 1  91 rr        	sta     (c_sp),y
000122r 1  A2 00        	ldx     #$00
000124r 1  A9 40        	lda     #$40
000126r 1  20 rr rr     	jsr     _neox_applet_copy_argument
000129r 1  A0 01        	ldy     #$01
00012Br 1  91 rr        	sta     (c_sp),y
00012Dr 1  B1 rr        	lda     (c_sp),y
00012Fr 1  F0 09        	beq     L000B
000131r 1  A9 rr        	lda     #<(_cat_path_long_message)
000133r 1  A2 rr        	ldx     #>(_cat_path_long_message)
000135r 1  20 rr rr     	jsr     _neox_applet_report
000138r 1  80 66        	bra     L000E
00013Ar 1  20 rr rr     L000B:	jsr     decsp3
00013Dr 1  A9 rr        	lda     #<(_cat_path)
00013Fr 1  91 rr        	sta     (c_sp),y
000141r 1  C8           	iny
000142r 1  A9 rr        	lda     #>(_cat_path)
000144r 1  91 rr        	sta     (c_sp),y
000146r 1  A9 00        	lda     #$00
000148r 1  92 rr        	sta     (c_sp)
00014Ar 1  A5 rr        	lda     c_sp
00014Cr 1  A6 rr        	ldx     c_sp+1
00014Er 1  18           	clc
00014Fr 1  69 05        	adc     #$05
000151r 1  90 01        	bcc     L000C
000153r 1  E8           	inx
000154r 1  20 rr rr     L000C:	jsr     _neox_open
000157r 1  A0 01        	ldy     #$01
000159r 1  91 rr        	sta     (c_sp),y
00015Br 1  B1 rr        	lda     (c_sp),y
00015Dr 1  F0 09        	beq     L0015
00015Fr 1  A9 rr        	lda     #<(_cat_open_message)
000161r 1  A2 rr        	ldx     #>(_cat_open_message)
000163r 1  20 rr rr     	jsr     _neox_applet_report
000166r 1  80 38        	bra     L000E
000168r 1  98           L0015:	tya
000169r 1  92 rr        L0018:	sta     (c_sp)
00016Br 1  A0 02        	ldy     #$02
00016Dr 1  B1 rr        	lda     (c_sp),y
00016Fr 1  20 rr rr     	jsr     _cat_copy_descriptor
000172r 1  A0 01        	ldy     #$01
000174r 1  91 rr        	sta     (c_sp),y
000176r 1  B2 rr        	lda     (c_sp)
000178r 1  F0 26        	beq     L000E
00017Ar 1  20 rr rr     	jsr     decsp1
00017Dr 1  A0 03        	ldy     #$03
00017Fr 1  B1 rr        	lda     (c_sp),y
000181r 1  20 rr rr     	jsr     _neox_close
000184r 1  92 rr        	sta     (c_sp)
000186r 1  A0 02        	ldy     #$02
000188r 1  B1 rr        	lda     (c_sp),y
00018Ar 1  D0 11        	bne     L000F
00018Cr 1  B2 rr        	lda     (c_sp)
00018Er 1  F0 0D        	beq     L000F
000190r 1  A9 rr        	lda     #<(_cat_close_message)
000192r 1  A2 rr        	ldx     #>(_cat_close_message)
000194r 1  20 rr rr     	jsr     _neox_applet_report
000197r 1  B2 rr        	lda     (c_sp)
000199r 1  A0 02        	ldy     #$02
00019Br 1  91 rr        	sta     (c_sp),y
00019Dr 1  20 rr rr     L000F:	jsr     incsp1
0001A0r 1  A0 01        L000E:	ldy     #$01
0001A2r 1  A2 00        	ldx     #$00
0001A4r 1  B1 rr        	lda     (c_sp),y
0001A6r 1  A0 13        L0001:	ldy     #$13
0001A8r 1  4C rr rr     	jmp     addysp
0001ABr 1               
0001ABr 1               .endproc
0001ABr 1               
0001ABr 1               
