ca65 V2.19 - Git cc3c40c
Main file   : out/user/applets/cd.s
Current file: out/user/applets/cd.s

000000r 1               ;
000000r 1               ; File generated by cc65 v 2.19 - Git cc3c40c
000000r 1               ;
000000r 1               	.fopt		compiler,"cc65 v 2.19 - Git cc3c40c"
000000r 1               	.setcpu		"65C02"
000000r 1               	.smart		on
000000r 1               	.autoimport	on
000000r 1               	.case		on
000000r 1               	.debuginfo	off
000000r 1               	.importzp	c_sp, sreg, regsave, regbank
000000r 1               	.importzp	tmp1, tmp2, tmp3, tmp4, ptr1, ptr2, ptr3, ptr4
000000r 1               	.macpack	longbranch
000000r 2               .macro  jeq     Target
000000r 2                       .if     .match(Target, 0)
000000r 2                       bne     *+5
000000r 2                       jmp     Target
000000r 2                       .elseif .def(Target) .and .const((*-2)-(Target)) .and ((*+2)-(Target) <= 127)
000000r 2                               beq     Target
000000r 2                       .else
000000r 2                               bne     *+5
000000r 2                               jmp     Target
000000r 2                       .endif
000000r 2               .endmacro
000000r 2               .macro  jne     Target
000000r 2                       .if     .match(Target, 0)
000000r 2                               beq     *+5
000000r 2                               jmp     Target
000000r 2                       .elseif .def(Target) .and .const((*-2)-(Target)) .and ((*+2)-(Target) <= 127)
000000r 2                               bne     Target
000000r 2                       .else
000000r 2                               beq     *+5
000000r 2                               jmp     Target
000000r 2                       .endif
000000r 2               .endmacro
000000r 2               .macro  jmi     Target
000000r 2                       .if     .match(Target, 0)
000000r 2                               bpl     *+5
000000r 2                               jmp     Target
000000r 2                       .elseif .def(Target) .and .const((*-2)-(Target)) .and ((*+2)-(Target) <= 127)
000000r 2                               bmi     Target
000000r 2                       .else
000000r 2                               bpl     *+5
000000r 2                               jmp     Target
000000r 2                       .endif
000000r 2               .endmacro
000000r 2               .macro  jpl     Target
000000r 2                       .if     .match(Target, 0)
000000r 2                               bmi     *+5
000000r 2                               jmp     Target
000000r 2                       .elseif .def(Target) .and .const((*-2)-(Target)) .and ((*+2)-(Target) <= 127)
000000r 2                               bpl     Target
000000r 2                       .else
000000r 2                               bmi     *+5
000000r 2                               jmp     Target
000000r 2                       .endif
000000r 2               .endmacro
000000r 2               .macro  jcs     Target
000000r 2                       .if     .match(Target, 0)
000000r 2                               bcc     *+5
000000r 2                               jmp     Target
000000r 2                       .elseif .def(Target) .and .const((*-2)-(Target)) .and ((*+2)-(Target) <= 127)
000000r 2                               bcs     Target
000000r 2                       .else
000000r 2                               bcc     *+5
000000r 2                               jmp     Target
000000r 2                       .endif
000000r 2               .endmacro
000000r 2               .macro  jcc     Target
000000r 2                       .if     .match(Target, 0)
000000r 2                               bcs     *+5
000000r 2                               jmp     Target
000000r 2                       .elseif .def(Target) .and .const((*-2)-(Target)) .and ((*+2)-(Target) <= 127)
000000r 2                               bcc     Target
000000r 2                       .else
000000r 2                               bcs     *+5
000000r 2                               jmp     Target
000000r 2                       .endif
000000r 2               .endmacro
000000r 2               .macro  jvs     Target
000000r 2                       .if     .match(Target, 0)
000000r 2                               bvc     *+5
000000r 2                               jmp     Target
000000r 2                       .elseif .def(Target) .and .const((*-2)-(Target)) .and ((*+2)-(Target) <= 127)
000000r 2                               bvs     Target
000000r 2                       .else
000000r 2                               bvc     *+5
000000r 2                               jmp     Target
000000r 2                       .endif
000000r 2               .endmacro
000000r 2               .macro  jvc     Target
000000r 2                       .if     .match(Target, 0)
000000r 2                               bvs     *+5
000000r 2                               jmp     Target
000000r 2                       .elseif .def(Target) .and .const((*-2)-(Target)) .and ((*+2)-(Target) <= 127)
000000r 2                               bvc     Target
000000r 2                       .else
000000r 2                               bvs     *+5
000000r 2                               jmp     Target
000000r 2                       .endif
000000r 2               .endmacro
000000r 2               
000000r 1               	.import		_neox_arg_cursor_init
000000r 1               	.import		_neox_arg_next
000000r 1               	.import		_neox_applet_report
000000r 1               	.import		_neox_applet_copy_argument
000000r 1               	.import		_neox_chdir
000000r 1               	.export		_neox_applet_cd
000000r 1               
000000r 1               .segment	"C_RODATA"
000000r 1               
000000r 1               _cd_extra_message:
000000r 1  63 64 3A 20  	.byte	$63,$64,$3A,$20,$74,$6F,$6F,$20,$6D,$61,$6E,$79,$20,$61,$72,$67
000004r 1  74 6F 6F 20  
000008r 1  6D 61 6E 79  
000010r 1  75 6D 65 6E  	.byte	$75,$6D,$65,$6E,$74,$73,$0D,$00
000014r 1  74 73 0D 00  
000018r 1               _cd_not_found_message:
000018r 1  63 64 3A 20  	.byte	$63,$64,$3A,$20,$64,$69,$72,$65,$63,$74,$6F,$72,$79,$20,$64,$6F
00001Cr 1  64 69 72 65  
000020r 1  63 74 6F 72  
000028r 1  65 73 20 6E  	.byte	$65,$73,$20,$6E,$6F,$74,$20,$65,$78,$69,$73,$74,$0D,$00
00002Cr 1  6F 74 20 65  
000030r 1  78 69 73 74  
000036r 1               _cd_invalid_name_message:
000036r 1  63 64 3A 20  	.byte	$63,$64,$3A,$20,$69,$6E,$76,$61,$6C,$69,$64,$20,$64,$69,$72,$65
00003Ar 1  69 6E 76 61  
00003Er 1  6C 69 64 20  
000046r 1  63 74 6F 72  	.byte	$63,$74,$6F,$72,$79,$20,$6E,$61,$6D,$65,$0D,$00
00004Ar 1  79 20 6E 61  
00004Er 1  6D 65 0D 00  
000052r 1               _cd_failure_message:
000052r 1  63 64 3A 20  	.byte	$63,$64,$3A,$20,$63,$61,$6E,$6E,$6F,$74,$20,$63,$68,$61,$6E,$67
000056r 1  63 61 6E 6E  
00005Ar 1  6F 74 20 63  
000062r 1  65 20 64 69  	.byte	$65,$20,$64,$69,$72,$65,$63,$74,$6F,$72,$79,$0D,$00
000066r 1  72 65 63 74  
00006Ar 1  6F 72 79 0D  
00006Fr 1               
00006Fr 1               .segment	"C_BSS"
000000r 1               
000000r 1               .segment	"C_BSS"
000000r 1               _cd_path:
000000r 1  00 00 00 00  	.res	64,$00
000004r 1  00 00 00 00  
000008r 1  00 00 00 00  
000040r 1               
000040r 1               ; ---------------------------------------------------------------
000040r 1               ; unsigned char __near__ neox_applet_cd (const struct neox_applet_context *context)
000040r 1               ; ---------------------------------------------------------------
000040r 1               
000040r 1               .segment	"C_CODE"
000000r 1               
000000r 1               .proc	_neox_applet_cd: near
000000r 1               
000000r 1               .segment	"C_CODE"
000000r 1               
000000r 1  20 rr rr     	jsr     pushax
000003r 1  A0 0F        	ldy     #$0F
000005r 1  20 rr rr     	jsr     subysp
000008r 1  A5 rr        	lda     c_sp
00000Ar 1  A6 rr        	ldx     c_sp+1
00000Cr 1  18           	clc
00000Dr 1  69 09        	adc     #$09
00000Fr 1  90 01        	bcc     L0002
000011r 1  E8           	inx
000012r 1  20 rr rr     L0002:	jsr     pushax
000015r 1  A0 12        	ldy     #$12
000017r 1  B1 rr        	lda     (c_sp),y
000019r 1  AA           	tax
00001Ar 1  88           	dey
00001Br 1  B1 rr        	lda     (c_sp),y
00001Dr 1  20 rr rr     	jsr     _neox_arg_cursor_init
000020r 1  A5 rr        	lda     c_sp
000022r 1  A6 rr        	ldx     c_sp+1
000024r 1  18           	clc
000025r 1  69 09        	adc     #$09
000027r 1  90 01        	bcc     L0004
000029r 1  E8           	inx
00002Ar 1  20 rr rr     L0004:	jsr     pushax
00002Dr 1  A5 rr        	lda     c_sp
00002Fr 1  A6 rr        	ldx     c_sp+1
000031r 1  18           	clc
000032r 1  69 07        	adc     #$07
000034r 1  90 01        	bcc     L0005
000036r 1  E8           	inx
000037r 1  20 rr rr     L0005:	jsr     _neox_arg_next
00003Ar 1  C9 00        	cmp     #$00
00003Cr 1  D0 0A        	bne     L0003
00003Er 1  A9 2F        	lda     #$2F
000040r 1  8D rr rr     	sta     _cd_path
000043r 1  9C rr rr     	stz     _cd_path+1
000046r 1  80 5D        	bra     L000B
000048r 1  A5 rr        L0003:	lda     c_sp
00004Ar 1  A6 rr        	ldx     c_sp+1
00004Cr 1  18           	clc
00004Dr 1  69 09        	adc     #$09
00004Fr 1  90 01        	bcc     L0008
000051r 1  E8           	inx
000052r 1  20 rr rr     L0008:	jsr     pushax
000055r 1  A5 rr        	lda     c_sp
000057r 1  A6 rr        	ldx     c_sp+1
000059r 1  18           	clc
00005Ar 1  69 03        	adc     #$03
00005Cr 1  90 01        	bcc     L0009
00005Er 1  E8           	inx
00005Fr 1  20 rr rr     L0009:	jsr     _neox_arg_next
000062r 1  C9 00        	cmp     #$00
000064r 1  F0 0D        	beq     L0007
000066r 1  A9 rr        	lda     #<(_cd_extra_message)
000068r 1  A2 rr        	ldx     #>(_cd_extra_message)
00006Ar 1  20 rr rr     	jsr     _neox_applet_report
00006Dr 1  A2 00        	ldx     #$00
00006Fr 1  A9 06        	lda     #$06
000071r 1  80 62        	bra     L0001
000073r 1  20 rr rr     L0007:	jsr     decsp4
000076r 1  A5 rr        	lda     c_sp
000078r 1  A6 rr        	ldx     c_sp+1
00007Ar 1  18           	clc
00007Br 1  69 09        	adc     #$09
00007Dr 1  90 01        	bcc     L000A
00007Fr 1  E8           	inx
000080r 1  A0 02        L000A:	ldy     #$02
000082r 1  91 rr        	sta     (c_sp),y
000084r 1  C8           	iny
000085r 1  8A           	txa
000086r 1  91 rr        	sta     (c_sp),y
000088r 1  A9 rr        	lda     #<(_cd_path)
00008Ar 1  92 rr        	sta     (c_sp)
00008Cr 1  A0 01        	ldy     #$01
00008Er 1  A9 rr        	lda     #>(_cd_path)
000090r 1  91 rr        	sta     (c_sp),y
000092r 1  A2 00        	ldx     #$00
000094r 1  A9 40        	lda     #$40
000096r 1  20 rr rr     	jsr     _neox_applet_copy_argument
000099r 1  92 rr        	sta     (c_sp)
00009Br 1  B2 rr        	lda     (c_sp)
00009Dr 1  F0 06        	beq     L000B
00009Fr 1  A9 rr        	lda     #<(_cd_invalid_name_message)
0000A1r 1  A2 rr        	ldx     #>(_cd_invalid_name_message)
0000A3r 1  80 29        	bra     L0012
0000A5r 1  A9 rr        L000B:	lda     #<(_cd_path)
0000A7r 1  A2 rr        	ldx     #>(_cd_path)
0000A9r 1  20 rr rr     	jsr     _neox_chdir
0000ACr 1  92 rr        	sta     (c_sp)
0000AEr 1  A2 00        	ldx     #$00
0000B0r 1  B2 rr        	lda     (c_sp)
0000B2r 1  F0 1F        	beq     L0011
0000B4r 1  C9 02        	cmp     #$02
0000B6r 1  D0 06        	bne     L0014
0000B8r 1  A9 rr        	lda     #<(_cd_not_found_message)
0000BAr 1  A2 rr        	ldx     #>(_cd_not_found_message)
0000BCr 1  80 10        	bra     L0012
0000BEr 1  B2 rr        L0014:	lda     (c_sp)
0000C0r 1  C9 06        	cmp     #$06
0000C2r 1  D0 06        	bne     L000F
0000C4r 1  A9 rr        	lda     #<(_cd_invalid_name_message)
0000C6r 1  A2 rr        	ldx     #>(_cd_invalid_name_message)
0000C8r 1  80 04        	bra     L0012
0000CAr 1  A9 rr        L000F:	lda     #<(_cd_failure_message)
0000CCr 1  A2 rr        	ldx     #>(_cd_failure_message)
0000CEr 1  20 rr rr     L0012:	jsr     _neox_applet_report
0000D1r 1  A2 00        	ldx     #$00
0000D3r 1  B2 rr        L0011:	lda     (c_sp)
0000D5r 1  A0 11        L0001:	ldy     #$11
0000D7r 1  4C rr rr     	jmp     addysp
0000DAr 1               
0000DAr 1               .endproc
0000DAr 1               
0000DAr 1               
