ca65 V2.19 - Git cc3c40c
Main file   : out/user/applets/cp.s
Current file: out/user/applets/cp.s

000000r 1               ;
000000r 1               ; File generated by cc65 v 2.19 - Git cc3c40c
000000r 1               ;
000000r 1               	.fopt		compiler,"cc65 v 2.19 - Git cc3c40c"
000000r 1               	.setcpu		"65C02"
000000r 1               	.smart		on
000000r 1               	.autoimport	on
000000r 1               	.case		on
000000r 1               	.debuginfo	off
000000r 1               	.importzp	c_sp, sreg, regsave, regbank
000000r 1               	.importzp	tmp1, tmp2, tmp3, tmp4, ptr1, ptr2, ptr3, ptr4
000000r 1               	.macpack	longbranch
000000r 2               .macro  jeq     Target
000000r 2                       .if     .match(Target, 0)
000000r 2                       bne     *+5
000000r 2                       jmp     Target
000000r 2                       .elseif .def(Target) .and .const((*-2)-(Target)) .and ((*+2)-(Target) <= 127)
000000r 2                               beq     Target
000000r 2                       .else
000000r 2                               bne     *+5
000000r 2                               jmp     Target
000000r 2                       .endif
000000r 2               .endmacro
000000r 2               .macro  jne     Target
000000r 2                       .if     .match(Target, 0)
000000r 2                               beq     *+5
000000r 2                               jmp     Target
000000r 2                       .elseif .def(Target) .and .const((*-2)-(Target)) .and ((*+2)-(Target) <= 127)
000000r 2                               bne     Target
000000r 2                       .else
000000r 2                               beq     *+5
000000r 2                               jmp     Target
000000r 2                       .endif
000000r 2               .endmacro
000000r 2               .macro  jmi     Target
000000r 2                       .if     .match(Target, 0)
000000r 2                               bpl     *+5
000000r 2                               jmp     Target
000000r 2                       .elseif .def(Target) .and .const((*-2)-(Target)) .and ((*+2)-(Target) <= 127)
000000r 2                               bmi     Target
000000r 2                       .else
000000r 2                               bpl     *+5
000000r 2                               jmp     Target
000000r 2                       .endif
000000r 2               .endmacro
000000r 2               .macro  jpl     Target
000000r 2                       .if     .match(Target, 0)
000000r 2                               bmi     *+5
000000r 2                               jmp     Target
000000r 2                       .elseif .def(Target) .and .const((*-2)-(Target)) .and ((*+2)-(Target) <= 127)
000000r 2                               bpl     Target
000000r 2                       .else
000000r 2                               bmi     *+5
000000r 2                               jmp     Target
000000r 2                       .endif
000000r 2               .endmacro
000000r 2               .macro  jcs     Target
000000r 2                       .if     .match(Target, 0)
000000r 2                               bcc     *+5
000000r 2                               jmp     Target
000000r 2                       .elseif .def(Target) .and .const((*-2)-(Target)) .and ((*+2)-(Target) <= 127)
000000r 2                               bcs     Target
000000r 2                       .else
000000r 2                               bcc     *+5
000000r 2                               jmp     Target
000000r 2                       .endif
000000r 2               .endmacro
000000r 2               .macro  jcc     Target
000000r 2                       .if     .match(Target, 0)
000000r 2                               bcs     *+5
000000r 2                               jmp     Target
000000r 2                       .elseif .def(Target) .and .const((*-2)-(Target)) .and ((*+2)-(Target) <= 127)
000000r 2                               bcc     Target
000000r 2                       .else
000000r 2                               bcs     *+5
000000r 2                               jmp     Target
000000r 2                       .endif
000000r 2               .endmacro
000000r 2               .macro  jvs     Target
000000r 2                       .if     .match(Target, 0)
000000r 2                               bvc     *+5
000000r 2                               jmp     Target
000000r 2                       .elseif .def(Target) .and .const((*-2)-(Target)) .and ((*+2)-(Target) <= 127)
000000r 2                               bvs     Target
000000r 2                       .else
000000r 2                               bvc     *+5
000000r 2                               jmp     Target
000000r 2                       .endif
000000r 2               .endmacro
000000r 2               .macro  jvc     Target
000000r 2                       .if     .match(Target, 0)
000000r 2                               bvs     *+5
000000r 2                               jmp     Target
000000r 2                       .elseif .def(Target) .and .const((*-2)-(Target)) .and ((*+2)-(Target) <= 127)
000000r 2                               bvc     Target
000000r 2                       .else
000000r 2                               bvs     *+5
000000r 2                               jmp     Target
000000r 2                       .endif
000000r 2               .endmacro
000000r 2               
000000r 1               	.import		_neox_arg_cursor_init
000000r 1               	.import		_neox_arg_next
000000r 1               	.import		_neox_applet_write_all
000000r 1               	.import		_neox_applet_report
000000r 1               	.import		_neox_applet_copy_argument
000000r 1               	.import		_neox_open
000000r 1               	.import		_neox_read
000000r 1               	.import		_neox_close
000000r 1               	.export		_neox_applet_cp
000000r 1               
000000r 1               .segment	"C_RODATA"
000000r 1               
000000r 1               _cp_missing_message:
000000r 1  63 70 3A 20  	.byte	$63,$70,$3A,$20,$73,$6F,$75,$72,$63,$65,$20,$61,$6E,$64,$20,$64
000004r 1  73 6F 75 72  
000008r 1  63 65 20 61  
000010r 1  65 73 74 69  	.byte	$65,$73,$74,$69,$6E,$61,$74,$69,$6F,$6E,$20,$72,$65,$71,$75,$69
000014r 1  6E 61 74 69  
000018r 1  6F 6E 20 72  
000020r 1  72 65 64 0D  	.byte	$72,$65,$64,$0D,$00
000024r 1  00           
000025r 1               _cp_extra_message:
000025r 1  63 70 3A 20  	.byte	$63,$70,$3A,$20,$74,$6F,$6F,$20,$6D,$61,$6E,$79,$20,$61,$72,$67
000029r 1  74 6F 6F 20  
00002Dr 1  6D 61 6E 79  
000035r 1  75 6D 65 6E  	.byte	$75,$6D,$65,$6E,$74,$73,$0D,$00
000039r 1  74 73 0D 00  
00003Dr 1               _cp_source_missing_message:
00003Dr 1  63 70 3A 20  	.byte	$63,$70,$3A,$20,$73,$6F,$75,$72,$63,$65,$20,$64,$6F,$65,$73,$20
000041r 1  73 6F 75 72  
000045r 1  63 65 20 64  
00004Dr 1  6E 6F 74 20  	.byte	$6E,$6F,$74,$20,$65,$78,$69,$73,$74,$0D,$00
000051r 1  65 78 69 73  
000055r 1  74 0D 00     
000058r 1               _cp_invalid_name_message:
000058r 1  63 70 3A 20  	.byte	$63,$70,$3A,$20,$69,$6E,$76,$61,$6C,$69,$64,$20,$73,$6F,$75,$72
00005Cr 1  69 6E 76 61  
000060r 1  6C 69 64 20  
000068r 1  63 65 20 6F  	.byte	$63,$65,$20,$6F,$72,$20,$64,$65,$73,$74,$69,$6E,$61,$74,$69,$6F
00006Cr 1  72 20 64 65  
000070r 1  73 74 69 6E  
000078r 1  6E 20 6E 61  	.byte	$6E,$20,$6E,$61,$6D,$65,$0D,$00
00007Cr 1  6D 65 0D 00  
000080r 1               _cp_same_path_message:
000080r 1  63 70 3A 20  	.byte	$63,$70,$3A,$20,$73,$6F,$75,$72,$63,$65,$20,$61,$6E,$64,$20,$64
000084r 1  73 6F 75 72  
000088r 1  63 65 20 61  
000090r 1  65 73 74 69  	.byte	$65,$73,$74,$69,$6E,$61,$74,$69,$6F,$6E,$20,$61,$72,$65,$20,$74
000094r 1  6E 61 74 69  
000098r 1  6F 6E 20 61  
0000A0r 1  68 65 20 73  	.byte	$68,$65,$20,$73,$61,$6D,$65,$0D,$00
0000A4r 1  61 6D 65 0D  
0000A8r 1  00           
0000A9r 1               _cp_open_source_message:
0000A9r 1  63 70 3A 20  	.byte	$63,$70,$3A,$20,$63,$61,$6E,$6E,$6F,$74,$20,$6F,$70,$65,$6E,$20
0000ADr 1  63 61 6E 6E  
0000B1r 1  6F 74 20 6F  
0000B9r 1  73 6F 75 72  	.byte	$73,$6F,$75,$72,$63,$65,$0D,$00
0000BDr 1  63 65 0D 00  
0000C1r 1               _cp_open_destination_message:
0000C1r 1  63 70 3A 20  	.byte	$63,$70,$3A,$20,$63,$61,$6E,$6E,$6F,$74,$20,$63,$72,$65,$61,$74
0000C5r 1  63 61 6E 6E  
0000C9r 1  6F 74 20 63  
0000D1r 1  65 20 64 65  	.byte	$65,$20,$64,$65,$73,$74,$69,$6E,$61,$74,$69,$6F,$6E,$0D,$00
0000D5r 1  73 74 69 6E  
0000D9r 1  61 74 69 6F  
0000E0r 1               _cp_read_message:
0000E0r 1  63 70 3A 20  	.byte	$63,$70,$3A,$20,$72,$65,$61,$64,$20,$65,$72,$72,$6F,$72,$0D,$00
0000E4r 1  72 65 61 64  
0000E8r 1  20 65 72 72  
0000F0r 1               _cp_write_message:
0000F0r 1  63 70 3A 20  	.byte	$63,$70,$3A,$20,$77,$72,$69,$74,$65,$20,$65,$72,$72,$6F,$72,$0D
0000F4r 1  77 72 69 74  
0000F8r 1  65 20 65 72  
000100r 1  00           	.byte	$00
000101r 1               _cp_close_message:
000101r 1  63 70 3A 20  	.byte	$63,$70,$3A,$20,$63,$6C,$6F,$73,$65,$20,$65,$72,$72,$6F,$72,$0D
000105r 1  63 6C 6F 73  
000109r 1  65 20 65 72  
000111r 1  00           	.byte	$00
000112r 1               
000112r 1               .segment	"C_BSS"
000000r 1               
000000r 1               .segment	"C_BSS"
000000r 1               _cp_source_path:
000000r 1  00 00 00 00  	.res	64,$00
000004r 1  00 00 00 00  
000008r 1  00 00 00 00  
000040r 1               _cp_destination_path:
000040r 1  00 00 00 00  	.res	64,$00
000044r 1  00 00 00 00  
000048r 1  00 00 00 00  
000080r 1               _cp_buffer:
000080r 1  00 00 00 00  	.res	64,$00
000084r 1  00 00 00 00  
000088r 1  00 00 00 00  
0000C0r 1               
0000C0r 1               ; ---------------------------------------------------------------
0000C0r 1               ; unsigned char __near__ cp_paths_equal (const char *first, const char *second)
0000C0r 1               ; ---------------------------------------------------------------
0000C0r 1               
0000C0r 1               .segment	"C_CODE"
000000r 1               
000000r 1               .proc	_cp_paths_equal: near
000000r 1               
000000r 1               .segment	"C_CODE"
000000r 1               
000000r 1  20 rr rr     	jsr     pushax
000003r 1  20 rr rr     	jsr     decsp2
000006r 1  A9 00        	lda     #$00
000008r 1  92 rr        	sta     (c_sp)
00000Ar 1  A0 01        	ldy     #$01
00000Cr 1  91 rr        	sta     (c_sp),y
00000Er 1  A0 04        L0005:	ldy     #$04
000010r 1  B1 rr        	lda     (c_sp),y
000012r 1  18           	clc
000013r 1  72 rr        	adc     (c_sp)
000015r 1  85 rr        	sta     ptr1
000017r 1  C8           	iny
000018r 1  B1 rr        	lda     (c_sp),y
00001Ar 1  A0 01        	ldy     #$01
00001Cr 1  71 rr        	adc     (c_sp),y
00001Er 1  85 rr        	sta     ptr1+1
000020r 1  B2 rr        	lda     (ptr1)
000022r 1  85 rr        	sta     sreg
000024r 1  C8           	iny
000025r 1  B1 rr        	lda     (c_sp),y
000027r 1  18           	clc
000028r 1  72 rr        	adc     (c_sp)
00002Ar 1  85 rr        	sta     ptr1
00002Cr 1  C8           	iny
00002Dr 1  B1 rr        	lda     (c_sp),y
00002Fr 1  A0 01        	ldy     #$01
000031r 1  71 rr        	adc     (c_sp),y
000033r 1  85 rr        	sta     ptr1+1
000035r 1  B2 rr        	lda     (ptr1)
000037r 1  C5 rr        	cmp     sreg
000039r 1  F0 06        	beq     L0006
00003Br 1  A2 00        	ldx     #$00
00003Dr 1  8A           	txa
00003Er 1  4C rr rr     	jmp     incsp6
000041r 1  A0 04        L0006:	ldy     #$04
000043r 1  B1 rr        	lda     (c_sp),y
000045r 1  18           	clc
000046r 1  72 rr        	adc     (c_sp)
000048r 1  85 rr        	sta     ptr1
00004Ar 1  C8           	iny
00004Br 1  B1 rr        	lda     (c_sp),y
00004Dr 1  A0 01        	ldy     #$01
00004Fr 1  71 rr        	adc     (c_sp),y
000051r 1  85 rr        	sta     ptr1+1
000053r 1  A2 00        	ldx     #$00
000055r 1  B2 rr        	lda     (ptr1)
000057r 1  D0 04        	bne     L0009
000059r 1  98           	tya
00005Ar 1  4C rr rr     	jmp     incsp6
00005Dr 1  98           L0009:	tya
00005Er 1  20 rr rr     	jsr     addeq0sp
000061r 1  80 AB        	bra     L0005
000063r 1               
000063r 1               .endproc
000063r 1               
000063r 1               ; ---------------------------------------------------------------
000063r 1               ; void __near__ cp_close_after_failure (unsigned char source_fd, unsigned char source_open, unsigned char destination_fd, unsigned char destination_open)
000063r 1               ; ---------------------------------------------------------------
000063r 1               
000063r 1               .segment	"C_CODE"
000063r 1               
000063r 1               .proc	_cp_close_after_failure: near
000063r 1               
000063r 1               .segment	"C_CODE"
000063r 1               
000063r 1  20 rr rr     	jsr     pusha
000066r 1  A0 02        	ldy     #$02
000068r 1  B1 rr        	lda     (c_sp),y
00006Ar 1  F0 06        	beq     L0002
00006Cr 1  C8           	iny
00006Dr 1  B1 rr        	lda     (c_sp),y
00006Fr 1  20 rr rr     	jsr     _neox_close
000072r 1  B2 rr        L0002:	lda     (c_sp)
000074r 1  F0 07        	beq     L0003
000076r 1  A0 01        	ldy     #$01
000078r 1  B1 rr        	lda     (c_sp),y
00007Ar 1  20 rr rr     	jsr     _neox_close
00007Dr 1  4C rr rr     L0003:	jmp     incsp4
000080r 1               
000080r 1               .endproc
000080r 1               
000080r 1               ; ---------------------------------------------------------------
000080r 1               ; unsigned char __near__ neox_applet_cp (const struct neox_applet_context *context)
000080r 1               ; ---------------------------------------------------------------
000080r 1               
000080r 1               .segment	"C_CODE"
000080r 1               
000080r 1               .proc	_neox_applet_cp: near
000080r 1               
000080r 1               .segment	"C_CODE"
000080r 1               
000080r 1  20 rr rr     	jsr     pushax
000083r 1  A0 18        	ldy     #$18
000085r 1  20 rr rr     	jsr     subysp
000088r 1  A9 00        	lda     #$00
00008Ar 1  A0 01        	ldy     #$01
00008Cr 1  91 rr        	sta     (c_sp),y
00008Er 1  92 rr        	sta     (c_sp)
000090r 1  A5 rr        	lda     c_sp
000092r 1  A6 rr        	ldx     c_sp+1
000094r 1  18           	clc
000095r 1  69 12        	adc     #$12
000097r 1  90 01        	bcc     L0002
000099r 1  E8           	inx
00009Ar 1  20 rr rr     L0002:	jsr     pushax
00009Dr 1  A0 1B        	ldy     #$1B
00009Fr 1  B1 rr        	lda     (c_sp),y
0000A1r 1  AA           	tax
0000A2r 1  88           	dey
0000A3r 1  B1 rr        	lda     (c_sp),y
0000A5r 1  20 rr rr     	jsr     _neox_arg_cursor_init
0000A8r 1  A5 rr        	lda     c_sp
0000AAr 1  A6 rr        	ldx     c_sp+1
0000ACr 1  18           	clc
0000ADr 1  69 12        	adc     #$12
0000AFr 1  90 01        	bcc     L0004
0000B1r 1  E8           	inx
0000B2r 1  20 rr rr     L0004:	jsr     pushax
0000B5r 1  A5 rr        	lda     c_sp
0000B7r 1  A6 rr        	ldx     c_sp+1
0000B9r 1  18           	clc
0000BAr 1  69 10        	adc     #$10
0000BCr 1  90 01        	bcc     L0005
0000BEr 1  E8           	inx
0000BFr 1  20 rr rr     L0005:	jsr     _neox_arg_next
0000C2r 1  C9 00        	cmp     #$00
0000C4r 1  D0 0E        	bne     L0003
0000C6r 1  A9 rr        	lda     #<(_cp_missing_message)
0000C8r 1  A2 rr        	ldx     #>(_cp_missing_message)
0000CAr 1  20 rr rr     	jsr     _neox_applet_report
0000CDr 1  A2 00        	ldx     #$00
0000CFr 1  A9 06        	lda     #$06
0000D1r 1  4C rr rr     	jmp     L0001
0000D4r 1  A5 rr        L0003:	lda     c_sp
0000D6r 1  A6 rr        	ldx     c_sp+1
0000D8r 1  18           	clc
0000D9r 1  69 12        	adc     #$12
0000DBr 1  90 01        	bcc     L0007
0000DDr 1  E8           	inx
0000DEr 1  20 rr rr     L0007:	jsr     pushax
0000E1r 1  A5 rr        	lda     c_sp
0000E3r 1  A6 rr        	ldx     c_sp+1
0000E5r 1  18           	clc
0000E6r 1  69 0C        	adc     #$0C
0000E8r 1  90 01        	bcc     L0008
0000EAr 1  E8           	inx
0000EBr 1  20 rr rr     L0008:	jsr     _neox_arg_next
0000EEr 1  C9 00        	cmp     #$00
0000F0r 1  D0 0E        	bne     L0006
0000F2r 1  A9 rr        	lda     #<(_cp_missing_message)
0000F4r 1  A2 rr        	ldx     #>(_cp_missing_message)
0000F6r 1  20 rr rr     	jsr     _neox_applet_report
0000F9r 1  A2 00        	ldx     #$00
0000FBr 1  A9 06        	lda     #$06
0000FDr 1  4C rr rr     	jmp     L0001
000100r 1  A5 rr        L0006:	lda     c_sp
000102r 1  A6 rr        	ldx     c_sp+1
000104r 1  18           	clc
000105r 1  69 12        	adc     #$12
000107r 1  90 01        	bcc     L000A
000109r 1  E8           	inx
00010Ar 1  20 rr rr     L000A:	jsr     pushax
00010Dr 1  A5 rr        	lda     c_sp
00010Fr 1  A6 rr        	ldx     c_sp+1
000111r 1  18           	clc
000112r 1  69 08        	adc     #$08
000114r 1  90 01        	bcc     L000B
000116r 1  E8           	inx
000117r 1  20 rr rr     L000B:	jsr     _neox_arg_next
00011Ar 1  C9 00        	cmp     #$00
00011Cr 1  F0 0E        	beq     L0009
00011Er 1  A9 rr        	lda     #<(_cp_extra_message)
000120r 1  A2 rr        	ldx     #>(_cp_extra_message)
000122r 1  20 rr rr     	jsr     _neox_applet_report
000125r 1  A2 00        	ldx     #$00
000127r 1  A9 06        	lda     #$06
000129r 1  4C rr rr     	jmp     L0001
00012Cr 1  20 rr rr     L0009:	jsr     decsp4
00012Fr 1  A5 rr        	lda     c_sp
000131r 1  A6 rr        	ldx     c_sp+1
000133r 1  18           	clc
000134r 1  69 12        	adc     #$12
000136r 1  90 01        	bcc     L000C
000138r 1  E8           	inx
000139r 1  A0 02        L000C:	ldy     #$02
00013Br 1  91 rr        	sta     (c_sp),y
00013Dr 1  C8           	iny
00013Er 1  8A           	txa
00013Fr 1  91 rr        	sta     (c_sp),y
000141r 1  A9 rr        	lda     #<(_cp_source_path)
000143r 1  92 rr        	sta     (c_sp)
000145r 1  A0 01        	ldy     #$01
000147r 1  A9 rr        	lda     #>(_cp_source_path)
000149r 1  91 rr        	sta     (c_sp),y
00014Br 1  A2 00        	ldx     #$00
00014Dr 1  A9 40        	lda     #$40
00014Fr 1  20 rr rr     	jsr     _neox_applet_copy_argument
000152r 1  A0 03        	ldy     #$03
000154r 1  91 rr        	sta     (c_sp),y
000156r 1  B1 rr        	lda     (c_sp),y
000158r 1  F0 0C        	beq     L000D
00015Ar 1  A9 rr        	lda     #<(_cp_invalid_name_message)
00015Cr 1  A2 rr        	ldx     #>(_cp_invalid_name_message)
00015Er 1  20 rr rr     	jsr     _neox_applet_report
000161r 1  A0 03        	ldy     #$03
000163r 1  4C rr rr     	jmp     L002E
000166r 1  20 rr rr     L000D:	jsr     decsp4
000169r 1  A5 rr        	lda     c_sp
00016Br 1  A6 rr        	ldx     c_sp+1
00016Dr 1  18           	clc
00016Er 1  69 0E        	adc     #$0E
000170r 1  90 01        	bcc     L000E
000172r 1  E8           	inx
000173r 1  88           L000E:	dey
000174r 1  91 rr        	sta     (c_sp),y
000176r 1  C8           	iny
000177r 1  8A           	txa
000178r 1  91 rr        	sta     (c_sp),y
00017Ar 1  A9 rr        	lda     #<(_cp_destination_path)
00017Cr 1  92 rr        	sta     (c_sp)
00017Er 1  A0 01        	ldy     #$01
000180r 1  A9 rr        	lda     #>(_cp_destination_path)
000182r 1  91 rr        	sta     (c_sp),y
000184r 1  A2 00        	ldx     #$00
000186r 1  A9 40        	lda     #$40
000188r 1  20 rr rr     	jsr     _neox_applet_copy_argument
00018Br 1  A0 03        	ldy     #$03
00018Dr 1  91 rr        	sta     (c_sp),y
00018Fr 1  B1 rr        	lda     (c_sp),y
000191r 1  F0 0C        	beq     L000F
000193r 1  A9 rr        	lda     #<(_cp_invalid_name_message)
000195r 1  A2 rr        	ldx     #>(_cp_invalid_name_message)
000197r 1  20 rr rr     	jsr     _neox_applet_report
00019Ar 1  A0 03        	ldy     #$03
00019Cr 1  4C rr rr     	jmp     L002E
00019Fr 1  A9 rr        L000F:	lda     #<(_cp_source_path)
0001A1r 1  A2 rr        	ldx     #>(_cp_source_path)
0001A3r 1  20 rr rr     	jsr     pushax
0001A6r 1  A9 rr        	lda     #<(_cp_destination_path)
0001A8r 1  A2 rr        	ldx     #>(_cp_destination_path)
0001AAr 1  20 rr rr     	jsr     _cp_paths_equal
0001ADr 1  C9 00        	cmp     #$00
0001AFr 1  F0 0E        	beq     L0010
0001B1r 1  A9 rr        	lda     #<(_cp_same_path_message)
0001B3r 1  A2 rr        	ldx     #>(_cp_same_path_message)
0001B5r 1  20 rr rr     	jsr     _neox_applet_report
0001B8r 1  A2 00        	ldx     #$00
0001BAr 1  A9 06        	lda     #$06
0001BCr 1  4C rr rr     	jmp     L0001
0001BFr 1  20 rr rr     L0010:	jsr     decsp3
0001C2r 1  A9 rr        	lda     #<(_cp_source_path)
0001C4r 1  A0 01        	ldy     #$01
0001C6r 1  91 rr        	sta     (c_sp),y
0001C8r 1  C8           	iny
0001C9r 1  A9 rr        	lda     #>(_cp_source_path)
0001CBr 1  91 rr        	sta     (c_sp),y
0001CDr 1  A9 00        	lda     #$00
0001CFr 1  92 rr        	sta     (c_sp)
0001D1r 1  A5 rr        	lda     c_sp
0001D3r 1  A6 rr        	ldx     c_sp+1
0001D5r 1  18           	clc
0001D6r 1  69 08        	adc     #$08
0001D8r 1  90 01        	bcc     L0011
0001DAr 1  E8           	inx
0001DBr 1  20 rr rr     L0011:	jsr     _neox_open
0001DEr 1  A0 03        	ldy     #$03
0001E0r 1  91 rr        	sta     (c_sp),y
0001E2r 1  B1 rr        	lda     (c_sp),y
0001E4r 1  F0 22        	beq     L002A
0001E6r 1  C9 02        	cmp     #$02
0001E8r 1  D0 06        	bne     L0029
0001EAr 1  A9 rr        	lda     #<(_cp_source_missing_message)
0001ECr 1  A2 rr        	ldx     #>(_cp_source_missing_message)
0001EEr 1  80 10        	bra     L0026
0001F0r 1  B1 rr        L0029:	lda     (c_sp),y
0001F2r 1  C9 06        	cmp     #$06
0001F4r 1  D0 06        	bne     L0015
0001F6r 1  A9 rr        	lda     #<(_cp_invalid_name_message)
0001F8r 1  A2 rr        	ldx     #>(_cp_invalid_name_message)
0001FAr 1  80 04        	bra     L0026
0001FCr 1  A9 rr        L0015:	lda     #<(_cp_open_source_message)
0001FEr 1  A2 rr        	ldx     #>(_cp_open_source_message)
000200r 1  20 rr rr     L0026:	jsr     _neox_applet_report
000203r 1  A0 03        	ldy     #$03
000205r 1  4C rr rr     	jmp     L002E
000208r 1  1A           L002A:	ina
000209r 1  A8           	tay
00020Ar 1  91 rr        	sta     (c_sp),y
00020Cr 1  20 rr rr     	jsr     decsp3
00020Fr 1  A9 rr        	lda     #<(_cp_destination_path)
000211r 1  91 rr        	sta     (c_sp),y
000213r 1  C8           	iny
000214r 1  A9 rr        	lda     #>(_cp_destination_path)
000216r 1  91 rr        	sta     (c_sp),y
000218r 1  A9 01        	lda     #$01
00021Ar 1  92 rr        	sta     (c_sp)
00021Cr 1  A5 rr        	lda     c_sp
00021Er 1  A6 rr        	ldx     c_sp+1
000220r 1  18           	clc
000221r 1  69 07        	adc     #$07
000223r 1  90 01        	bcc     L0017
000225r 1  E8           	inx
000226r 1  20 rr rr     L0017:	jsr     _neox_open
000229r 1  A0 03        	ldy     #$03
00022Br 1  91 rr        	sta     (c_sp),y
00022Dr 1  B1 rr        	lda     (c_sp),y
00022Fr 1  F0 36        	beq     L002B
000231r 1  C9 06        	cmp     #$06
000233r 1  D0 06        	bne     L0019
000235r 1  A9 rr        	lda     #<(_cp_invalid_name_message)
000237r 1  A2 rr        	ldx     #>(_cp_invalid_name_message)
000239r 1  80 04        	bra     L0027
00023Br 1  A9 rr        L0019:	lda     #<(_cp_open_destination_message)
00023Dr 1  A2 rr        	ldx     #>(_cp_open_destination_message)
00023Fr 1  20 rr rr     L0027:	jsr     _neox_applet_report
000242r 1  20 rr rr     	jsr     decsp3
000245r 1  A0 08        	ldy     #$08
000247r 1  B1 rr        	lda     (c_sp),y
000249r 1  A0 02        	ldy     #$02
00024Br 1  91 rr        	sta     (c_sp),y
00024Dr 1  A0 04        	ldy     #$04
00024Fr 1  B1 rr        	lda     (c_sp),y
000251r 1  A0 01        	ldy     #$01
000253r 1  91 rr        	sta     (c_sp),y
000255r 1  A0 07        	ldy     #$07
000257r 1  B1 rr        	lda     (c_sp),y
000259r 1  92 rr        	sta     (c_sp)
00025Br 1  A0 03        	ldy     #$03
00025Dr 1  B1 rr        	lda     (c_sp),y
00025Fr 1  20 rr rr     	jsr     _cp_close_after_failure
000262r 1  A0 03        	ldy     #$03
000264r 1  4C rr rr     	jmp     L002E
000267r 1  1A           L002B:	ina
000268r 1  92 rr        	sta     (c_sp)
00026Ar 1  20 rr rr     L001E:	jsr     decsp2
00026Dr 1  A9 00        	lda     #$00
00026Fr 1  92 rr        	sta     (c_sp)
000271r 1  A0 01        	ldy     #$01
000273r 1  91 rr        	sta     (c_sp),y
000275r 1  20 rr rr     	jsr     decsp5
000278r 1  A0 0C        	ldy     #$0C
00027Ar 1  B1 rr        	lda     (c_sp),y
00027Cr 1  A0 04        	ldy     #$04
00027Er 1  91 rr        	sta     (c_sp),y
000280r 1  A9 rr        	lda     #<(_cp_buffer)
000282r 1  A0 02        	ldy     #$02
000284r 1  91 rr        	sta     (c_sp),y
000286r 1  C8           	iny
000287r 1  A9 rr        	lda     #>(_cp_buffer)
000289r 1  91 rr        	sta     (c_sp),y
00028Br 1  A9 40        	lda     #$40
00028Dr 1  92 rr        	sta     (c_sp)
00028Fr 1  A0 01        	ldy     #$01
000291r 1  A9 00        	lda     #$00
000293r 1  91 rr        	sta     (c_sp),y
000295r 1  A5 rr        	lda     c_sp
000297r 1  A6 rr        	ldx     c_sp+1
000299r 1  18           	clc
00029Ar 1  69 05        	adc     #$05
00029Cr 1  90 01        	bcc     L001F
00029Er 1  E8           	inx
00029Fr 1  20 rr rr     L001F:	jsr     _neox_read
0002A2r 1  A0 05        	ldy     #$05
0002A4r 1  91 rr        	sta     (c_sp),y
0002A6r 1  B1 rr        	lda     (c_sp),y
0002A8r 1  F0 33        	beq     L0020
0002AAr 1  A9 rr        	lda     #<(_cp_read_message)
0002ACr 1  A2 rr        	ldx     #>(_cp_read_message)
0002AEr 1  20 rr rr     	jsr     _neox_applet_report
0002B1r 1  20 rr rr     	jsr     decsp3
0002B4r 1  A0 0A        	ldy     #$0A
0002B6r 1  B1 rr        	lda     (c_sp),y
0002B8r 1  A0 02        	ldy     #$02
0002BAr 1  91 rr        	sta     (c_sp),y
0002BCr 1  A0 06        	ldy     #$06
0002BEr 1  B1 rr        	lda     (c_sp),y
0002C0r 1  A0 01        	ldy     #$01
0002C2r 1  91 rr        	sta     (c_sp),y
0002C4r 1  A0 09        	ldy     #$09
0002C6r 1  B1 rr        	lda     (c_sp),y
0002C8r 1  92 rr        	sta     (c_sp)
0002CAr 1  A0 05        	ldy     #$05
0002CCr 1  B1 rr        	lda     (c_sp),y
0002CEr 1  20 rr rr     	jsr     _cp_close_after_failure
0002D1r 1  A0 05        	ldy     #$05
0002D3r 1  A2 00        	ldx     #$00
0002D5r 1  B1 rr        	lda     (c_sp),y
0002D7r 1  20 rr rr     	jsr     incsp2
0002DAr 1  4C rr rr     	jmp     L0001
0002DDr 1  B2 rr        L0020:	lda     (c_sp)
0002DFr 1  A0 01        	ldy     #$01
0002E1r 1  11 rr        	ora     (c_sp),y
0002E3r 1  D0 05        	bne     L0021
0002E5r 1  20 rr rr     	jsr     incsp2
0002E8r 1  80 5F        	bra     L001C
0002EAr 1  20 rr rr     L0021:	jsr     decsp3
0002EDr 1  A0 09        	ldy     #$09
0002EFr 1  B1 rr        	lda     (c_sp),y
0002F1r 1  A0 02        	ldy     #$02
0002F3r 1  91 rr        	sta     (c_sp),y
0002F5r 1  A9 rr        	lda     #<(_cp_buffer)
0002F7r 1  92 rr        	sta     (c_sp)
0002F9r 1  88           	dey
0002FAr 1  A9 rr        	lda     #>(_cp_buffer)
0002FCr 1  91 rr        	sta     (c_sp),y
0002FEr 1  A0 04        	ldy     #$04
000300r 1  B1 rr        	lda     (c_sp),y
000302r 1  AA           	tax
000303r 1  88           	dey
000304r 1  B1 rr        	lda     (c_sp),y
000306r 1  20 rr rr     	jsr     _neox_applet_write_all
000309r 1  A0 05        	ldy     #$05
00030Br 1  91 rr        	sta     (c_sp),y
00030Dr 1  B1 rr        	lda     (c_sp),y
00030Fr 1  F0 32        	beq     L0023
000311r 1  A9 rr        	lda     #<(_cp_write_message)
000313r 1  A2 rr        	ldx     #>(_cp_write_message)
000315r 1  20 rr rr     	jsr     _neox_applet_report
000318r 1  20 rr rr     	jsr     decsp3
00031Br 1  A0 0A        	ldy     #$0A
00031Dr 1  B1 rr        	lda     (c_sp),y
00031Fr 1  A0 02        	ldy     #$02
000321r 1  91 rr        	sta     (c_sp),y
000323r 1  A0 06        	ldy     #$06
000325r 1  B1 rr        	lda     (c_sp),y
000327r 1  A0 01        	ldy     #$01
000329r 1  91 rr        	sta     (c_sp),y
00032Br 1  A0 09        	ldy     #$09
00032Dr 1  B1 rr        	lda     (c_sp),y
00032Fr 1  92 rr        	sta     (c_sp)
000331r 1  A0 05        	ldy     #$05
000333r 1  B1 rr        	lda     (c_sp),y
000335r 1  20 rr rr     	jsr     _cp_close_after_failure
000338r 1  A0 05        	ldy     #$05
00033Ar 1  A2 00        	ldx     #$00
00033Cr 1  B1 rr        	lda     (c_sp),y
00033Er 1  20 rr rr     	jsr     incsp2
000341r 1  80 4E        	bra     L0001
000343r 1  20 rr rr     L0023:	jsr     incsp2
000346r 1  4C rr rr     	jmp     L001E
000349r 1  A0 05        L001C:	ldy     #$05
00034Br 1  B1 rr        	lda     (c_sp),y
00034Dr 1  20 rr rr     	jsr     _neox_close
000350r 1  A0 02        	ldy     #$02
000352r 1  91 rr        	sta     (c_sp),y
000354r 1  A9 00        	lda     #$00
000356r 1  88           	dey
000357r 1  91 rr        	sta     (c_sp),y
000359r 1  C8           	iny
00035Ar 1  B1 rr        	lda     (c_sp),y
00035Cr 1  F0 10        	beq     L0024
00035Er 1  A9 rr        	lda     #<(_cp_close_message)
000360r 1  A2 rr        	ldx     #>(_cp_close_message)
000362r 1  20 rr rr     	jsr     _neox_applet_report
000365r 1  A0 04        	ldy     #$04
000367r 1  B1 rr        	lda     (c_sp),y
000369r 1  20 rr rr     	jsr     _neox_close
00036Cr 1  80 1D        	bra     L002F
00036Er 1  A0 04        L0024:	ldy     #$04
000370r 1  B1 rr        	lda     (c_sp),y
000372r 1  20 rr rr     	jsr     _neox_close
000375r 1  A0 02        	ldy     #$02
000377r 1  91 rr        	sta     (c_sp),y
000379r 1  A9 00        	lda     #$00
00037Br 1  92 rr        	sta     (c_sp)
00037Dr 1  A0 02        	ldy     #$02
00037Fr 1  AA           	tax
000380r 1  B1 rr        	lda     (c_sp),y
000382r 1  F0 0D        	beq     L0001
000384r 1  A9 rr        	lda     #<(_cp_close_message)
000386r 1  A2 rr        	ldx     #>(_cp_close_message)
000388r 1  20 rr rr     	jsr     _neox_applet_report
00038Br 1  A0 02        L002F:	ldy     #$02
00038Dr 1  A2 00        L002E:	ldx     #$00
00038Fr 1  B1 rr        	lda     (c_sp),y
000391r 1  A0 1A        L0001:	ldy     #$1A
000393r 1  4C rr rr     	jmp     addysp
000396r 1               
000396r 1               .endproc
000396r 1               
000396r 1               
