ca65 V2.19 - Git cc3c40c
Main file   : out/user/applets/echo.s
Current file: out/user/applets/echo.s

000000r 1               ;
000000r 1               ; File generated by cc65 v 2.19 - Git cc3c40c
000000r 1               ;
000000r 1               	.fopt		compiler,"cc65 v 2.19 - Git cc3c40c"
000000r 1               	.setcpu		"65C02"
000000r 1               	.smart		on
000000r 1               	.autoimport	on
000000r 1               	.case		on
000000r 1               	.debuginfo	off
000000r 1               	.importzp	c_sp, sreg, regsave, regbank
000000r 1               	.importzp	tmp1, tmp2, tmp3, tmp4, ptr1, ptr2, ptr3, ptr4
000000r 1               	.macpack	longbranch
000000r 2               .macro  jeq     Target
000000r 2                       .if     .match(Target, 0)
000000r 2                       bne     *+5
000000r 2                       jmp     Target
000000r 2                       .elseif .def(Target) .and .const((*-2)-(Target)) .and ((*+2)-(Target) <= 127)
000000r 2                               beq     Target
000000r 2                       .else
000000r 2                               bne     *+5
000000r 2                               jmp     Target
000000r 2                       .endif
000000r 2               .endmacro
000000r 2               .macro  jne     Target
000000r 2                       .if     .match(Target, 0)
000000r 2                               beq     *+5
000000r 2                               jmp     Target
000000r 2                       .elseif .def(Target) .and .const((*-2)-(Target)) .and ((*+2)-(Target) <= 127)
000000r 2                               bne     Target
000000r 2                       .else
000000r 2                               beq     *+5
000000r 2                               jmp     Target
000000r 2                       .endif
000000r 2               .endmacro
000000r 2               .macro  jmi     Target
000000r 2                       .if     .match(Target, 0)
000000r 2                               bpl     *+5
000000r 2                               jmp     Target
000000r 2                       .elseif .def(Target) .and .const((*-2)-(Target)) .and ((*+2)-(Target) <= 127)
000000r 2                               bmi     Target
000000r 2                       .else
000000r 2                               bpl     *+5
000000r 2                               jmp     Target
000000r 2                       .endif
000000r 2               .endmacro
000000r 2               .macro  jpl     Target
000000r 2                       .if     .match(Target, 0)
000000r 2                               bmi     *+5
000000r 2                               jmp     Target
000000r 2                       .elseif .def(Target) .and .const((*-2)-(Target)) .and ((*+2)-(Target) <= 127)
000000r 2                               bpl     Target
000000r 2                       .else
000000r 2                               bmi     *+5
000000r 2                               jmp     Target
000000r 2                       .endif
000000r 2               .endmacro
000000r 2               .macro  jcs     Target
000000r 2                       .if     .match(Target, 0)
000000r 2                               bcc     *+5
000000r 2                               jmp     Target
000000r 2                       .elseif .def(Target) .and .const((*-2)-(Target)) .and ((*+2)-(Target) <= 127)
000000r 2                               bcs     Target
000000r 2                       .else
000000r 2                               bcc     *+5
000000r 2                               jmp     Target
000000r 2                       .endif
000000r 2               .endmacro
000000r 2               .macro  jcc     Target
000000r 2                       .if     .match(Target, 0)
000000r 2                               bcs     *+5
000000r 2                               jmp     Target
000000r 2                       .elseif .def(Target) .and .const((*-2)-(Target)) .and ((*+2)-(Target) <= 127)
000000r 2                               bcc     Target
000000r 2                       .else
000000r 2                               bcs     *+5
000000r 2                               jmp     Target
000000r 2                       .endif
000000r 2               .endmacro
000000r 2               .macro  jvs     Target
000000r 2                       .if     .match(Target, 0)
000000r 2                               bvc     *+5
000000r 2                               jmp     Target
000000r 2                       .elseif .def(Target) .and .const((*-2)-(Target)) .and ((*+2)-(Target) <= 127)
000000r 2                               bvs     Target
000000r 2                       .else
000000r 2                               bvc     *+5
000000r 2                               jmp     Target
000000r 2                       .endif
000000r 2               .endmacro
000000r 2               .macro  jvc     Target
000000r 2                       .if     .match(Target, 0)
000000r 2                               bvs     *+5
000000r 2                               jmp     Target
000000r 2                       .elseif .def(Target) .and .const((*-2)-(Target)) .and ((*+2)-(Target) <= 127)
000000r 2                               bvc     Target
000000r 2                       .else
000000r 2                               bvs     *+5
000000r 2                               jmp     Target
000000r 2                       .endif
000000r 2               .endmacro
000000r 2               
000000r 1               	.import		_neox_arg_cursor_init
000000r 1               	.import		_neox_arg_next
000000r 1               	.import		_neox_applet_write_all
000000r 1               	.export		_neox_applet_echo
000000r 1               
000000r 1               .segment	"C_RODATA"
000000r 1               
000000r 1               _echo_space:
000000r 1  20 00        	.byte	$20,$00
000002r 1               _echo_cr:
000002r 1  0D 00        	.byte	$0D,$00
000004r 1               
000004r 1               ; ---------------------------------------------------------------
000004r 1               ; unsigned char __near__ neox_applet_echo (const struct neox_applet_context *context)
000004r 1               ; ---------------------------------------------------------------
000004r 1               
000004r 1               .segment	"C_CODE"
000000r 1               
000000r 1               .proc	_neox_applet_echo: near
000000r 1               
000000r 1               .segment	"C_CODE"
000000r 1               
000000r 1  20 rr rr     	jsr     pushax
000003r 1  A0 0C        	ldy     #$0C
000005r 1  20 rr rr     	jsr     subysp
000008r 1  A5 rr        	lda     c_sp
00000Ar 1  A6 rr        	ldx     c_sp+1
00000Cr 1  18           	clc
00000Dr 1  69 06        	adc     #$06
00000Fr 1  90 01        	bcc     L0002
000011r 1  E8           	inx
000012r 1  20 rr rr     L0002:	jsr     pushax
000015r 1  A0 0F        	ldy     #$0F
000017r 1  B1 rr        	lda     (c_sp),y
000019r 1  AA           	tax
00001Ar 1  88           	dey
00001Br 1  B1 rr        	lda     (c_sp),y
00001Dr 1  20 rr rr     	jsr     _neox_arg_cursor_init
000020r 1  A9 00        	lda     #$00
000022r 1  80 5C        	bra     L000D
000024r 1  B2 rr        L0003:	lda     (c_sp)
000026r 1  F0 26        	beq     L0009
000028r 1  20 rr rr     	jsr     decsp3
00002Br 1  A9 01        	lda     #$01
00002Dr 1  A0 02        	ldy     #$02
00002Fr 1  91 rr        	sta     (c_sp),y
000031r 1  A9 rr        	lda     #<(_echo_space)
000033r 1  92 rr        	sta     (c_sp)
000035r 1  88           	dey
000036r 1  A9 rr        	lda     #>(_echo_space)
000038r 1  91 rr        	sta     (c_sp),y
00003Ar 1  A2 00        	ldx     #$00
00003Cr 1  98           	tya
00003Dr 1  20 rr rr     	jsr     _neox_applet_write_all
000040r 1  A0 01        	ldy     #$01
000042r 1  91 rr        	sta     (c_sp),y
000044r 1  B1 rr        	lda     (c_sp),y
000046r 1  F0 06        	beq     L0009
000048r 1  A2 00        	ldx     #$00
00004Ar 1  B1 rr        	lda     (c_sp),y
00004Cr 1  80 6A        	bra     L0001
00004Er 1  20 rr rr     L0009:	jsr     decsp3
000051r 1  A9 01        	lda     #$01
000053r 1  A0 02        	ldy     #$02
000055r 1  91 rr        	sta     (c_sp),y
000057r 1  A0 06        	ldy     #$06
000059r 1  B1 rr        	lda     (c_sp),y
00005Br 1  AA           	tax
00005Cr 1  88           	dey
00005Dr 1  B1 rr        	lda     (c_sp),y
00005Fr 1  92 rr        	sta     (c_sp)
000061r 1  A0 01        	ldy     #$01
000063r 1  8A           	txa
000064r 1  91 rr        	sta     (c_sp),y
000066r 1  A0 08        	ldy     #$08
000068r 1  B1 rr        	lda     (c_sp),y
00006Ar 1  AA           	tax
00006Br 1  88           	dey
00006Cr 1  B1 rr        	lda     (c_sp),y
00006Er 1  20 rr rr     	jsr     _neox_applet_write_all
000071r 1  A0 01        	ldy     #$01
000073r 1  91 rr        	sta     (c_sp),y
000075r 1  B1 rr        	lda     (c_sp),y
000077r 1  F0 06        	beq     L000C
000079r 1  A2 00        	ldx     #$00
00007Br 1  B1 rr        	lda     (c_sp),y
00007Dr 1  80 39        	bra     L0001
00007Fr 1  98           L000C:	tya
000080r 1  92 rr        L000D:	sta     (c_sp)
000082r 1  A5 rr        	lda     c_sp
000084r 1  A6 rr        	ldx     c_sp+1
000086r 1  18           	clc
000087r 1  69 06        	adc     #$06
000089r 1  90 01        	bcc     L0006
00008Br 1  E8           	inx
00008Cr 1  20 rr rr     L0006:	jsr     pushax
00008Fr 1  A5 rr        	lda     c_sp
000091r 1  A6 rr        	ldx     c_sp+1
000093r 1  18           	clc
000094r 1  69 04        	adc     #$04
000096r 1  90 01        	bcc     L0007
000098r 1  E8           	inx
000099r 1  20 rr rr     L0007:	jsr     _neox_arg_next
00009Cr 1  C9 00        	cmp     #$00
00009Er 1  D0 84        	bne     L0003
0000A0r 1  20 rr rr     	jsr     decsp3
0000A3r 1  A9 01        	lda     #$01
0000A5r 1  A0 02        	ldy     #$02
0000A7r 1  91 rr        	sta     (c_sp),y
0000A9r 1  A9 rr        	lda     #<(_echo_cr)
0000ABr 1  92 rr        	sta     (c_sp)
0000ADr 1  88           	dey
0000AEr 1  A9 rr        	lda     #>(_echo_cr)
0000B0r 1  91 rr        	sta     (c_sp),y
0000B2r 1  A2 00        	ldx     #$00
0000B4r 1  98           	tya
0000B5r 1  20 rr rr     	jsr     _neox_applet_write_all
0000B8r 1  A0 0E        L0001:	ldy     #$0E
0000BAr 1  4C rr rr     	jmp     addysp
0000BDr 1               
0000BDr 1               .endproc
0000BDr 1               
0000BDr 1               
