ca65 V2.19 - Git cc3c40c
Main file   : out/user/applets/kill.s
Current file: out/user/applets/kill.s

000000r 1               ;
000000r 1               ; File generated by cc65 v 2.19 - Git cc3c40c
000000r 1               ;
000000r 1               	.fopt		compiler,"cc65 v 2.19 - Git cc3c40c"
000000r 1               	.setcpu		"65C02"
000000r 1               	.smart		on
000000r 1               	.autoimport	on
000000r 1               	.case		on
000000r 1               	.debuginfo	off
000000r 1               	.importzp	c_sp, sreg, regsave, regbank
000000r 1               	.importzp	tmp1, tmp2, tmp3, tmp4, ptr1, ptr2, ptr3, ptr4
000000r 1               	.macpack	longbranch
000000r 2               .macro  jeq     Target
000000r 2                       .if     .match(Target, 0)
000000r 2                       bne     *+5
000000r 2                       jmp     Target
000000r 2                       .elseif .def(Target) .and .const((*-2)-(Target)) .and ((*+2)-(Target) <= 127)
000000r 2                               beq     Target
000000r 2                       .else
000000r 2                               bne     *+5
000000r 2                               jmp     Target
000000r 2                       .endif
000000r 2               .endmacro
000000r 2               .macro  jne     Target
000000r 2                       .if     .match(Target, 0)
000000r 2                               beq     *+5
000000r 2                               jmp     Target
000000r 2                       .elseif .def(Target) .and .const((*-2)-(Target)) .and ((*+2)-(Target) <= 127)
000000r 2                               bne     Target
000000r 2                       .else
000000r 2                               beq     *+5
000000r 2                               jmp     Target
000000r 2                       .endif
000000r 2               .endmacro
000000r 2               .macro  jmi     Target
000000r 2                       .if     .match(Target, 0)
000000r 2                               bpl     *+5
000000r 2                               jmp     Target
000000r 2                       .elseif .def(Target) .and .const((*-2)-(Target)) .and ((*+2)-(Target) <= 127)
000000r 2                               bmi     Target
000000r 2                       .else
000000r 2                               bpl     *+5
000000r 2                               jmp     Target
000000r 2                       .endif
000000r 2               .endmacro
000000r 2               .macro  jpl     Target
000000r 2                       .if     .match(Target, 0)
000000r 2                               bmi     *+5
000000r 2                               jmp     Target
000000r 2                       .elseif .def(Target) .and .const((*-2)-(Target)) .and ((*+2)-(Target) <= 127)
000000r 2                               bpl     Target
000000r 2                       .else
000000r 2                               bmi     *+5
000000r 2                               jmp     Target
000000r 2                       .endif
000000r 2               .endmacro
000000r 2               .macro  jcs     Target
000000r 2                       .if     .match(Target, 0)
000000r 2                               bcc     *+5
000000r 2                               jmp     Target
000000r 2                       .elseif .def(Target) .and .const((*-2)-(Target)) .and ((*+2)-(Target) <= 127)
000000r 2                               bcs     Target
000000r 2                       .else
000000r 2                               bcc     *+5
000000r 2                               jmp     Target
000000r 2                       .endif
000000r 2               .endmacro
000000r 2               .macro  jcc     Target
000000r 2                       .if     .match(Target, 0)
000000r 2                               bcs     *+5
000000r 2                               jmp     Target
000000r 2                       .elseif .def(Target) .and .const((*-2)-(Target)) .and ((*+2)-(Target) <= 127)
000000r 2                               bcc     Target
000000r 2                       .else
000000r 2                               bcs     *+5
000000r 2                               jmp     Target
000000r 2                       .endif
000000r 2               .endmacro
000000r 2               .macro  jvs     Target
000000r 2                       .if     .match(Target, 0)
000000r 2                               bvc     *+5
000000r 2                               jmp     Target
000000r 2                       .elseif .def(Target) .and .const((*-2)-(Target)) .and ((*+2)-(Target) <= 127)
000000r 2                               bvs     Target
000000r 2                       .else
000000r 2                               bvc     *+5
000000r 2                               jmp     Target
000000r 2                       .endif
000000r 2               .endmacro
000000r 2               .macro  jvc     Target
000000r 2                       .if     .match(Target, 0)
000000r 2                               bvs     *+5
000000r 2                               jmp     Target
000000r 2                       .elseif .def(Target) .and .const((*-2)-(Target)) .and ((*+2)-(Target) <= 127)
000000r 2                               bvc     Target
000000r 2                       .else
000000r 2                               bvs     *+5
000000r 2                               jmp     Target
000000r 2                       .endif
000000r 2               .endmacro
000000r 2               
000000r 1               	.import		_neox_arg_cursor_init
000000r 1               	.import		_neox_arg_next
000000r 1               	.import		_neox_applet_report
000000r 1               	.import		_neox_signal
000000r 1               	.export		_neox_applet_kill
000000r 1               
000000r 1               .segment	"C_RODATA"
000000r 1               
000000r 1               _kill_usage_message:
000000r 1  6B 69 6C 6C  	.byte	$6B,$69,$6C,$6C,$3A,$20,$75,$73,$61,$67,$65,$3A,$20,$6B,$69,$6C
000004r 1  3A 20 75 73  
000008r 1  61 67 65 3A  
000010r 1  6C 20 2D 53  	.byte	$6C,$20,$2D,$53,$49,$47,$4E,$41,$4C,$20,$50,$49,$44,$0D,$00
000014r 1  49 47 4E 41  
000018r 1  4C 20 50 49  
00001Fr 1               _kill_invalid_signal_message:
00001Fr 1  6B 69 6C 6C  	.byte	$6B,$69,$6C,$6C,$3A,$20,$69,$6E,$76,$61,$6C,$69,$64,$20,$73,$69
000023r 1  3A 20 69 6E  
000027r 1  76 61 6C 69  
00002Fr 1  67 6E 61 6C  	.byte	$67,$6E,$61,$6C,$0D,$00
000033r 1  0D 00        
000035r 1               _kill_invalid_pid_message:
000035r 1  6B 69 6C 6C  	.byte	$6B,$69,$6C,$6C,$3A,$20,$69,$6E,$76,$61,$6C,$69,$64,$20,$70,$69
000039r 1  3A 20 69 6E  
00003Dr 1  76 61 6C 69  
000045r 1  64 0D 00     	.byte	$64,$0D,$00
000048r 1               _kill_failed_message:
000048r 1  6B 69 6C 6C  	.byte	$6B,$69,$6C,$6C,$3A,$20,$73,$69,$67,$6E,$61,$6C,$20,$66,$61,$69
00004Cr 1  3A 20 73 69  
000050r 1  67 6E 61 6C  
000058r 1  6C 65 64 0D  	.byte	$6C,$65,$64,$0D,$00
00005Cr 1  00           
00005Dr 1               
00005Dr 1               ; ---------------------------------------------------------------
00005Dr 1               ; unsigned char __near__ kill_parse_decimal (const struct neox_arg *argument, unsigned char maximum, unsigned char *value_out)
00005Dr 1               ; ---------------------------------------------------------------
00005Dr 1               
00005Dr 1               .segment	"C_CODE"
000000r 1               
000000r 1               .proc	_kill_parse_decimal: near
000000r 1               
000000r 1               .segment	"C_CODE"
000000r 1               
000000r 1  20 rr rr     	jsr     pushax
000003r 1  20 rr rr     	jsr     decsp4
000006r 1  A0 08        	ldy     #$08
000008r 1  B1 rr        	lda     (c_sp),y
00000Ar 1  85 rr        	sta     ptr1+1
00000Cr 1  88           	dey
00000Dr 1  B1 rr        	lda     (c_sp),y
00000Fr 1  85 rr        	sta     ptr1
000011r 1  A0 03        	ldy     #$03
000013r 1  B1 rr        	lda     (ptr1),y
000015r 1  AA           	tax
000016r 1  88           	dey
000017r 1  B1 rr        	lda     (ptr1),y
000019r 1  E0 00        	cpx     #$00
00001Br 1  D0 07        	bne     L0002
00001Dr 1  C9 00        	cmp     #$00
00001Fr 1  D0 03 4C rr  	jeq     L0001
000023r 1  rr           
000024r 1  A9 00        L0002:	lda     #$00
000026r 1  92 rr        	sta     (c_sp)
000028r 1  88           	dey
000029r 1  91 rr        	sta     (c_sp),y
00002Br 1  C8           	iny
00002Cr 1  91 rr        	sta     (c_sp),y
00002Er 1  C8           	iny
00002Fr 1  91 rr        	sta     (c_sp),y
000031r 1  A0 05        L0004:	ldy     #$05
000033r 1  20 rr rr     	jsr     pushwysp
000036r 1  A0 0A        	ldy     #$0A
000038r 1  B1 rr        	lda     (c_sp),y
00003Ar 1  85 rr        	sta     ptr1+1
00003Cr 1  88           	dey
00003Dr 1  B1 rr        	lda     (c_sp),y
00003Fr 1  85 rr        	sta     ptr1
000041r 1  A0 03        	ldy     #$03
000043r 1  B1 rr        	lda     (ptr1),y
000045r 1  AA           	tax
000046r 1  88           	dey
000047r 1  B1 rr        	lda     (ptr1),y
000049r 1  20 rr rr     	jsr     tosicmp
00004Cr 1  90 03 4C rr  	jcs     L0005
000050r 1  rr           
000051r 1  20 rr rr     	jsr     decsp1
000054r 1  A0 09        	ldy     #$09
000056r 1  B1 rr        	lda     (c_sp),y
000058r 1  85 rr        	sta     ptr1+1
00005Ar 1  88           	dey
00005Br 1  B1 rr        	lda     (c_sp),y
00005Dr 1  85 rr        	sta     ptr1
00005Fr 1  A0 01        	ldy     #$01
000061r 1  B1 rr        	lda     (ptr1),y
000063r 1  AA           	tax
000064r 1  B2 rr        	lda     (ptr1)
000066r 1  85 rr        	sta     ptr1
000068r 1  86 rr        	stx     ptr1+1
00006Ar 1  A0 04        	ldy     #$04
00006Cr 1  B1 rr        	lda     (c_sp),y
00006Er 1  AA           	tax
00006Fr 1  88           	dey
000070r 1  B1 rr        	lda     (c_sp),y
000072r 1  18           	clc
000073r 1  65 rr        	adc     ptr1
000075r 1  85 rr        	sta     ptr1
000077r 1  8A           	txa
000078r 1  65 rr        	adc     ptr1+1
00007Ar 1  85 rr        	sta     ptr1+1
00007Cr 1  B2 rr        	lda     (ptr1)
00007Er 1  92 rr        	sta     (c_sp)
000080r 1  C9 30        	cmp     #$30
000082r 1  90 06        	bcc     L000D
000084r 1  B2 rr        	lda     (c_sp)
000086r 1  C9 3A        	cmp     #$3A
000088r 1  90 08        	bcc     L0008
00008Ar 1  A2 00        L000D:	ldx     #$00
00008Cr 1  8A           	txa
00008Dr 1  20 rr rr     	jsr     incsp1
000090r 1  80 60        	bra     L0001
000092r 1  88           L0008:	dey
000093r 1  B1 rr        	lda     (c_sp),y
000095r 1  AA           	tax
000096r 1  88           	dey
000097r 1  B1 rr        	lda     (c_sp),y
000099r 1  20 rr rr     	jsr     mulax10
00009Cr 1  85 rr        	sta     ptr1
00009Er 1  86 rr        	stx     ptr1+1
0000A0r 1  A2 00        	ldx     #$00
0000A2r 1  B2 rr        	lda     (c_sp)
0000A4r 1  38           	sec
0000A5r 1  E9 30        	sbc     #$30
0000A7r 1  B0 01        	bcs     L000B
0000A9r 1  CA           	dex
0000AAr 1  18           L000B:	clc
0000ABr 1  65 rr        	adc     ptr1
0000ADr 1  48           	pha
0000AEr 1  8A           	txa
0000AFr 1  65 rr        	adc     ptr1+1
0000B1r 1  AA           	tax
0000B2r 1  68           	pla
0000B3r 1  A0 01        	ldy     #$01
0000B5r 1  20 rr rr     	jsr     staxysp
0000B8r 1  38           	sec
0000B9r 1  A0 07        	ldy     #$07
0000BBr 1  F1 rr        	sbc     (c_sp),y
0000BDr 1  85 rr        	sta     tmp1
0000BFr 1  8A           	txa
0000C0r 1  E9 00        	sbc     #$00
0000C2r 1  05 rr        	ora     tmp1
0000C4r 1  90 0A        	bcc     L000C
0000C6r 1  F0 08        	beq     L000C
0000C8r 1  A2 00        	ldx     #$00
0000CAr 1  8A           	txa
0000CBr 1  20 rr rr     	jsr     incsp1
0000CEr 1  80 22        	bra     L0001
0000D0r 1  20 rr rr     L000C:	jsr     incsp1
0000D3r 1  A0 02        	ldy     #$02
0000D5r 1  A2 00        	ldx     #$00
0000D7r 1  A9 01        	lda     #$01
0000D9r 1  20 rr rr     	jsr     addeqysp
0000DCr 1  4C rr rr     	jmp     L0004
0000DFr 1  A0 05        L0005:	ldy     #$05
0000E1r 1  B1 rr        	lda     (c_sp),y
0000E3r 1  85 rr        	sta     ptr1+1
0000E5r 1  88           	dey
0000E6r 1  B1 rr        	lda     (c_sp),y
0000E8r 1  85 rr        	sta     ptr1
0000EAr 1  B2 rr        	lda     (c_sp)
0000ECr 1  92 rr        	sta     (ptr1)
0000EEr 1  A2 00        	ldx     #$00
0000F0r 1  A9 01        	lda     #$01
0000F2r 1  A0 09        L0001:	ldy     #$09
0000F4r 1  4C rr rr     	jmp     addysp
0000F7r 1               
0000F7r 1               .endproc
0000F7r 1               
0000F7r 1               ; ---------------------------------------------------------------
0000F7r 1               ; unsigned char __near__ kill_parse_signal (const struct neox_arg *argument, unsigned char *signal_out)
0000F7r 1               ; ---------------------------------------------------------------
0000F7r 1               
0000F7r 1               .segment	"C_CODE"
0000F7r 1               
0000F7r 1               .proc	_kill_parse_signal: near
0000F7r 1               
0000F7r 1               .segment	"C_CODE"
0000F7r 1               
0000F7r 1  20 rr rr     	jsr     pushax
0000FAr 1  20 rr rr     	jsr     decsp5
0000FDr 1  A0 08        	ldy     #$08
0000FFr 1  B1 rr        	lda     (c_sp),y
000101r 1  85 rr        	sta     ptr1+1
000103r 1  88           	dey
000104r 1  B1 rr        	lda     (c_sp),y
000106r 1  85 rr        	sta     ptr1
000108r 1  A0 03        	ldy     #$03
00010Ar 1  B1 rr        	lda     (ptr1),y
00010Cr 1  AA           	tax
00010Dr 1  88           	dey
00010Er 1  B1 rr        	lda     (ptr1),y
000110r 1  E0 00        	cpx     #$00
000112r 1  D0 02        	bne     L0003
000114r 1  C9 02        	cmp     #$02
000116r 1  90 1C        L0003:	bcc     L000F
000118r 1  A0 08        	ldy     #$08
00011Ar 1  B1 rr        	lda     (c_sp),y
00011Cr 1  85 rr        	sta     ptr1+1
00011Er 1  88           	dey
00011Fr 1  B1 rr        	lda     (c_sp),y
000121r 1  85 rr        	sta     ptr1
000123r 1  A0 01        	ldy     #$01
000125r 1  B1 rr        	lda     (ptr1),y
000127r 1  AA           	tax
000128r 1  B2 rr        	lda     (ptr1)
00012Ar 1  85 rr        	sta     ptr1
00012Cr 1  86 rr        	stx     ptr1+1
00012Er 1  B2 rr        	lda     (ptr1)
000130r 1  C9 2D        	cmp     #$2D
000132r 1  F0 06        	beq     L0002
000134r 1  A2 00        L000F:	ldx     #$00
000136r 1  8A           	txa
000137r 1  4C rr rr     	jmp     L0001
00013Ar 1  A0 08        L0002:	ldy     #$08
00013Cr 1  B1 rr        	lda     (c_sp),y
00013Er 1  85 rr        	sta     ptr1+1
000140r 1  88           	dey
000141r 1  B1 rr        	lda     (c_sp),y
000143r 1  85 rr        	sta     ptr1
000145r 1  A0 01        	ldy     #$01
000147r 1  B1 rr        	lda     (ptr1),y
000149r 1  AA           	tax
00014Ar 1  B2 rr        	lda     (ptr1)
00014Cr 1  1A           	ina
00014Dr 1  D0 01        	bne     L0006
00014Fr 1  E8           	inx
000150r 1  A0 01        L0006:	ldy     #$01
000152r 1  20 rr rr     	jsr     staxysp
000155r 1  A0 08        	ldy     #$08
000157r 1  B1 rr        	lda     (c_sp),y
000159r 1  85 rr        	sta     ptr1+1
00015Br 1  88           	dey
00015Cr 1  B1 rr        	lda     (c_sp),y
00015Er 1  85 rr        	sta     ptr1
000160r 1  A0 03        	ldy     #$03
000162r 1  B1 rr        	lda     (ptr1),y
000164r 1  AA           	tax
000165r 1  88           	dey
000166r 1  B1 rr        	lda     (ptr1),y
000168r 1  38           	sec
000169r 1  E9 01        	sbc     #$01
00016Br 1  B0 01        	bcs     L0007
00016Dr 1  CA           	dex
00016Er 1  C8           L0007:	iny
00016Fr 1  20 rr rr     	jsr     staxysp
000172r 1  20 rr rr     	jsr     decsp3
000175r 1  A5 rr        	lda     c_sp
000177r 1  A6 rr        	ldx     c_sp+1
000179r 1  18           	clc
00017Ar 1  69 04        	adc     #$04
00017Cr 1  90 01        	bcc     L0009
00017Er 1  E8           	inx
00017Fr 1  A0 01        L0009:	ldy     #$01
000181r 1  91 rr        	sta     (c_sp),y
000183r 1  C8           	iny
000184r 1  8A           	txa
000185r 1  91 rr        	sta     (c_sp),y
000187r 1  A9 13        	lda     #$13
000189r 1  92 rr        	sta     (c_sp)
00018Br 1  A5 rr        	lda     c_sp
00018Dr 1  A6 rr        	ldx     c_sp+1
00018Fr 1  18           	clc
000190r 1  69 03        	adc     #$03
000192r 1  90 01        	bcc     L000A
000194r 1  E8           	inx
000195r 1  20 rr rr     L000A:	jsr     _kill_parse_decimal
000198r 1  C9 00        	cmp     #$00
00019Ar 1  D0 03        	bne     L0008
00019Cr 1  AA           	tax
00019Dr 1  80 2A        	bra     L0001
00019Fr 1  B2 rr        L0008:	lda     (c_sp)
0001A1r 1  C9 02        	cmp     #$02
0001A3r 1  F0 11        	beq     L000B
0001A5r 1  C9 09        	cmp     #$09
0001A7r 1  F0 0D        	beq     L000B
0001A9r 1  C9 12        	cmp     #$12
0001ABr 1  F0 09        	beq     L000B
0001ADr 1  C9 13        	cmp     #$13
0001AFr 1  F0 05        	beq     L000B
0001B1r 1  A2 00        	ldx     #$00
0001B3r 1  8A           	txa
0001B4r 1  80 13        	bra     L0001
0001B6r 1  A0 06        L000B:	ldy     #$06
0001B8r 1  B1 rr        	lda     (c_sp),y
0001BAr 1  85 rr        	sta     ptr1+1
0001BCr 1  88           	dey
0001BDr 1  B1 rr        	lda     (c_sp),y
0001BFr 1  85 rr        	sta     ptr1
0001C1r 1  B2 rr        	lda     (c_sp)
0001C3r 1  92 rr        	sta     (ptr1)
0001C5r 1  A2 00        	ldx     #$00
0001C7r 1  A9 01        	lda     #$01
0001C9r 1  A0 09        L0001:	ldy     #$09
0001CBr 1  4C rr rr     	jmp     addysp
0001CEr 1               
0001CEr 1               .endproc
0001CEr 1               
0001CEr 1               ; ---------------------------------------------------------------
0001CEr 1               ; unsigned char __near__ neox_applet_kill (const struct neox_applet_context *context)
0001CEr 1               ; ---------------------------------------------------------------
0001CEr 1               
0001CEr 1               .segment	"C_CODE"
0001CEr 1               
0001CEr 1               .proc	_neox_applet_kill: near
0001CEr 1               
0001CEr 1               .segment	"C_CODE"
0001CEr 1               
0001CEr 1  20 rr rr     	jsr     pushax
0001D1r 1  A0 15        	ldy     #$15
0001D3r 1  20 rr rr     	jsr     subysp
0001D6r 1  A5 rr        	lda     c_sp
0001D8r 1  A6 rr        	ldx     c_sp+1
0001DAr 1  18           	clc
0001DBr 1  69 0F        	adc     #$0F
0001DDr 1  90 01        	bcc     L0002
0001DFr 1  E8           	inx
0001E0r 1  20 rr rr     L0002:	jsr     pushax
0001E3r 1  A0 18        	ldy     #$18
0001E5r 1  B1 rr        	lda     (c_sp),y
0001E7r 1  AA           	tax
0001E8r 1  88           	dey
0001E9r 1  B1 rr        	lda     (c_sp),y
0001EBr 1  20 rr rr     	jsr     _neox_arg_cursor_init
0001EEr 1  A5 rr        	lda     c_sp
0001F0r 1  A6 rr        	ldx     c_sp+1
0001F2r 1  18           	clc
0001F3r 1  69 0F        	adc     #$0F
0001F5r 1  90 01        	bcc     L0004
0001F7r 1  E8           	inx
0001F8r 1  20 rr rr     L0004:	jsr     pushax
0001FBr 1  A5 rr        	lda     c_sp
0001FDr 1  A6 rr        	ldx     c_sp+1
0001FFr 1  18           	clc
000200r 1  69 0D        	adc     #$0D
000202r 1  90 01        	bcc     L0005
000204r 1  E8           	inx
000205r 1  20 rr rr     L0005:	jsr     _neox_arg_next
000208r 1  C9 00        	cmp     #$00
00020Ar 1  F0 3C        	beq     L0006
00020Cr 1  A5 rr        	lda     c_sp
00020Er 1  A6 rr        	ldx     c_sp+1
000210r 1  18           	clc
000211r 1  69 0F        	adc     #$0F
000213r 1  90 01        	bcc     L0007
000215r 1  E8           	inx
000216r 1  20 rr rr     L0007:	jsr     pushax
000219r 1  A5 rr        	lda     c_sp
00021Br 1  A6 rr        	ldx     c_sp+1
00021Dr 1  18           	clc
00021Er 1  69 09        	adc     #$09
000220r 1  90 01        	bcc     L0008
000222r 1  E8           	inx
000223r 1  20 rr rr     L0008:	jsr     _neox_arg_next
000226r 1  C9 00        	cmp     #$00
000228r 1  F0 1E        	beq     L0006
00022Ar 1  A5 rr        	lda     c_sp
00022Cr 1  A6 rr        	ldx     c_sp+1
00022Er 1  18           	clc
00022Fr 1  69 0F        	adc     #$0F
000231r 1  90 01        	bcc     L0009
000233r 1  E8           	inx
000234r 1  20 rr rr     L0009:	jsr     pushax
000237r 1  A5 rr        	lda     c_sp
000239r 1  A6 rr        	ldx     c_sp+1
00023Br 1  18           	clc
00023Cr 1  69 05        	adc     #$05
00023Er 1  90 01        	bcc     L000A
000240r 1  E8           	inx
000241r 1  20 rr rr     L000A:	jsr     _neox_arg_next
000244r 1  C9 00        	cmp     #$00
000246r 1  F0 0E        	beq     L0003
000248r 1  A9 rr        L0006:	lda     #<(_kill_usage_message)
00024Ar 1  A2 rr        	ldx     #>(_kill_usage_message)
00024Cr 1  20 rr rr     	jsr     _neox_applet_report
00024Fr 1  A2 00        	ldx     #$00
000251r 1  A9 06        	lda     #$06
000253r 1  4C rr rr     	jmp     L0001
000256r 1  A5 rr        L0003:	lda     c_sp
000258r 1  A6 rr        	ldx     c_sp+1
00025Ar 1  18           	clc
00025Br 1  69 0B        	adc     #$0B
00025Dr 1  90 01        	bcc     L000D
00025Fr 1  E8           	inx
000260r 1  20 rr rr     L000D:	jsr     pushax
000263r 1  A5 rr        	lda     c_sp
000265r 1  A6 rr        	ldx     c_sp+1
000267r 1  18           	clc
000268r 1  69 03        	adc     #$03
00026Ar 1  90 01        	bcc     L000E
00026Cr 1  E8           	inx
00026Dr 1  20 rr rr     L000E:	jsr     _kill_parse_signal
000270r 1  C9 00        	cmp     #$00
000272r 1  D0 0D        	bne     L000C
000274r 1  A9 rr        	lda     #<(_kill_invalid_signal_message)
000276r 1  A2 rr        	ldx     #>(_kill_invalid_signal_message)
000278r 1  20 rr rr     	jsr     _neox_applet_report
00027Br 1  A2 00        	ldx     #$00
00027Dr 1  A9 06        	lda     #$06
00027Fr 1  80 5E        	bra     L0001
000281r 1  20 rr rr     L000C:	jsr     decsp3
000284r 1  A5 rr        	lda     c_sp
000286r 1  A6 rr        	ldx     c_sp+1
000288r 1  18           	clc
000289r 1  69 0A        	adc     #$0A
00028Br 1  90 01        	bcc     L0010
00028Dr 1  E8           	inx
00028Er 1  A0 01        L0010:	ldy     #$01
000290r 1  91 rr        	sta     (c_sp),y
000292r 1  C8           	iny
000293r 1  8A           	txa
000294r 1  91 rr        	sta     (c_sp),y
000296r 1  A9 07        	lda     #$07
000298r 1  92 rr        	sta     (c_sp)
00029Ar 1  A5 rr        	lda     c_sp
00029Cr 1  A6 rr        	ldx     c_sp+1
00029Er 1  18           	clc
00029Fr 1  69 03        	adc     #$03
0002A1r 1  90 01        	bcc     L0011
0002A3r 1  E8           	inx
0002A4r 1  20 rr rr     L0011:	jsr     _kill_parse_decimal
0002A7r 1  C9 00        	cmp     #$00
0002A9r 1  F0 04        	beq     L0015
0002ABr 1  B2 rr        	lda     (c_sp)
0002ADr 1  D0 0D        	bne     L0017
0002AFr 1  A9 rr        L0015:	lda     #<(_kill_invalid_pid_message)
0002B1r 1  A2 rr        	ldx     #>(_kill_invalid_pid_message)
0002B3r 1  20 rr rr     	jsr     _neox_applet_report
0002B6r 1  A2 00        	ldx     #$00
0002B8r 1  A9 06        	lda     #$06
0002BAr 1  80 23        	bra     L0001
0002BCr 1  B2 rr        L0017:	lda     (c_sp)
0002BEr 1  20 rr rr     	jsr     pusha
0002C1r 1  A0 02        	ldy     #$02
0002C3r 1  B1 rr        	lda     (c_sp),y
0002C5r 1  20 rr rr     	jsr     _neox_signal
0002C8r 1  A0 02        	ldy     #$02
0002CAr 1  91 rr        	sta     (c_sp),y
0002CCr 1  A2 00        	ldx     #$00
0002CEr 1  B1 rr        	lda     (c_sp),y
0002D0r 1  F0 0B        	beq     L0019
0002D2r 1  A9 rr        	lda     #<(_kill_failed_message)
0002D4r 1  A2 rr        	ldx     #>(_kill_failed_message)
0002D6r 1  20 rr rr     	jsr     _neox_applet_report
0002D9r 1  A0 02        	ldy     #$02
0002DBr 1  A2 00        	ldx     #$00
0002DDr 1  B1 rr        L0019:	lda     (c_sp),y
0002DFr 1  A0 17        L0001:	ldy     #$17
0002E1r 1  4C rr rr     	jmp     addysp
0002E4r 1               
0002E4r 1               .endproc
0002E4r 1               
0002E4r 1               
