ca65 V2.19 - Git cc3c40c
Main file   : out/user/applets/ls.s
Current file: out/user/applets/ls.s

000000r 1               ;
000000r 1               ; File generated by cc65 v 2.19 - Git cc3c40c
000000r 1               ;
000000r 1               	.fopt		compiler,"cc65 v 2.19 - Git cc3c40c"
000000r 1               	.setcpu		"65C02"
000000r 1               	.smart		on
000000r 1               	.autoimport	on
000000r 1               	.case		on
000000r 1               	.debuginfo	off
000000r 1               	.importzp	c_sp, sreg, regsave, regbank
000000r 1               	.importzp	tmp1, tmp2, tmp3, tmp4, ptr1, ptr2, ptr3, ptr4
000000r 1               	.macpack	longbranch
000000r 2               .macro  jeq     Target
000000r 2                       .if     .match(Target, 0)
000000r 2                       bne     *+5
000000r 2                       jmp     Target
000000r 2                       .elseif .def(Target) .and .const((*-2)-(Target)) .and ((*+2)-(Target) <= 127)
000000r 2                               beq     Target
000000r 2                       .else
000000r 2                               bne     *+5
000000r 2                               jmp     Target
000000r 2                       .endif
000000r 2               .endmacro
000000r 2               .macro  jne     Target
000000r 2                       .if     .match(Target, 0)
000000r 2                               beq     *+5
000000r 2                               jmp     Target
000000r 2                       .elseif .def(Target) .and .const((*-2)-(Target)) .and ((*+2)-(Target) <= 127)
000000r 2                               bne     Target
000000r 2                       .else
000000r 2                               beq     *+5
000000r 2                               jmp     Target
000000r 2                       .endif
000000r 2               .endmacro
000000r 2               .macro  jmi     Target
000000r 2                       .if     .match(Target, 0)
000000r 2                               bpl     *+5
000000r 2                               jmp     Target
000000r 2                       .elseif .def(Target) .and .const((*-2)-(Target)) .and ((*+2)-(Target) <= 127)
000000r 2                               bmi     Target
000000r 2                       .else
000000r 2                               bpl     *+5
000000r 2                               jmp     Target
000000r 2                       .endif
000000r 2               .endmacro
000000r 2               .macro  jpl     Target
000000r 2                       .if     .match(Target, 0)
000000r 2                               bmi     *+5
000000r 2                               jmp     Target
000000r 2                       .elseif .def(Target) .and .const((*-2)-(Target)) .and ((*+2)-(Target) <= 127)
000000r 2                               bpl     Target
000000r 2                       .else
000000r 2                               bmi     *+5
000000r 2                               jmp     Target
000000r 2                       .endif
000000r 2               .endmacro
000000r 2               .macro  jcs     Target
000000r 2                       .if     .match(Target, 0)
000000r 2                               bcc     *+5
000000r 2                               jmp     Target
000000r 2                       .elseif .def(Target) .and .const((*-2)-(Target)) .and ((*+2)-(Target) <= 127)
000000r 2                               bcs     Target
000000r 2                       .else
000000r 2                               bcc     *+5
000000r 2                               jmp     Target
000000r 2                       .endif
000000r 2               .endmacro
000000r 2               .macro  jcc     Target
000000r 2                       .if     .match(Target, 0)
000000r 2                               bcs     *+5
000000r 2                               jmp     Target
000000r 2                       .elseif .def(Target) .and .const((*-2)-(Target)) .and ((*+2)-(Target) <= 127)
000000r 2                               bcc     Target
000000r 2                       .else
000000r 2                               bcs     *+5
000000r 2                               jmp     Target
000000r 2                       .endif
000000r 2               .endmacro
000000r 2               .macro  jvs     Target
000000r 2                       .if     .match(Target, 0)
000000r 2                               bvc     *+5
000000r 2                               jmp     Target
000000r 2                       .elseif .def(Target) .and .const((*-2)-(Target)) .and ((*+2)-(Target) <= 127)
000000r 2                               bvs     Target
000000r 2                       .else
000000r 2                               bvc     *+5
000000r 2                               jmp     Target
000000r 2                       .endif
000000r 2               .endmacro
000000r 2               .macro  jvc     Target
000000r 2                       .if     .match(Target, 0)
000000r 2                               bvs     *+5
000000r 2                               jmp     Target
000000r 2                       .elseif .def(Target) .and .const((*-2)-(Target)) .and ((*+2)-(Target) <= 127)
000000r 2                               bvc     Target
000000r 2                       .else
000000r 2                               bvs     *+5
000000r 2                               jmp     Target
000000r 2                       .endif
000000r 2               .endmacro
000000r 2               
000000r 1               	.import		_neox_arg_cursor_init
000000r 1               	.import		_neox_arg_next
000000r 1               	.import		_neox_applet_string_length
000000r 1               	.import		_neox_applet_write_all
000000r 1               	.import		_neox_applet_write_string
000000r 1               	.import		_neox_applet_report
000000r 1               	.import		_neox_applet_copy_argument
000000r 1               	.import		_neox_applet_format_u32
000000r 1               	.import		_neox_opendir
000000r 1               	.import		_neox_readdir
000000r 1               	.import		_neox_closedir
000000r 1               	.export		_neox_applet_ls
000000r 1               
000000r 1               .segment	"C_RODATA"
000000r 1               
000000r 1               _ls_default_path:
000000r 1  2E 00        	.byte	$2E,$00
000002r 1               _ls_directory_text:
000002r 1  3C 44 49 52  	.byte	$3C,$44,$49,$52,$3E,$00
000006r 1  3E 00        
000008r 1               _ls_cr:
000008r 1  0D 00        	.byte	$0D,$00
00000Ar 1               _ls_space:
00000Ar 1  20 00        	.byte	$20,$00
00000Cr 1               _ls_extra_message:
00000Cr 1  6C 73 3A 20  	.byte	$6C,$73,$3A,$20,$74,$6F,$6F,$20,$6D,$61,$6E,$79,$20,$61,$72,$67
000010r 1  74 6F 6F 20  
000014r 1  6D 61 6E 79  
00001Cr 1  75 6D 65 6E  	.byte	$75,$6D,$65,$6E,$74,$73,$0D,$00
000020r 1  74 73 0D 00  
000024r 1               _ls_not_found_message:
000024r 1  6C 73 3A 20  	.byte	$6C,$73,$3A,$20,$64,$69,$72,$65,$63,$74,$6F,$72,$79,$20,$64,$6F
000028r 1  64 69 72 65  
00002Cr 1  63 74 6F 72  
000034r 1  65 73 20 6E  	.byte	$65,$73,$20,$6E,$6F,$74,$20,$65,$78,$69,$73,$74,$0D,$00
000038r 1  6F 74 20 65  
00003Cr 1  78 69 73 74  
000042r 1               _ls_invalid_name_message:
000042r 1  6C 73 3A 20  	.byte	$6C,$73,$3A,$20,$69,$6E,$76,$61,$6C,$69,$64,$20,$64,$69,$72,$65
000046r 1  69 6E 76 61  
00004Ar 1  6C 69 64 20  
000052r 1  63 74 6F 72  	.byte	$63,$74,$6F,$72,$79,$20,$6E,$61,$6D,$65,$0D,$00
000056r 1  79 20 6E 61  
00005Ar 1  6D 65 0D 00  
00005Er 1               _ls_open_message:
00005Er 1  6C 73 3A 20  	.byte	$6C,$73,$3A,$20,$63,$61,$6E,$6E,$6F,$74,$20,$6F,$70,$65,$6E,$20
000062r 1  63 61 6E 6E  
000066r 1  6F 74 20 6F  
00006Er 1  64 69 72 65  	.byte	$64,$69,$72,$65,$63,$74,$6F,$72,$79,$0D,$00
000072r 1  63 74 6F 72  
000076r 1  79 0D 00     
000079r 1               _ls_read_message:
000079r 1  6C 73 3A 20  	.byte	$6C,$73,$3A,$20,$72,$65,$61,$64,$20,$65,$72,$72,$6F,$72,$0D,$00
00007Dr 1  72 65 61 64  
000081r 1  20 65 72 72  
000089r 1               _ls_close_message:
000089r 1  6C 73 3A 20  	.byte	$6C,$73,$3A,$20,$63,$6C,$6F,$73,$65,$20,$65,$72,$72,$6F,$72,$0D
00008Dr 1  63 6C 6F 73  
000091r 1  65 20 65 72  
000099r 1  00           	.byte	$00
00009Ar 1               _ls_write_message:
00009Ar 1  6C 73 3A 20  	.byte	$6C,$73,$3A,$20,$77,$72,$69,$74,$65,$20,$65,$72,$72,$6F,$72,$0D
00009Er 1  77 72 69 74  
0000A2r 1  65 20 65 72  
0000AAr 1  00           	.byte	$00
0000ABr 1               
0000ABr 1               .segment	"C_BSS"
000000r 1               
000000r 1               .segment	"C_BSS"
000000r 1               _ls_path:
000000r 1  00 00 00 00  	.res	64,$00
000004r 1  00 00 00 00  
000008r 1  00 00 00 00  
000040r 1               _ls_entry:
000040r 1  00 00 00 00  	.res	18,$00
000044r 1  00 00 00 00  
000048r 1  00 00 00 00  
000052r 1               _ls_decimal:
000052r 1  00 00 00 00  	.res	10,$00
000056r 1  00 00 00 00  
00005Ar 1  00 00        
00005Cr 1               
00005Cr 1               ; ---------------------------------------------------------------
00005Cr 1               ; unsigned char __near__ ls_write_padding (unsigned int count)
00005Cr 1               ; ---------------------------------------------------------------
00005Cr 1               
00005Cr 1               .segment	"C_CODE"
000000r 1               
000000r 1               .proc	_ls_write_padding: near
000000r 1               
000000r 1               .segment	"C_CODE"
000000r 1               
000000r 1  20 rr rr     	jsr     pushax
000003r 1  20 rr rr     	jsr     decsp1
000006r 1  80 28        	bra     L0004
000008r 1  20 rr rr     L0002:	jsr     decsp3
00000Br 1  A9 01        	lda     #$01
00000Dr 1  A0 02        	ldy     #$02
00000Fr 1  91 rr        	sta     (c_sp),y
000011r 1  A9 rr        	lda     #<(_ls_space)
000013r 1  92 rr        	sta     (c_sp)
000015r 1  88           	dey
000016r 1  A9 rr        	lda     #>(_ls_space)
000018r 1  91 rr        	sta     (c_sp),y
00001Ar 1  A2 00        	ldx     #$00
00001Cr 1  98           	tya
00001Dr 1  20 rr rr     	jsr     _neox_applet_write_all
000020r 1  92 rr        	sta     (c_sp)
000022r 1  A2 00        	ldx     #$00
000024r 1  B2 rr        	lda     (c_sp)
000026r 1  F0 03        	beq     L0007
000028r 1  4C rr rr     	jmp     incsp3
00002Br 1  1A           L0007:	ina
00002Cr 1  A8           	tay
00002Dr 1  20 rr rr     	jsr     subeqysp
000030r 1  A0 01        L0004:	ldy     #$01
000032r 1  B1 rr        	lda     (c_sp),y
000034r 1  C8           	iny
000035r 1  11 rr        	ora     (c_sp),y
000037r 1  D0 CF        	bne     L0002
000039r 1  AA           	tax
00003Ar 1  4C rr rr     	jmp     incsp3
00003Dr 1               
00003Dr 1               .endproc
00003Dr 1               
00003Dr 1               ; ---------------------------------------------------------------
00003Dr 1               ; unsigned char __near__ ls_print_entry (const struct neox_dir_entry *entry)
00003Dr 1               ; ---------------------------------------------------------------
00003Dr 1               
00003Dr 1               .segment	"C_CODE"
00003Dr 1               
00003Dr 1               .proc	_ls_print_entry: near
00003Dr 1               
00003Dr 1               .segment	"C_CODE"
00003Dr 1               
00003Dr 1  20 rr rr     	jsr     pushax
000040r 1  20 rr rr     	jsr     decsp5
000043r 1  A0 06        	ldy     #$06
000045r 1  B1 rr        	lda     (c_sp),y
000047r 1  AA           	tax
000048r 1  88           	dey
000049r 1  B1 rr        	lda     (c_sp),y
00004Br 1  20 rr rr     	jsr     _neox_applet_string_length
00004Er 1  A0 03        	ldy     #$03
000050r 1  20 rr rr     	jsr     staxysp
000053r 1  20 rr rr     	jsr     decsp3
000056r 1  A9 01        	lda     #$01
000058r 1  A0 02        	ldy     #$02
00005Ar 1  91 rr        	sta     (c_sp),y
00005Cr 1  A0 09        	ldy     #$09
00005Er 1  B1 rr        	lda     (c_sp),y
000060r 1  AA           	tax
000061r 1  88           	dey
000062r 1  B1 rr        	lda     (c_sp),y
000064r 1  92 rr        	sta     (c_sp)
000066r 1  A0 01        	ldy     #$01
000068r 1  8A           	txa
000069r 1  91 rr        	sta     (c_sp),y
00006Br 1  A0 07        	ldy     #$07
00006Dr 1  B1 rr        	lda     (c_sp),y
00006Fr 1  AA           	tax
000070r 1  88           	dey
000071r 1  B1 rr        	lda     (c_sp),y
000073r 1  20 rr rr     	jsr     _neox_applet_write_all
000076r 1  92 rr        	sta     (c_sp)
000078r 1  A2 00        	ldx     #$00
00007Ar 1  B2 rr        	lda     (c_sp)
00007Cr 1  F0 03        	beq     L0002
00007Er 1  4C rr rr     	jmp     incsp7
000081r 1  A0 04        L0002:	ldy     #$04
000083r 1  B1 rr        	lda     (c_sp),y
000085r 1  C9 00        	cmp     #$00
000087r 1  D0 05        	bne     L0004
000089r 1  88           	dey
00008Ar 1  B1 rr        	lda     (c_sp),y
00008Cr 1  C9 0D        	cmp     #$0D
00008Er 1  B0 10        L0004:	bcs     L000D
000090r 1  A9 0D        	lda     #$0D
000092r 1  38           	sec
000093r 1  A0 03        	ldy     #$03
000095r 1  F1 rr        	sbc     (c_sp),y
000097r 1  48           	pha
000098r 1  8A           	txa
000099r 1  C8           	iny
00009Ar 1  F1 rr        	sbc     (c_sp),y
00009Cr 1  AA           	tax
00009Dr 1  68           	pla
00009Er 1  80 02        	bra     L0010
0000A0r 1  A9 01        L000D:	lda     #$01
0000A2r 1  20 rr rr     L0010:	jsr     _ls_write_padding
0000A5r 1  92 rr        	sta     (c_sp)
0000A7r 1  B2 rr        	lda     (c_sp)
0000A9r 1  F0 07        	beq     L0006
0000ABr 1  A2 00        	ldx     #$00
0000ADr 1  B2 rr        	lda     (c_sp)
0000AFr 1  4C rr rr     	jmp     incsp7
0000B2r 1  A0 06        L0006:	ldy     #$06
0000B4r 1  B1 rr        	lda     (c_sp),y
0000B6r 1  85 rr        	sta     ptr1+1
0000B8r 1  88           	dey
0000B9r 1  B1 rr        	lda     (c_sp),y
0000BBr 1  85 rr        	sta     ptr1
0000BDr 1  A0 0D        	ldy     #$0D
0000BFr 1  B1 rr        	lda     (ptr1),y
0000C1r 1  29 10        	and     #$10
0000C3r 1  F0 0E        	beq     L0007
0000C5r 1  A9 01        	lda     #$01
0000C7r 1  20 rr rr     	jsr     pusha
0000CAr 1  A9 rr        	lda     #<(_ls_directory_text)
0000CCr 1  A2 rr        	ldx     #>(_ls_directory_text)
0000CEr 1  20 rr rr     	jsr     _neox_applet_write_string
0000D1r 1  80 39        	bra     L000F
0000D3r 1  A0 06        L0007:	ldy     #$06
0000D5r 1  B1 rr        	lda     (c_sp),y
0000D7r 1  AA           	tax
0000D8r 1  88           	dey
0000D9r 1  B1 rr        	lda     (c_sp),y
0000DBr 1  A0 11        	ldy     #$11
0000DDr 1  20 rr rr     	jsr     ldeaxidx
0000E0r 1  20 rr rr     	jsr     pusheax
0000E3r 1  A9 rr        	lda     #<(_ls_decimal)
0000E5r 1  A2 rr        	ldx     #>(_ls_decimal)
0000E7r 1  20 rr rr     	jsr     _neox_applet_format_u32
0000EAr 1  A0 01        	ldy     #$01
0000ECr 1  20 rr rr     	jsr     staxysp
0000EFr 1  20 rr rr     	jsr     decsp3
0000F2r 1  A9 01        	lda     #$01
0000F4r 1  A0 02        	ldy     #$02
0000F6r 1  91 rr        	sta     (c_sp),y
0000F8r 1  A9 rr        	lda     #<(_ls_decimal)
0000FAr 1  92 rr        	sta     (c_sp)
0000FCr 1  88           	dey
0000FDr 1  A9 rr        	lda     #>(_ls_decimal)
0000FFr 1  91 rr        	sta     (c_sp),y
000101r 1  A0 05        	ldy     #$05
000103r 1  B1 rr        	lda     (c_sp),y
000105r 1  AA           	tax
000106r 1  88           	dey
000107r 1  B1 rr        	lda     (c_sp),y
000109r 1  20 rr rr     	jsr     _neox_applet_write_all
00010Cr 1  92 rr        L000F:	sta     (c_sp)
00010Er 1  B2 rr        	lda     (c_sp)
000110r 1  F0 07        	beq     L000A
000112r 1  A2 00        	ldx     #$00
000114r 1  B2 rr        	lda     (c_sp)
000116r 1  4C rr rr     	jmp     incsp7
000119r 1  20 rr rr     L000A:	jsr     decsp3
00011Cr 1  A9 01        	lda     #$01
00011Er 1  A0 02        	ldy     #$02
000120r 1  91 rr        	sta     (c_sp),y
000122r 1  A9 rr        	lda     #<(_ls_cr)
000124r 1  92 rr        	sta     (c_sp)
000126r 1  88           	dey
000127r 1  A9 rr        	lda     #>(_ls_cr)
000129r 1  91 rr        	sta     (c_sp),y
00012Br 1  A2 00        	ldx     #$00
00012Dr 1  98           	tya
00012Er 1  20 rr rr     	jsr     _neox_applet_write_all
000131r 1  4C rr rr     	jmp     incsp7
000134r 1               
000134r 1               .endproc
000134r 1               
000134r 1               ; ---------------------------------------------------------------
000134r 1               ; unsigned char __near__ ls_list_pass (const char *path, unsigned char directories)
000134r 1               ; ---------------------------------------------------------------
000134r 1               
000134r 1               .segment	"C_CODE"
000134r 1               
000134r 1               .proc	_ls_list_pass: near
000134r 1               
000134r 1               .segment	"C_CODE"
000134r 1               
000134r 1  20 rr rr     	jsr     pusha
000137r 1  20 rr rr     	jsr     decsp5
00013Ar 1  A0 09        	ldy     #$09
00013Cr 1  20 rr rr     	jsr     pushwysp
00013Fr 1  A5 rr        	lda     c_sp
000141r 1  A6 rr        	ldx     c_sp+1
000143r 1  18           	clc
000144r 1  69 06        	adc     #$06
000146r 1  90 01        	bcc     L0002
000148r 1  E8           	inx
000149r 1  20 rr rr     L0002:	jsr     _neox_opendir
00014Cr 1  A0 03        	ldy     #$03
00014Er 1  91 rr        	sta     (c_sp),y
000150r 1  B1 rr        	lda     (c_sp),y
000152r 1  F0 04        	beq     L0010
000154r 1  4C rr rr     	jmp     L0013
000157r 1  8A           L000F:	txa
000158r 1  A0 01        L0010:	ldy     #$01
00015Ar 1  91 rr        	sta     (c_sp),y
00015Cr 1  20 rr rr     	jsr     decsp3
00015Fr 1  A0 07        	ldy     #$07
000161r 1  B1 rr        	lda     (c_sp),y
000163r 1  A0 02        	ldy     #$02
000165r 1  91 rr        	sta     (c_sp),y
000167r 1  A9 rr        	lda     #<(_ls_entry)
000169r 1  92 rr        	sta     (c_sp)
00016Br 1  88           	dey
00016Cr 1  A9 rr        	lda     #>(_ls_entry)
00016Er 1  91 rr        	sta     (c_sp),y
000170r 1  A5 rr        	lda     c_sp
000172r 1  A6 rr        	ldx     c_sp+1
000174r 1  18           	clc
000175r 1  69 04        	adc     #$04
000177r 1  90 01        	bcc     L0008
000179r 1  E8           	inx
00017Ar 1  20 rr rr     L0008:	jsr     _neox_readdir
00017Dr 1  A0 03        	ldy     #$03
00017Fr 1  91 rr        	sta     (c_sp),y
000181r 1  B1 rr        	lda     (c_sp),y
000183r 1  F0 12        	beq     L0009
000185r 1  A9 rr        	lda     #<(_ls_read_message)
000187r 1  A2 rr        	ldx     #>(_ls_read_message)
000189r 1  20 rr rr     	jsr     _neox_applet_report
00018Cr 1  A0 04        	ldy     #$04
00018Er 1  B1 rr        	lda     (c_sp),y
000190r 1  20 rr rr     	jsr     _neox_closedir
000193r 1  A0 03        	ldy     #$03
000195r 1  80 51        	bra     L0013
000197r 1  A0 01        L0009:	ldy     #$01
000199r 1  B1 rr        	lda     (c_sp),y
00019Br 1  D0 31        	bne     L0005
00019Dr 1  AD rr rr     	lda     _ls_entry+13
0001A0r 1  29 10        	and     #$10
0001A2r 1  20 rr rr     	jsr     boolne
0001A5r 1  92 rr        	sta     (c_sp)
0001A7r 1  A0 05        	ldy     #$05
0001A9r 1  D1 rr        	cmp     (c_sp),y
0001ABr 1  D0 AA        	bne     L000F
0001ADr 1  A9 rr        	lda     #<(_ls_entry)
0001AFr 1  A2 rr        	ldx     #>(_ls_entry)
0001B1r 1  20 rr rr     	jsr     _ls_print_entry
0001B4r 1  A0 03        	ldy     #$03
0001B6r 1  91 rr        	sta     (c_sp),y
0001B8r 1  B1 rr        	lda     (c_sp),y
0001BAr 1  F0 9C        	beq     L0010
0001BCr 1  A9 rr        	lda     #<(_ls_write_message)
0001BEr 1  A2 rr        	ldx     #>(_ls_write_message)
0001C0r 1  20 rr rr     	jsr     _neox_applet_report
0001C3r 1  A0 04        	ldy     #$04
0001C5r 1  B1 rr        	lda     (c_sp),y
0001C7r 1  20 rr rr     	jsr     _neox_closedir
0001CAr 1  A0 03        	ldy     #$03
0001CCr 1  80 1A        	bra     L0013
0001CEr 1  A0 04        L0005:	ldy     #$04
0001D0r 1  B1 rr        	lda     (c_sp),y
0001D2r 1  20 rr rr     	jsr     _neox_closedir
0001D5r 1  A0 02        	ldy     #$02
0001D7r 1  91 rr        	sta     (c_sp),y
0001D9r 1  A2 00        	ldx     #$00
0001DBr 1  B1 rr        	lda     (c_sp),y
0001DDr 1  F0 0D        	beq     L0001
0001DFr 1  A9 rr        	lda     #<(_ls_close_message)
0001E1r 1  A2 rr        	ldx     #>(_ls_close_message)
0001E3r 1  20 rr rr     	jsr     _neox_applet_report
0001E6r 1  A0 02        	ldy     #$02
0001E8r 1  A2 00        L0013:	ldx     #$00
0001EAr 1  B1 rr        	lda     (c_sp),y
0001ECr 1  4C rr rr     L0001:	jmp     incsp8
0001EFr 1               
0001EFr 1               .endproc
0001EFr 1               
0001EFr 1               ; ---------------------------------------------------------------
0001EFr 1               ; unsigned char __near__ neox_applet_ls (const struct neox_applet_context *context)
0001EFr 1               ; ---------------------------------------------------------------
0001EFr 1               
0001EFr 1               .segment	"C_CODE"
0001EFr 1               
0001EFr 1               .proc	_neox_applet_ls: near
0001EFr 1               
0001EFr 1               .segment	"C_CODE"
0001EFr 1               
0001EFr 1  20 rr rr     	jsr     pushax
0001F2r 1  A0 11        	ldy     #$11
0001F4r 1  20 rr rr     	jsr     subysp
0001F7r 1  A5 rr        	lda     c_sp
0001F9r 1  A6 rr        	ldx     c_sp+1
0001FBr 1  18           	clc
0001FCr 1  69 0B        	adc     #$0B
0001FEr 1  90 01        	bcc     L0002
000200r 1  E8           	inx
000201r 1  20 rr rr     L0002:	jsr     pushax
000204r 1  A0 14        	ldy     #$14
000206r 1  B1 rr        	lda     (c_sp),y
000208r 1  AA           	tax
000209r 1  88           	dey
00020Ar 1  B1 rr        	lda     (c_sp),y
00020Cr 1  20 rr rr     	jsr     _neox_arg_cursor_init
00020Fr 1  A5 rr        	lda     c_sp
000211r 1  A6 rr        	ldx     c_sp+1
000213r 1  18           	clc
000214r 1  69 0B        	adc     #$0B
000216r 1  90 01        	bcc     L0004
000218r 1  E8           	inx
000219r 1  20 rr rr     L0004:	jsr     pushax
00021Cr 1  A5 rr        	lda     c_sp
00021Er 1  A6 rr        	ldx     c_sp+1
000220r 1  18           	clc
000221r 1  69 09        	adc     #$09
000223r 1  90 01        	bcc     L0005
000225r 1  E8           	inx
000226r 1  20 rr rr     L0005:	jsr     _neox_arg_next
000229r 1  C9 00        	cmp     #$00
00022Br 1  D0 06        	bne     L0003
00022Dr 1  A9 rr        	lda     #<(_ls_default_path)
00022Fr 1  A2 rr        	ldx     #>(_ls_default_path)
000231r 1  80 64        	bra     L0031
000233r 1  A5 rr        L0003:	lda     c_sp
000235r 1  A6 rr        	ldx     c_sp+1
000237r 1  18           	clc
000238r 1  69 0B        	adc     #$0B
00023Ar 1  90 01        	bcc     L0008
00023Cr 1  E8           	inx
00023Dr 1  20 rr rr     L0008:	jsr     pushax
000240r 1  A5 rr        	lda     c_sp
000242r 1  A6 rr        	ldx     c_sp+1
000244r 1  18           	clc
000245r 1  69 05        	adc     #$05
000247r 1  90 01        	bcc     L0009
000249r 1  E8           	inx
00024Ar 1  20 rr rr     L0009:	jsr     _neox_arg_next
00024Dr 1  C9 00        	cmp     #$00
00024Fr 1  F0 0E        	beq     L0007
000251r 1  A9 rr        	lda     #<(_ls_extra_message)
000253r 1  A2 rr        	ldx     #>(_ls_extra_message)
000255r 1  20 rr rr     	jsr     _neox_applet_report
000258r 1  A2 00        	ldx     #$00
00025Ar 1  A9 06        	lda     #$06
00025Cr 1  4C rr rr     	jmp     L0001
00025Fr 1  20 rr rr     L0007:	jsr     decsp4
000262r 1  A5 rr        	lda     c_sp
000264r 1  A6 rr        	ldx     c_sp+1
000266r 1  18           	clc
000267r 1  69 0B        	adc     #$0B
000269r 1  90 01        	bcc     L000A
00026Br 1  E8           	inx
00026Cr 1  A0 02        L000A:	ldy     #$02
00026Er 1  91 rr        	sta     (c_sp),y
000270r 1  C8           	iny
000271r 1  8A           	txa
000272r 1  91 rr        	sta     (c_sp),y
000274r 1  A9 rr        	lda     #<(_ls_path)
000276r 1  92 rr        	sta     (c_sp)
000278r 1  A0 01        	ldy     #$01
00027Ar 1  A9 rr        	lda     #>(_ls_path)
00027Cr 1  91 rr        	sta     (c_sp),y
00027Er 1  A2 00        	ldx     #$00
000280r 1  A9 40        	lda     #$40
000282r 1  20 rr rr     	jsr     _neox_applet_copy_argument
000285r 1  A0 02        	ldy     #$02
000287r 1  91 rr        	sta     (c_sp),y
000289r 1  B1 rr        	lda     (c_sp),y
00028Br 1  F0 06        	beq     L000B
00028Dr 1  A9 rr        	lda     #<(_ls_invalid_name_message)
00028Fr 1  A2 rr        	ldx     #>(_ls_invalid_name_message)
000291r 1  80 67        	bra     L0021
000293r 1  A9 rr        L000B:	lda     #<(_ls_path)
000295r 1  A2 rr        	ldx     #>(_ls_path)
000297r 1  20 rr rr     L0031:	jsr     stax0sp
00029Ar 1  20 rr rr     	jsr     pushax
00029Dr 1  A9 01        	lda     #$01
00029Fr 1  20 rr rr     	jsr     _ls_list_pass
0002A2r 1  A0 02        	ldy     #$02
0002A4r 1  91 rr        	sta     (c_sp),y
0002A6r 1  B1 rr        	lda     (c_sp),y
0002A8r 1  F0 1A        	beq     L000C
0002AAr 1  A2 00        	ldx     #$00
0002ACr 1  B1 rr        	lda     (c_sp),y
0002AEr 1  C9 02        	cmp     #$02
0002B0r 1  D0 06        	bne     L0023
0002B2r 1  A9 rr        	lda     #<(_ls_not_found_message)
0002B4r 1  A2 rr        	ldx     #>(_ls_not_found_message)
0002B6r 1  80 42        	bra     L0021
0002B8r 1  B1 rr        L0023:	lda     (c_sp),y
0002BAr 1  C9 06        	cmp     #$06
0002BCr 1  D0 2E        	bne     L002D
0002BEr 1  A9 rr        	lda     #<(_ls_invalid_name_message)
0002C0r 1  A2 rr        	ldx     #>(_ls_invalid_name_message)
0002C2r 1  80 36        	bra     L0021
0002C4r 1  20 rr rr     L000C:	jsr     pushw0sp
0002C7r 1  A9 00        	lda     #$00
0002C9r 1  20 rr rr     	jsr     _ls_list_pass
0002CCr 1  A0 02        	ldy     #$02
0002CEr 1  91 rr        	sta     (c_sp),y
0002D0r 1  A2 00        	ldx     #$00
0002D2r 1  B1 rr        	lda     (c_sp),y
0002D4r 1  F0 2B        	beq     L001F
0002D6r 1  C9 02        	cmp     #$02
0002D8r 1  D0 06        	bne     L002B
0002DAr 1  A9 rr        	lda     #<(_ls_not_found_message)
0002DCr 1  A2 rr        	ldx     #>(_ls_not_found_message)
0002DEr 1  80 1A        	bra     L0021
0002E0r 1  B1 rr        L002B:	lda     (c_sp),y
0002E2r 1  C9 06        	cmp     #$06
0002E4r 1  D0 06        	bne     L002D
0002E6r 1  A9 rr        	lda     #<(_ls_invalid_name_message)
0002E8r 1  A2 rr        	ldx     #>(_ls_invalid_name_message)
0002EAr 1  80 0E        	bra     L0021
0002ECr 1  B1 rr        L002D:	lda     (c_sp),y
0002EEr 1  C9 03        	cmp     #$03
0002F0r 1  F0 0F        	beq     L001F
0002F2r 1  C9 09        	cmp     #$09
0002F4r 1  F0 0B        	beq     L001F
0002F6r 1  A9 rr        	lda     #<(_ls_open_message)
0002F8r 1  A2 rr        	ldx     #>(_ls_open_message)
0002FAr 1  20 rr rr     L0021:	jsr     _neox_applet_report
0002FDr 1  A0 02        	ldy     #$02
0002FFr 1  A2 00        	ldx     #$00
000301r 1  B1 rr        L001F:	lda     (c_sp),y
000303r 1  A0 13        L0001:	ldy     #$13
000305r 1  4C rr rr     	jmp     addysp
000308r 1               
000308r 1               .endproc
000308r 1               
000308r 1               
