ca65 V2.19 - Git cc3c40c
Main file   : out/user/applets/path_command.s
Current file: out/user/applets/path_command.s

000000r 1               ;
000000r 1               ; File generated by cc65 v 2.19 - Git cc3c40c
000000r 1               ;
000000r 1               	.fopt		compiler,"cc65 v 2.19 - Git cc3c40c"
000000r 1               	.setcpu		"65C02"
000000r 1               	.smart		on
000000r 1               	.autoimport	on
000000r 1               	.case		on
000000r 1               	.debuginfo	off
000000r 1               	.importzp	c_sp, sreg, regsave, regbank
000000r 1               	.importzp	tmp1, tmp2, tmp3, tmp4, ptr1, ptr2, ptr3, ptr4
000000r 1               	.macpack	longbranch
000000r 2               .macro  jeq     Target
000000r 2                       .if     .match(Target, 0)
000000r 2                       bne     *+5
000000r 2                       jmp     Target
000000r 2                       .elseif .def(Target) .and .const((*-2)-(Target)) .and ((*+2)-(Target) <= 127)
000000r 2                               beq     Target
000000r 2                       .else
000000r 2                               bne     *+5
000000r 2                               jmp     Target
000000r 2                       .endif
000000r 2               .endmacro
000000r 2               .macro  jne     Target
000000r 2                       .if     .match(Target, 0)
000000r 2                               beq     *+5
000000r 2                               jmp     Target
000000r 2                       .elseif .def(Target) .and .const((*-2)-(Target)) .and ((*+2)-(Target) <= 127)
000000r 2                               bne     Target
000000r 2                       .else
000000r 2                               beq     *+5
000000r 2                               jmp     Target
000000r 2                       .endif
000000r 2               .endmacro
000000r 2               .macro  jmi     Target
000000r 2                       .if     .match(Target, 0)
000000r 2                               bpl     *+5
000000r 2                               jmp     Target
000000r 2                       .elseif .def(Target) .and .const((*-2)-(Target)) .and ((*+2)-(Target) <= 127)
000000r 2                               bmi     Target
000000r 2                       .else
000000r 2                               bpl     *+5
000000r 2                               jmp     Target
000000r 2                       .endif
000000r 2               .endmacro
000000r 2               .macro  jpl     Target
000000r 2                       .if     .match(Target, 0)
000000r 2                               bmi     *+5
000000r 2                               jmp     Target
000000r 2                       .elseif .def(Target) .and .const((*-2)-(Target)) .and ((*+2)-(Target) <= 127)
000000r 2                               bpl     Target
000000r 2                       .else
000000r 2                               bmi     *+5
000000r 2                               jmp     Target
000000r 2                       .endif
000000r 2               .endmacro
000000r 2               .macro  jcs     Target
000000r 2                       .if     .match(Target, 0)
000000r 2                               bcc     *+5
000000r 2                               jmp     Target
000000r 2                       .elseif .def(Target) .and .const((*-2)-(Target)) .and ((*+2)-(Target) <= 127)
000000r 2                               bcs     Target
000000r 2                       .else
000000r 2                               bcc     *+5
000000r 2                               jmp     Target
000000r 2                       .endif
000000r 2               .endmacro
000000r 2               .macro  jcc     Target
000000r 2                       .if     .match(Target, 0)
000000r 2                               bcs     *+5
000000r 2                               jmp     Target
000000r 2                       .elseif .def(Target) .and .const((*-2)-(Target)) .and ((*+2)-(Target) <= 127)
000000r 2                               bcc     Target
000000r 2                       .else
000000r 2                               bcs     *+5
000000r 2                               jmp     Target
000000r 2                       .endif
000000r 2               .endmacro
000000r 2               .macro  jvs     Target
000000r 2                       .if     .match(Target, 0)
000000r 2                               bvc     *+5
000000r 2                               jmp     Target
000000r 2                       .elseif .def(Target) .and .const((*-2)-(Target)) .and ((*+2)-(Target) <= 127)
000000r 2                               bvs     Target
000000r 2                       .else
000000r 2                               bvc     *+5
000000r 2                               jmp     Target
000000r 2                       .endif
000000r 2               .endmacro
000000r 2               .macro  jvc     Target
000000r 2                       .if     .match(Target, 0)
000000r 2                               bvs     *+5
000000r 2                               jmp     Target
000000r 2                       .elseif .def(Target) .and .const((*-2)-(Target)) .and ((*+2)-(Target) <= 127)
000000r 2                               bvc     Target
000000r 2                       .else
000000r 2                               bvs     *+5
000000r 2                               jmp     Target
000000r 2                       .endif
000000r 2               .endmacro
000000r 2               
000000r 1               	.import		_neox_arg_cursor_init
000000r 1               	.import		_neox_arg_next
000000r 1               	.import		_neox_applet_report
000000r 1               	.import		_neox_applet_copy_argument
000000r 1               	.export		_neox_applet_run_one_path
000000r 1               
000000r 1               .segment	"C_RODATA"
000000r 1               
000000r 1               S0001:
000000r 1  70 61 74 68  	.byte	$70,$61,$74,$68,$3A,$20,$70,$61,$74,$68,$6E,$61,$6D,$65,$20,$74
000004r 1  3A 20 70 61  
000008r 1  74 68 6E 61  
000010r 1  6F 6F 20 6C  	.byte	$6F,$6F,$20,$6C,$6F,$6E,$67,$0D,$00
000014r 1  6F 6E 67 0D  
000018r 1  00           
000019r 1               
000019r 1               .segment	"C_BSS"
000000r 1               
000000r 1               .segment	"C_BSS"
000000r 1               _applet_path_buffer:
000000r 1  00 00 00 00  	.res	64,$00
000004r 1  00 00 00 00  
000008r 1  00 00 00 00  
000040r 1               
000040r 1               ; ---------------------------------------------------------------
000040r 1               ; unsigned char __near__ neox_applet_run_one_path (const struct neox_applet_context *context, const char *missing_message, const char *extra_message, const char *not_found_message, const char *invalid_name_message, const char *failure_message, unsigned char (*operation)(const char *))
000040r 1               ; ---------------------------------------------------------------
000040r 1               
000040r 1               .segment	"C_CODE"
000000r 1               
000000r 1               .proc	_neox_applet_run_one_path: near
000000r 1               
000000r 1               .segment	"C_CODE"
000000r 1               
000000r 1  20 rr rr     	jsr     pushax
000003r 1  A0 0F        	ldy     #$0F
000005r 1  20 rr rr     	jsr     subysp
000008r 1  A5 rr        	lda     c_sp
00000Ar 1  A6 rr        	ldx     c_sp+1
00000Cr 1  18           	clc
00000Dr 1  69 09        	adc     #$09
00000Fr 1  90 01        	bcc     L0002
000011r 1  E8           	inx
000012r 1  20 rr rr     L0002:	jsr     pushax
000015r 1  A0 1E        	ldy     #$1E
000017r 1  B1 rr        	lda     (c_sp),y
000019r 1  AA           	tax
00001Ar 1  88           	dey
00001Br 1  B1 rr        	lda     (c_sp),y
00001Dr 1  20 rr rr     	jsr     _neox_arg_cursor_init
000020r 1  A5 rr        	lda     c_sp
000022r 1  A6 rr        	ldx     c_sp+1
000024r 1  18           	clc
000025r 1  69 09        	adc     #$09
000027r 1  90 01        	bcc     L0004
000029r 1  E8           	inx
00002Ar 1  20 rr rr     L0004:	jsr     pushax
00002Dr 1  A5 rr        	lda     c_sp
00002Fr 1  A6 rr        	ldx     c_sp+1
000031r 1  18           	clc
000032r 1  69 07        	adc     #$07
000034r 1  90 01        	bcc     L0005
000036r 1  E8           	inx
000037r 1  20 rr rr     L0005:	jsr     _neox_arg_next
00003Ar 1  C9 00        	cmp     #$00
00003Cr 1  D0 12        	bne     L0003
00003Er 1  A0 1A        	ldy     #$1A
000040r 1  B1 rr        	lda     (c_sp),y
000042r 1  AA           	tax
000043r 1  88           	dey
000044r 1  B1 rr        	lda     (c_sp),y
000046r 1  20 rr rr     	jsr     _neox_applet_report
000049r 1  A2 00        	ldx     #$00
00004Br 1  A9 06        	lda     #$06
00004Dr 1  4C rr rr     	jmp     L0001
000050r 1  A5 rr        L0003:	lda     c_sp
000052r 1  A6 rr        	ldx     c_sp+1
000054r 1  18           	clc
000055r 1  69 09        	adc     #$09
000057r 1  90 01        	bcc     L0007
000059r 1  E8           	inx
00005Ar 1  20 rr rr     L0007:	jsr     pushax
00005Dr 1  A5 rr        	lda     c_sp
00005Fr 1  A6 rr        	ldx     c_sp+1
000061r 1  18           	clc
000062r 1  69 03        	adc     #$03
000064r 1  90 01        	bcc     L0008
000066r 1  E8           	inx
000067r 1  20 rr rr     L0008:	jsr     _neox_arg_next
00006Ar 1  C9 00        	cmp     #$00
00006Cr 1  F0 12        	beq     L0006
00006Er 1  A0 18        	ldy     #$18
000070r 1  B1 rr        	lda     (c_sp),y
000072r 1  AA           	tax
000073r 1  88           	dey
000074r 1  B1 rr        	lda     (c_sp),y
000076r 1  20 rr rr     	jsr     _neox_applet_report
000079r 1  A2 00        	ldx     #$00
00007Br 1  A9 06        	lda     #$06
00007Dr 1  4C rr rr     	jmp     L0001
000080r 1  20 rr rr     L0006:	jsr     decsp4
000083r 1  A5 rr        	lda     c_sp
000085r 1  A6 rr        	ldx     c_sp+1
000087r 1  18           	clc
000088r 1  69 09        	adc     #$09
00008Ar 1  90 01        	bcc     L0009
00008Cr 1  E8           	inx
00008Dr 1  A0 02        L0009:	ldy     #$02
00008Fr 1  91 rr        	sta     (c_sp),y
000091r 1  C8           	iny
000092r 1  8A           	txa
000093r 1  91 rr        	sta     (c_sp),y
000095r 1  A9 rr        	lda     #<(_applet_path_buffer)
000097r 1  92 rr        	sta     (c_sp)
000099r 1  A0 01        	ldy     #$01
00009Br 1  A9 rr        	lda     #>(_applet_path_buffer)
00009Dr 1  91 rr        	sta     (c_sp),y
00009Fr 1  A2 00        	ldx     #$00
0000A1r 1  A9 40        	lda     #$40
0000A3r 1  20 rr rr     	jsr     _neox_applet_copy_argument
0000A6r 1  92 rr        	sta     (c_sp)
0000A8r 1  B2 rr        	lda     (c_sp)
0000AAr 1  F0 09        	beq     L000A
0000ACr 1  A9 rr        	lda     #<(S0001)
0000AEr 1  A2 rr        	ldx     #>(S0001)
0000B0r 1  20 rr rr     	jsr     _neox_applet_report
0000B3r 1  80 6B        	bra     L0021
0000B5r 1  A0 12        L000A:	ldy     #$12
0000B7r 1  20 rr rr     	jsr     pushwysp
0000BAr 1  A9 rr        	lda     #<(_applet_path_buffer)
0000BCr 1  A2 rr        	ldx     #>(_applet_path_buffer)
0000BEr 1  48           	pha
0000BFr 1  B2 rr        	lda     (c_sp)
0000C1r 1  8D rr rr     	sta     jmpvec+1
0000C4r 1  A0 01        	ldy     #$01
0000C6r 1  B1 rr        	lda     (c_sp),y
0000C8r 1  8D rr rr     	sta     jmpvec+2
0000CBr 1  68           	pla
0000CCr 1  20 rr rr     	jsr     jmpvec
0000CFr 1  20 rr rr     	jsr     incsp2
0000D2r 1  92 rr        	sta     (c_sp)
0000D4r 1  A2 00        	ldx     #$00
0000D6r 1  B2 rr        	lda     (c_sp)
0000D8r 1  F0 48        	beq     L0017
0000DAr 1  20 rr rr     	jsr     decsp2
0000DDr 1  A0 14        	ldy     #$14
0000DFr 1  B1 rr        	lda     (c_sp),y
0000E1r 1  AA           	tax
0000E2r 1  88           	dey
0000E3r 1  B1 rr        	lda     (c_sp),y
0000E5r 1  20 rr rr     	jsr     stax0sp
0000E8r 1  A0 02        	ldy     #$02
0000EAr 1  B1 rr        	lda     (c_sp),y
0000ECr 1  C9 02        	cmp     #$02
0000EEr 1  D0 0B        	bne     L0020
0000F0r 1  A0 17        	ldy     #$17
0000F2r 1  B1 rr        	lda     (c_sp),y
0000F4r 1  C8           	iny
0000F5r 1  11 rr        	ora     (c_sp),y
0000F7r 1  D0 11        	bne     L0022
0000F9r 1  A0 02        	ldy     #$02
0000FBr 1  B1 rr        L0020:	lda     (c_sp),y
0000FDr 1  C9 06        	cmp     #$06
0000FFr 1  D0 12        	bne     L0012
000101r 1  A0 15        	ldy     #$15
000103r 1  B1 rr        	lda     (c_sp),y
000105r 1  C8           	iny
000106r 1  11 rr        	ora     (c_sp),y
000108r 1  F0 09        	beq     L0012
00010Ar 1  B1 rr        L0022:	lda     (c_sp),y
00010Cr 1  AA           	tax
00010Dr 1  88           	dey
00010Er 1  B1 rr        	lda     (c_sp),y
000110r 1  20 rr rr     	jsr     stax0sp
000113r 1  A0 01        L0012:	ldy     #$01
000115r 1  B1 rr        	lda     (c_sp),y
000117r 1  AA           	tax
000118r 1  B2 rr        	lda     (c_sp)
00011Ar 1  20 rr rr     	jsr     _neox_applet_report
00011Dr 1  20 rr rr     	jsr     incsp2
000120r 1  A2 00        L0021:	ldx     #$00
000122r 1  B2 rr        L0017:	lda     (c_sp)
000124r 1  A0 1D        L0001:	ldy     #$1D
000126r 1  4C rr rr     	jmp     addysp
000129r 1               
000129r 1               .endproc
000129r 1               
000129r 1               
