ca65 V2.19 - Git cc3c40c
Main file   : out/user/applets/ps.s
Current file: out/user/applets/ps.s

000000r 1               ;
000000r 1               ; File generated by cc65 v 2.19 - Git cc3c40c
000000r 1               ;
000000r 1               	.fopt		compiler,"cc65 v 2.19 - Git cc3c40c"
000000r 1               	.setcpu		"65C02"
000000r 1               	.smart		on
000000r 1               	.autoimport	on
000000r 1               	.case		on
000000r 1               	.debuginfo	off
000000r 1               	.importzp	c_sp, sreg, regsave, regbank
000000r 1               	.importzp	tmp1, tmp2, tmp3, tmp4, ptr1, ptr2, ptr3, ptr4
000000r 1               	.macpack	longbranch
000000r 2               .macro  jeq     Target
000000r 2                       .if     .match(Target, 0)
000000r 2                       bne     *+5
000000r 2                       jmp     Target
000000r 2                       .elseif .def(Target) .and .const((*-2)-(Target)) .and ((*+2)-(Target) <= 127)
000000r 2                               beq     Target
000000r 2                       .else
000000r 2                               bne     *+5
000000r 2                               jmp     Target
000000r 2                       .endif
000000r 2               .endmacro
000000r 2               .macro  jne     Target
000000r 2                       .if     .match(Target, 0)
000000r 2                               beq     *+5
000000r 2                               jmp     Target
000000r 2                       .elseif .def(Target) .and .const((*-2)-(Target)) .and ((*+2)-(Target) <= 127)
000000r 2                               bne     Target
000000r 2                       .else
000000r 2                               beq     *+5
000000r 2                               jmp     Target
000000r 2                       .endif
000000r 2               .endmacro
000000r 2               .macro  jmi     Target
000000r 2                       .if     .match(Target, 0)
000000r 2                               bpl     *+5
000000r 2                               jmp     Target
000000r 2                       .elseif .def(Target) .and .const((*-2)-(Target)) .and ((*+2)-(Target) <= 127)
000000r 2                               bmi     Target
000000r 2                       .else
000000r 2                               bpl     *+5
000000r 2                               jmp     Target
000000r 2                       .endif
000000r 2               .endmacro
000000r 2               .macro  jpl     Target
000000r 2                       .if     .match(Target, 0)
000000r 2                               bmi     *+5
000000r 2                               jmp     Target
000000r 2                       .elseif .def(Target) .and .const((*-2)-(Target)) .and ((*+2)-(Target) <= 127)
000000r 2                               bpl     Target
000000r 2                       .else
000000r 2                               bmi     *+5
000000r 2                               jmp     Target
000000r 2                       .endif
000000r 2               .endmacro
000000r 2               .macro  jcs     Target
000000r 2                       .if     .match(Target, 0)
000000r 2                               bcc     *+5
000000r 2                               jmp     Target
000000r 2                       .elseif .def(Target) .and .const((*-2)-(Target)) .and ((*+2)-(Target) <= 127)
000000r 2                               bcs     Target
000000r 2                       .else
000000r 2                               bcc     *+5
000000r 2                               jmp     Target
000000r 2                       .endif
000000r 2               .endmacro
000000r 2               .macro  jcc     Target
000000r 2                       .if     .match(Target, 0)
000000r 2                               bcs     *+5
000000r 2                               jmp     Target
000000r 2                       .elseif .def(Target) .and .const((*-2)-(Target)) .and ((*+2)-(Target) <= 127)
000000r 2                               bcc     Target
000000r 2                       .else
000000r 2                               bcs     *+5
000000r 2                               jmp     Target
000000r 2                       .endif
000000r 2               .endmacro
000000r 2               .macro  jvs     Target
000000r 2                       .if     .match(Target, 0)
000000r 2                               bvc     *+5
000000r 2                               jmp     Target
000000r 2                       .elseif .def(Target) .and .const((*-2)-(Target)) .and ((*+2)-(Target) <= 127)
000000r 2                               bvs     Target
000000r 2                       .else
000000r 2                               bvc     *+5
000000r 2                               jmp     Target
000000r 2                       .endif
000000r 2               .endmacro
000000r 2               .macro  jvc     Target
000000r 2                       .if     .match(Target, 0)
000000r 2                               bvs     *+5
000000r 2                               jmp     Target
000000r 2                       .elseif .def(Target) .and .const((*-2)-(Target)) .and ((*+2)-(Target) <= 127)
000000r 2                               bvc     Target
000000r 2                       .else
000000r 2                               bvs     *+5
000000r 2                               jmp     Target
000000r 2                       .endif
000000r 2               .endmacro
000000r 2               
000000r 1               	.import		_neox_arg_cursor_init
000000r 1               	.import		_neox_arg_next
000000r 1               	.import		_neox_applet_write_all
000000r 1               	.import		_neox_applet_write_string
000000r 1               	.import		_neox_applet_report
000000r 1               	.import		_neox_applet_format_u32
000000r 1               	.import		_neox_applet_format_hex8
000000r 1               	.import		_neox_get_process_info
000000r 1               	.export		_neox_applet_ps
000000r 1               
000000r 1               .segment	"C_RODATA"
000000r 1               
000000r 1               _ps_header:
000000r 1  50 49 44 20  	.byte	$50,$49,$44,$20,$50,$50,$49,$44,$20,$53,$54,$20,$20,$57,$41,$49
000004r 1  50 50 49 44  
000008r 1  20 53 54 20  
000010r 1  54 20 4F 42  	.byte	$54,$20,$4F,$42,$4A,$20,$53,$49,$47,$0D,$00
000014r 1  4A 20 53 49  
000018r 1  47 0D 00     
00001Br 1               _ps_extra_message:
00001Br 1  70 73 3A 20  	.byte	$70,$73,$3A,$20,$74,$6F,$6F,$20,$6D,$61,$6E,$79,$20,$61,$72,$67
00001Fr 1  74 6F 6F 20  
000023r 1  6D 61 6E 79  
00002Br 1  75 6D 65 6E  	.byte	$75,$6D,$65,$6E,$74,$73,$0D,$00
00002Fr 1  74 73 0D 00  
000033r 1               _ps_read_message:
000033r 1  70 73 3A 20  	.byte	$70,$73,$3A,$20,$63,$61,$6E,$6E,$6F,$74,$20,$72,$65,$61,$64,$20
000037r 1  63 61 6E 6E  
00003Br 1  6F 74 20 72  
000043r 1  70 72 6F 63  	.byte	$70,$72,$6F,$63,$65,$73,$73,$20,$74,$61,$62,$6C,$65,$0D,$00
000047r 1  65 73 73 20  
00004Br 1  74 61 62 6C  
000052r 1               _ps_write_message:
000052r 1  70 73 3A 20  	.byte	$70,$73,$3A,$20,$77,$72,$69,$74,$65,$20,$65,$72,$72,$6F,$72,$0D
000056r 1  77 72 69 74  
00005Ar 1  65 20 65 72  
000062r 1  00           	.byte	$00
000063r 1               _ps_space:
000063r 1  20 00        	.byte	$20,$00
000065r 1               _ps_cr:
000065r 1  0D 00        	.byte	$0D,$00
000067r 1               _ps_state_empty:
000067r 1  45 4D 50 00  	.byte	$45,$4D,$50,$00
00006Br 1               _ps_state_new:
00006Br 1  4E 45 57 00  	.byte	$4E,$45,$57,$00
00006Fr 1               _ps_state_ready:
00006Fr 1  52 44 59 00  	.byte	$52,$44,$59,$00
000073r 1               _ps_state_running:
000073r 1  52 55 4E 00  	.byte	$52,$55,$4E,$00
000077r 1               _ps_state_blocked:
000077r 1  42 4C 4B 00  	.byte	$42,$4C,$4B,$00
00007Br 1               _ps_state_stopped:
00007Br 1  53 54 50 00  	.byte	$53,$54,$50,$00
00007Fr 1               _ps_state_zombie:
00007Fr 1  5A 4F 4D 00  	.byte	$5A,$4F,$4D,$00
000083r 1               _ps_state_unknown:
000083r 1  3F 3F 3F 00  	.byte	$3F,$3F,$3F,$00
000087r 1               _ps_wait_none:
000087r 1  2D 2D 2D 2D  	.byte	$2D,$2D,$2D,$2D,$00
00008Br 1  00           
00008Cr 1               _ps_wait_console:
00008Cr 1  43 4F 4E 20  	.byte	$43,$4F,$4E,$20,$00
000090r 1  00           
000091r 1               _ps_wait_device:
000091r 1  44 45 56 20  	.byte	$44,$45,$56,$20,$00
000095r 1  00           
000096r 1               _ps_wait_pipe_read:
000096r 1  50 49 50 52  	.byte	$50,$49,$50,$52,$00
00009Ar 1  00           
00009Br 1               _ps_wait_timer:
00009Br 1  54 49 4D 52  	.byte	$54,$49,$4D,$52,$00
00009Fr 1  00           
0000A0r 1               _ps_wait_process:
0000A0r 1  50 52 4F 43  	.byte	$50,$52,$4F,$43,$00
0000A4r 1  00           
0000A5r 1               _ps_wait_lock:
0000A5r 1  4C 4F 43 4B  	.byte	$4C,$4F,$43,$4B,$00
0000A9r 1  00           
0000AAr 1               _ps_wait_pipe_write:
0000AAr 1  50 49 50 57  	.byte	$50,$49,$50,$57,$00
0000AEr 1  00           
0000AFr 1               _ps_wait_rp:
0000AFr 1  52 50 20 20  	.byte	$52,$50,$20,$20,$00
0000B3r 1  00           
0000B4r 1               _ps_wait_unknown:
0000B4r 1  3F 3F 3F 3F  	.byte	$3F,$3F,$3F,$3F,$00
0000B8r 1  00           
0000B9r 1               _ps_object_none:
0000B9r 1  2D 2D 2D 00  	.byte	$2D,$2D,$2D,$00
0000BDr 1               _ps_object_file_io:
0000BDr 1  46 49 4F 00  	.byte	$46,$49,$4F,$00
0000C1r 1               _ps_object_process:
0000C1r 1  50 52 43 00  	.byte	$50,$52,$43,$00
0000C5r 1               _ps_object_unknown:
0000C5r 1  3F 3F 3F 00  	.byte	$3F,$3F,$3F,$00
0000C9r 1               S001E:
0000C9r 1  20 20 20 00  	.byte	$20,$20,$20,$00
0000CDr 1               S001D	:=	S001E+1
0000CDr 1               S001F	:=	S001E+2
0000CDr 1               
0000CDr 1               .segment	"C_BSS"
000000r 1               
000000r 1               .segment	"C_BSS"
000000r 1               _ps_hex_buffer:
000000r 1  00 00        	.res	2,$00
000002r 1               _ps_decimal_buffer:
000002r 1  00 00 00 00  	.res	10,$00
000006r 1  00 00 00 00  
00000Ar 1  00 00        
00000Cr 1               _ps_info:
00000Cr 1  00 00 00 00  	.res	7,$00
000010r 1  00 00 00     
000013r 1               
000013r 1               ; ---------------------------------------------------------------
000013r 1               ; unsigned char __near__ ps_write_text (const char *text)
000013r 1               ; ---------------------------------------------------------------
000013r 1               
000013r 1               .segment	"C_CODE"
000000r 1               
000000r 1               .proc	_ps_write_text: near
000000r 1               
000000r 1               .segment	"C_CODE"
000000r 1               
000000r 1  20 rr rr     	jsr     pushax
000003r 1  A9 01        	lda     #$01
000005r 1  20 rr rr     	jsr     pusha
000008r 1  A0 02        	ldy     #$02
00000Ar 1  B1 rr        	lda     (c_sp),y
00000Cr 1  AA           	tax
00000Dr 1  88           	dey
00000Er 1  B1 rr        	lda     (c_sp),y
000010r 1  20 rr rr     	jsr     _neox_applet_write_string
000013r 1  4C rr rr     	jmp     incsp2
000016r 1               
000016r 1               .endproc
000016r 1               
000016r 1               ; ---------------------------------------------------------------
000016r 1               ; unsigned char __near__ ps_write_hex (unsigned char value)
000016r 1               ; ---------------------------------------------------------------
000016r 1               
000016r 1               .segment	"C_CODE"
000016r 1               
000016r 1               .proc	_ps_write_hex: near
000016r 1               
000016r 1               .segment	"C_CODE"
000016r 1               
000016r 1  20 rr rr     	jsr     pusha
000019r 1  B2 rr        	lda     (c_sp)
00001Br 1  20 rr rr     	jsr     pusha
00001Er 1  A9 rr        	lda     #<(_ps_hex_buffer)
000020r 1  A2 rr        	ldx     #>(_ps_hex_buffer)
000022r 1  20 rr rr     	jsr     _neox_applet_format_hex8
000025r 1  20 rr rr     	jsr     decsp3
000028r 1  A9 01        	lda     #$01
00002Ar 1  A0 02        	ldy     #$02
00002Cr 1  91 rr        	sta     (c_sp),y
00002Er 1  A9 rr        	lda     #<(_ps_hex_buffer)
000030r 1  92 rr        	sta     (c_sp)
000032r 1  88           	dey
000033r 1  A9 rr        	lda     #>(_ps_hex_buffer)
000035r 1  91 rr        	sta     (c_sp),y
000037r 1  A2 00        	ldx     #$00
000039r 1  A9 02        	lda     #$02
00003Br 1  20 rr rr     	jsr     _neox_applet_write_all
00003Er 1  4C rr rr     	jmp     incsp1
000041r 1               
000041r 1               .endproc
000041r 1               
000041r 1               ; ---------------------------------------------------------------
000041r 1               ; unsigned char __near__ ps_write_signal_decimal (unsigned char value)
000041r 1               ; ---------------------------------------------------------------
000041r 1               
000041r 1               .segment	"C_CODE"
000041r 1               
000041r 1               .proc	_ps_write_signal_decimal: near
000041r 1               
000041r 1               .segment	"C_CODE"
000041r 1               
000041r 1  20 rr rr     	jsr     pusha
000044r 1  20 rr rr     	jsr     decsp3
000047r 1  A0 03        	ldy     #$03
000049r 1  A2 00        	ldx     #$00
00004Br 1  B1 rr        	lda     (c_sp),y
00004Dr 1  20 rr rr     	jsr     push0ax
000050r 1  A9 rr        	lda     #<(_ps_decimal_buffer)
000052r 1  A2 rr        	ldx     #>(_ps_decimal_buffer)
000054r 1  20 rr rr     	jsr     _neox_applet_format_u32
000057r 1  A0 01        	ldy     #$01
000059r 1  20 rr rr     	jsr     staxysp
00005Cr 1  E0 00        	cpx     #$00
00005Er 1  D0 02        	bne     L0003
000060r 1  C9 02        	cmp     #$02
000062r 1  B0 25        L0003:	bcs     L0004
000064r 1  20 rr rr     	jsr     decsp3
000067r 1  A9 01        	lda     #$01
000069r 1  A0 02        	ldy     #$02
00006Br 1  91 rr        	sta     (c_sp),y
00006Dr 1  A9 rr        	lda     #<(_ps_space)
00006Fr 1  92 rr        	sta     (c_sp)
000071r 1  88           	dey
000072r 1  A9 rr        	lda     #>(_ps_space)
000074r 1  91 rr        	sta     (c_sp),y
000076r 1  A2 00        	ldx     #$00
000078r 1  98           	tya
000079r 1  20 rr rr     	jsr     _neox_applet_write_all
00007Cr 1  92 rr        	sta     (c_sp)
00007Er 1  B2 rr        	lda     (c_sp)
000080r 1  F0 07        	beq     L0004
000082r 1  A2 00        	ldx     #$00
000084r 1  B2 rr        	lda     (c_sp)
000086r 1  4C rr rr     	jmp     incsp4
000089r 1  20 rr rr     L0004:	jsr     decsp3
00008Cr 1  A9 01        	lda     #$01
00008Er 1  A0 02        	ldy     #$02
000090r 1  91 rr        	sta     (c_sp),y
000092r 1  A9 rr        	lda     #<(_ps_decimal_buffer)
000094r 1  92 rr        	sta     (c_sp)
000096r 1  88           	dey
000097r 1  A9 rr        	lda     #>(_ps_decimal_buffer)
000099r 1  91 rr        	sta     (c_sp),y
00009Br 1  A0 05        	ldy     #$05
00009Dr 1  B1 rr        	lda     (c_sp),y
00009Fr 1  AA           	tax
0000A0r 1  88           	dey
0000A1r 1  B1 rr        	lda     (c_sp),y
0000A3r 1  20 rr rr     	jsr     _neox_applet_write_all
0000A6r 1  4C rr rr     	jmp     incsp4
0000A9r 1               
0000A9r 1               .endproc
0000A9r 1               
0000A9r 1               ; ---------------------------------------------------------------
0000A9r 1               ; const char *__near__ ps_state_text (unsigned char state)
0000A9r 1               ; ---------------------------------------------------------------
0000A9r 1               
0000A9r 1               .segment	"C_CODE"
0000A9r 1               
0000A9r 1               .proc	_ps_state_text: near
0000A9r 1               
0000A9r 1               .segment	"C_CODE"
0000A9r 1               
0000A9r 1  20 rr rr     	jsr     pusha
0000ACr 1  B2 rr        	lda     (c_sp)
0000AEr 1  F0 1A        	beq     L0004
0000B0r 1  C9 01        	cmp     #$01
0000B2r 1  F0 1D        	beq     L0005
0000B4r 1  C9 02        	cmp     #$02
0000B6r 1  F0 20        	beq     L0006
0000B8r 1  C9 03        	cmp     #$03
0000BAr 1  F0 23        	beq     L0007
0000BCr 1  C9 04        	cmp     #$04
0000BEr 1  F0 26        	beq     L0008
0000C0r 1  C9 05        	cmp     #$05
0000C2r 1  F0 29        	beq     L0009
0000C4r 1  C9 06        	cmp     #$06
0000C6r 1  F0 2C        	beq     L000A
0000C8r 1  80 31        	bra     L000B
0000CAr 1  A9 rr        L0004:	lda     #<(_ps_state_empty)
0000CCr 1  A2 rr        	ldx     #>(_ps_state_empty)
0000CEr 1  4C rr rr     	jmp     incsp1
0000D1r 1  A9 rr        L0005:	lda     #<(_ps_state_new)
0000D3r 1  A2 rr        	ldx     #>(_ps_state_new)
0000D5r 1  4C rr rr     	jmp     incsp1
0000D8r 1  A9 rr        L0006:	lda     #<(_ps_state_ready)
0000DAr 1  A2 rr        	ldx     #>(_ps_state_ready)
0000DCr 1  4C rr rr     	jmp     incsp1
0000DFr 1  A9 rr        L0007:	lda     #<(_ps_state_running)
0000E1r 1  A2 rr        	ldx     #>(_ps_state_running)
0000E3r 1  4C rr rr     	jmp     incsp1
0000E6r 1  A9 rr        L0008:	lda     #<(_ps_state_blocked)
0000E8r 1  A2 rr        	ldx     #>(_ps_state_blocked)
0000EAr 1  4C rr rr     	jmp     incsp1
0000EDr 1  A9 rr        L0009:	lda     #<(_ps_state_stopped)
0000EFr 1  A2 rr        	ldx     #>(_ps_state_stopped)
0000F1r 1  4C rr rr     	jmp     incsp1
0000F4r 1  A9 rr        L000A:	lda     #<(_ps_state_zombie)
0000F6r 1  A2 rr        	ldx     #>(_ps_state_zombie)
0000F8r 1  4C rr rr     	jmp     incsp1
0000FBr 1  A9 rr        L000B:	lda     #<(_ps_state_unknown)
0000FDr 1  A2 rr        	ldx     #>(_ps_state_unknown)
0000FFr 1  4C rr rr     	jmp     incsp1
000102r 1               
000102r 1               .endproc
000102r 1               
000102r 1               ; ---------------------------------------------------------------
000102r 1               ; const char *__near__ ps_wait_text (unsigned char wait_reason)
000102r 1               ; ---------------------------------------------------------------
000102r 1               
000102r 1               .segment	"C_CODE"
000102r 1               
000102r 1               .proc	_ps_wait_text: near
000102r 1               
000102r 1               .segment	"C_CODE"
000102r 1               
000102r 1  20 rr rr     	jsr     pusha
000105r 1  B2 rr        	lda     (c_sp)
000107r 1  F0 22        	beq     L0004
000109r 1  C9 01        	cmp     #$01
00010Br 1  F0 25        	beq     L0005
00010Dr 1  C9 02        	cmp     #$02
00010Fr 1  F0 28        	beq     L0006
000111r 1  C9 03        	cmp     #$03
000113r 1  F0 2B        	beq     L0007
000115r 1  C9 04        	cmp     #$04
000117r 1  F0 2E        	beq     L0008
000119r 1  C9 05        	cmp     #$05
00011Br 1  F0 31        	beq     L0009
00011Dr 1  C9 06        	cmp     #$06
00011Fr 1  F0 34        	beq     L000A
000121r 1  C9 07        	cmp     #$07
000123r 1  F0 37        	beq     L000B
000125r 1  C9 08        	cmp     #$08
000127r 1  F0 3A        	beq     L000C
000129r 1  80 3F        	bra     L000D
00012Br 1  A9 rr        L0004:	lda     #<(_ps_wait_none)
00012Dr 1  A2 rr        	ldx     #>(_ps_wait_none)
00012Fr 1  4C rr rr     	jmp     incsp1
000132r 1  A9 rr        L0005:	lda     #<(_ps_wait_console)
000134r 1  A2 rr        	ldx     #>(_ps_wait_console)
000136r 1  4C rr rr     	jmp     incsp1
000139r 1  A9 rr        L0006:	lda     #<(_ps_wait_device)
00013Br 1  A2 rr        	ldx     #>(_ps_wait_device)
00013Dr 1  4C rr rr     	jmp     incsp1
000140r 1  A9 rr        L0007:	lda     #<(_ps_wait_pipe_read)
000142r 1  A2 rr        	ldx     #>(_ps_wait_pipe_read)
000144r 1  4C rr rr     	jmp     incsp1
000147r 1  A9 rr        L0008:	lda     #<(_ps_wait_timer)
000149r 1  A2 rr        	ldx     #>(_ps_wait_timer)
00014Br 1  4C rr rr     	jmp     incsp1
00014Er 1  A9 rr        L0009:	lda     #<(_ps_wait_process)
000150r 1  A2 rr        	ldx     #>(_ps_wait_process)
000152r 1  4C rr rr     	jmp     incsp1
000155r 1  A9 rr        L000A:	lda     #<(_ps_wait_lock)
000157r 1  A2 rr        	ldx     #>(_ps_wait_lock)
000159r 1  4C rr rr     	jmp     incsp1
00015Cr 1  A9 rr        L000B:	lda     #<(_ps_wait_pipe_write)
00015Er 1  A2 rr        	ldx     #>(_ps_wait_pipe_write)
000160r 1  4C rr rr     	jmp     incsp1
000163r 1  A9 rr        L000C:	lda     #<(_ps_wait_rp)
000165r 1  A2 rr        	ldx     #>(_ps_wait_rp)
000167r 1  4C rr rr     	jmp     incsp1
00016Ar 1  A9 rr        L000D:	lda     #<(_ps_wait_unknown)
00016Cr 1  A2 rr        	ldx     #>(_ps_wait_unknown)
00016Er 1  4C rr rr     	jmp     incsp1
000171r 1               
000171r 1               .endproc
000171r 1               
000171r 1               ; ---------------------------------------------------------------
000171r 1               ; const char *__near__ ps_object_text (unsigned char wait_reason, unsigned char wait_object)
000171r 1               ; ---------------------------------------------------------------
000171r 1               
000171r 1               .segment	"C_CODE"
000171r 1               
000171r 1               .proc	_ps_object_text: near
000171r 1               
000171r 1               .segment	"C_CODE"
000171r 1               
000171r 1  20 rr rr     	jsr     pusha
000174r 1  A0 01        	ldy     #$01
000176r 1  B1 rr        	lda     (c_sp),y
000178r 1  D0 07        	bne     L0007
00017Ar 1  A9 rr        	lda     #<(_ps_object_none)
00017Cr 1  A2 rr        	ldx     #>(_ps_object_none)
00017Er 1  4C rr rr     	jmp     incsp2
000181r 1  B1 rr        L0007:	lda     (c_sp),y
000183r 1  C9 06        	cmp     #$06
000185r 1  F0 06        	beq     L0003
000187r 1  A2 00        	ldx     #$00
000189r 1  8A           	txa
00018Ar 1  4C rr rr     	jmp     incsp2
00018Dr 1  B2 rr        L0003:	lda     (c_sp)
00018Fr 1  D0 07        	bne     L0009
000191r 1  A9 rr        	lda     #<(_ps_object_file_io)
000193r 1  A2 rr        	ldx     #>(_ps_object_file_io)
000195r 1  4C rr rr     	jmp     incsp2
000198r 1  B2 rr        L0009:	lda     (c_sp)
00019Ar 1  C9 01        	cmp     #$01
00019Cr 1  D0 07        	bne     L0005
00019Er 1  A9 rr        	lda     #<(_ps_object_process)
0001A0r 1  A2 rr        	ldx     #>(_ps_object_process)
0001A2r 1  4C rr rr     	jmp     incsp2
0001A5r 1  A9 rr        L0005:	lda     #<(_ps_object_unknown)
0001A7r 1  A2 rr        	ldx     #>(_ps_object_unknown)
0001A9r 1  4C rr rr     	jmp     incsp2
0001ACr 1               
0001ACr 1               .endproc
0001ACr 1               
0001ACr 1               ; ---------------------------------------------------------------
0001ACr 1               ; unsigned char __near__ ps_print_row (const struct neox_process_info *info)
0001ACr 1               ; ---------------------------------------------------------------
0001ACr 1               
0001ACr 1               .segment	"C_CODE"
0001ACr 1               
0001ACr 1               .proc	_ps_print_row: near
0001ACr 1               
0001ACr 1               .segment	"C_CODE"
0001ACr 1               
0001ACr 1  20 rr rr     	jsr     pushax
0001AFr 1  20 rr rr     	jsr     decsp3
0001B2r 1  A0 04        	ldy     #$04
0001B4r 1  B1 rr        	lda     (c_sp),y
0001B6r 1  85 rr        	sta     ptr1+1
0001B8r 1  88           	dey
0001B9r 1  B1 rr        	lda     (c_sp),y
0001BBr 1  85 rr        	sta     ptr1
0001BDr 1  B2 rr        	lda     (ptr1)
0001BFr 1  20 rr rr     	jsr     _ps_write_hex
0001C2r 1  92 rr        	sta     (c_sp)
0001C4r 1  B2 rr        	lda     (c_sp)
0001C6r 1  F0 07        	beq     L0002
0001C8r 1  A2 00        	ldx     #$00
0001CAr 1  B2 rr        	lda     (c_sp)
0001CCr 1  4C rr rr     	jmp     incsp5
0001CFr 1  A9 rr        L0002:	lda     #<(S001D)
0001D1r 1  A2 rr        	ldx     #>(S001D)
0001D3r 1  20 rr rr     	jsr     _ps_write_text
0001D6r 1  92 rr        	sta     (c_sp)
0001D8r 1  B2 rr        	lda     (c_sp)
0001DAr 1  F0 07        	beq     L0003
0001DCr 1  A2 00        	ldx     #$00
0001DEr 1  B2 rr        	lda     (c_sp)
0001E0r 1  4C rr rr     	jmp     incsp5
0001E3r 1  A0 04        L0003:	ldy     #$04
0001E5r 1  B1 rr        	lda     (c_sp),y
0001E7r 1  85 rr        	sta     ptr1+1
0001E9r 1  88           	dey
0001EAr 1  B1 rr        	lda     (c_sp),y
0001ECr 1  85 rr        	sta     ptr1
0001EEr 1  A0 01        	ldy     #$01
0001F0r 1  B1 rr        	lda     (ptr1),y
0001F2r 1  20 rr rr     	jsr     _ps_write_hex
0001F5r 1  92 rr        	sta     (c_sp)
0001F7r 1  B2 rr        	lda     (c_sp)
0001F9r 1  F0 07        	beq     L0004
0001FBr 1  A2 00        	ldx     #$00
0001FDr 1  B2 rr        	lda     (c_sp)
0001FFr 1  4C rr rr     	jmp     incsp5
000202r 1  A9 rr        L0004:	lda     #<(S001E)
000204r 1  A2 rr        	ldx     #>(S001E)
000206r 1  20 rr rr     	jsr     _ps_write_text
000209r 1  92 rr        	sta     (c_sp)
00020Br 1  B2 rr        	lda     (c_sp)
00020Dr 1  F0 07        	beq     L0005
00020Fr 1  A2 00        	ldx     #$00
000211r 1  B2 rr        	lda     (c_sp)
000213r 1  4C rr rr     	jmp     incsp5
000216r 1  A0 04        L0005:	ldy     #$04
000218r 1  B1 rr        	lda     (c_sp),y
00021Ar 1  85 rr        	sta     ptr1+1
00021Cr 1  88           	dey
00021Dr 1  B1 rr        	lda     (c_sp),y
00021Fr 1  85 rr        	sta     ptr1
000221r 1  88           	dey
000222r 1  B1 rr        	lda     (ptr1),y
000224r 1  20 rr rr     	jsr     _ps_state_text
000227r 1  20 rr rr     	jsr     _ps_write_text
00022Ar 1  92 rr        	sta     (c_sp)
00022Cr 1  B2 rr        	lda     (c_sp)
00022Er 1  F0 07        	beq     L0006
000230r 1  A2 00        	ldx     #$00
000232r 1  B2 rr        	lda     (c_sp)
000234r 1  4C rr rr     	jmp     incsp5
000237r 1  20 rr rr     L0006:	jsr     decsp3
00023Ar 1  A9 01        	lda     #$01
00023Cr 1  A0 02        	ldy     #$02
00023Er 1  91 rr        	sta     (c_sp),y
000240r 1  A9 rr        	lda     #<(_ps_space)
000242r 1  92 rr        	sta     (c_sp)
000244r 1  88           	dey
000245r 1  A9 rr        	lda     #>(_ps_space)
000247r 1  91 rr        	sta     (c_sp),y
000249r 1  A2 00        	ldx     #$00
00024Br 1  98           	tya
00024Cr 1  20 rr rr     	jsr     _neox_applet_write_all
00024Fr 1  92 rr        	sta     (c_sp)
000251r 1  B2 rr        	lda     (c_sp)
000253r 1  F0 07        	beq     L0007
000255r 1  A2 00        	ldx     #$00
000257r 1  B2 rr        	lda     (c_sp)
000259r 1  4C rr rr     	jmp     incsp5
00025Cr 1  A0 04        L0007:	ldy     #$04
00025Er 1  B1 rr        	lda     (c_sp),y
000260r 1  85 rr        	sta     ptr1+1
000262r 1  88           	dey
000263r 1  B1 rr        	lda     (c_sp),y
000265r 1  85 rr        	sta     ptr1
000267r 1  B1 rr        	lda     (ptr1),y
000269r 1  20 rr rr     	jsr     _ps_wait_text
00026Cr 1  20 rr rr     	jsr     _ps_write_text
00026Fr 1  92 rr        	sta     (c_sp)
000271r 1  B2 rr        	lda     (c_sp)
000273r 1  F0 07        	beq     L0008
000275r 1  A2 00        	ldx     #$00
000277r 1  B2 rr        	lda     (c_sp)
000279r 1  4C rr rr     	jmp     incsp5
00027Cr 1  20 rr rr     L0008:	jsr     decsp3
00027Fr 1  A9 01        	lda     #$01
000281r 1  A0 02        	ldy     #$02
000283r 1  91 rr        	sta     (c_sp),y
000285r 1  A9 rr        	lda     #<(_ps_space)
000287r 1  92 rr        	sta     (c_sp)
000289r 1  88           	dey
00028Ar 1  A9 rr        	lda     #>(_ps_space)
00028Cr 1  91 rr        	sta     (c_sp),y
00028Er 1  A2 00        	ldx     #$00
000290r 1  98           	tya
000291r 1  20 rr rr     	jsr     _neox_applet_write_all
000294r 1  92 rr        	sta     (c_sp)
000296r 1  B2 rr        	lda     (c_sp)
000298r 1  F0 07        	beq     L0009
00029Ar 1  A2 00        	ldx     #$00
00029Cr 1  B2 rr        	lda     (c_sp)
00029Er 1  4C rr rr     	jmp     incsp5
0002A1r 1  A0 04        L0009:	ldy     #$04
0002A3r 1  B1 rr        	lda     (c_sp),y
0002A5r 1  85 rr        	sta     ptr1+1
0002A7r 1  88           	dey
0002A8r 1  B1 rr        	lda     (c_sp),y
0002AAr 1  85 rr        	sta     ptr1
0002ACr 1  B1 rr        	lda     (ptr1),y
0002AEr 1  20 rr rr     	jsr     pusha
0002B1r 1  A0 05        	ldy     #$05
0002B3r 1  B1 rr        	lda     (c_sp),y
0002B5r 1  85 rr        	sta     ptr1+1
0002B7r 1  88           	dey
0002B8r 1  B1 rr        	lda     (c_sp),y
0002BAr 1  85 rr        	sta     ptr1
0002BCr 1  C8           	iny
0002BDr 1  B1 rr        	lda     (ptr1),y
0002BFr 1  20 rr rr     	jsr     _ps_object_text
0002C2r 1  A0 01        	ldy     #$01
0002C4r 1  20 rr rr     	jsr     staxysp
0002C7r 1  E0 00        	cpx     #$00
0002C9r 1  D0 04        	bne     L0014
0002CBr 1  C9 00        	cmp     #$00
0002CDr 1  F0 0D        	beq     L000A
0002CFr 1  A0 02        L0014:	ldy     #$02
0002D1r 1  B1 rr        	lda     (c_sp),y
0002D3r 1  AA           	tax
0002D4r 1  88           	dey
0002D5r 1  B1 rr        	lda     (c_sp),y
0002D7r 1  20 rr rr     	jsr     _ps_write_text
0002DAr 1  80 30        	bra     L0015
0002DCr 1  A0 04        L000A:	ldy     #$04
0002DEr 1  B1 rr        	lda     (c_sp),y
0002E0r 1  85 rr        	sta     ptr1+1
0002E2r 1  88           	dey
0002E3r 1  B1 rr        	lda     (c_sp),y
0002E5r 1  85 rr        	sta     ptr1
0002E7r 1  A0 05        	ldy     #$05
0002E9r 1  B1 rr        	lda     (ptr1),y
0002EBr 1  20 rr rr     	jsr     _ps_write_hex
0002EEr 1  92 rr        	sta     (c_sp)
0002F0r 1  B2 rr        	lda     (c_sp)
0002F2r 1  D0 1A        	bne     L0013
0002F4r 1  20 rr rr     	jsr     decsp3
0002F7r 1  A9 01        	lda     #$01
0002F9r 1  A0 02        	ldy     #$02
0002FBr 1  91 rr        	sta     (c_sp),y
0002FDr 1  A9 rr        	lda     #<(_ps_space)
0002FFr 1  92 rr        	sta     (c_sp)
000301r 1  88           	dey
000302r 1  A9 rr        	lda     #>(_ps_space)
000304r 1  91 rr        	sta     (c_sp),y
000306r 1  A2 00        	ldx     #$00
000308r 1  98           	tya
000309r 1  20 rr rr     	jsr     _neox_applet_write_all
00030Cr 1  92 rr        L0015:	sta     (c_sp)
00030Er 1  B2 rr        L0013:	lda     (c_sp)
000310r 1  F0 07        	beq     L000E
000312r 1  A2 00        	ldx     #$00
000314r 1  B2 rr        	lda     (c_sp)
000316r 1  4C rr rr     	jmp     incsp5
000319r 1  A9 rr        L000E:	lda     #<(S001F)
00031Br 1  A2 rr        	ldx     #>(S001F)
00031Dr 1  20 rr rr     	jsr     _ps_write_text
000320r 1  92 rr        	sta     (c_sp)
000322r 1  B2 rr        	lda     (c_sp)
000324r 1  F0 07        	beq     L000F
000326r 1  A2 00        	ldx     #$00
000328r 1  B2 rr        	lda     (c_sp)
00032Ar 1  4C rr rr     	jmp     incsp5
00032Dr 1  A0 04        L000F:	ldy     #$04
00032Fr 1  B1 rr        	lda     (c_sp),y
000331r 1  85 rr        	sta     ptr1+1
000333r 1  88           	dey
000334r 1  B1 rr        	lda     (c_sp),y
000336r 1  85 rr        	sta     ptr1
000338r 1  C8           	iny
000339r 1  B1 rr        	lda     (ptr1),y
00033Br 1  20 rr rr     	jsr     _ps_write_signal_decimal
00033Er 1  92 rr        	sta     (c_sp)
000340r 1  B2 rr        	lda     (c_sp)
000342r 1  F0 07        	beq     L0010
000344r 1  A2 00        	ldx     #$00
000346r 1  B2 rr        	lda     (c_sp)
000348r 1  4C rr rr     	jmp     incsp5
00034Br 1  20 rr rr     L0010:	jsr     decsp3
00034Er 1  A9 01        	lda     #$01
000350r 1  A0 02        	ldy     #$02
000352r 1  91 rr        	sta     (c_sp),y
000354r 1  A9 rr        	lda     #<(_ps_cr)
000356r 1  92 rr        	sta     (c_sp)
000358r 1  88           	dey
000359r 1  A9 rr        	lda     #>(_ps_cr)
00035Br 1  91 rr        	sta     (c_sp),y
00035Dr 1  A2 00        	ldx     #$00
00035Fr 1  98           	tya
000360r 1  20 rr rr     	jsr     _neox_applet_write_all
000363r 1  4C rr rr     	jmp     incsp5
000366r 1               
000366r 1               .endproc
000366r 1               
000366r 1               ; ---------------------------------------------------------------
000366r 1               ; unsigned char __near__ neox_applet_ps (const struct neox_applet_context *context)
000366r 1               ; ---------------------------------------------------------------
000366r 1               
000366r 1               .segment	"C_CODE"
000366r 1               
000366r 1               .proc	_neox_applet_ps: near
000366r 1               
000366r 1               .segment	"C_CODE"
000366r 1               
000366r 1  20 rr rr     	jsr     pushax
000369r 1  A0 0C        	ldy     #$0C
00036Br 1  20 rr rr     	jsr     subysp
00036Er 1  A5 rr        	lda     c_sp
000370r 1  A6 rr        	ldx     c_sp+1
000372r 1  18           	clc
000373r 1  69 06        	adc     #$06
000375r 1  90 01        	bcc     L0002
000377r 1  E8           	inx
000378r 1  20 rr rr     L0002:	jsr     pushax
00037Br 1  A0 0F        	ldy     #$0F
00037Dr 1  B1 rr        	lda     (c_sp),y
00037Fr 1  AA           	tax
000380r 1  88           	dey
000381r 1  B1 rr        	lda     (c_sp),y
000383r 1  20 rr rr     	jsr     _neox_arg_cursor_init
000386r 1  A5 rr        	lda     c_sp
000388r 1  A6 rr        	ldx     c_sp+1
00038Ar 1  18           	clc
00038Br 1  69 06        	adc     #$06
00038Dr 1  90 01        	bcc     L0004
00038Fr 1  E8           	inx
000390r 1  20 rr rr     L0004:	jsr     pushax
000393r 1  A5 rr        	lda     c_sp
000395r 1  A6 rr        	ldx     c_sp+1
000397r 1  18           	clc
000398r 1  69 04        	adc     #$04
00039Ar 1  90 01        	bcc     L0005
00039Cr 1  E8           	inx
00039Dr 1  20 rr rr     L0005:	jsr     _neox_arg_next
0003A0r 1  C9 00        	cmp     #$00
0003A2r 1  F0 0D        	beq     L0003
0003A4r 1  A9 rr        	lda     #<(_ps_extra_message)
0003A6r 1  A2 rr        	ldx     #>(_ps_extra_message)
0003A8r 1  20 rr rr     	jsr     _neox_applet_report
0003ABr 1  A2 00        	ldx     #$00
0003ADr 1  A9 06        	lda     #$06
0003AFr 1  80 6B        	bra     L0001
0003B1r 1  A9 rr        L0003:	lda     #<(_ps_header)
0003B3r 1  A2 rr        	ldx     #>(_ps_header)
0003B5r 1  20 rr rr     	jsr     _ps_write_text
0003B8r 1  92 rr        	sta     (c_sp)
0003BAr 1  B2 rr        	lda     (c_sp)
0003BCr 1  F0 0D        	beq     L0010
0003BEr 1  A9 rr        	lda     #<(_ps_write_message)
0003C0r 1  A2 rr        	ldx     #>(_ps_write_message)
0003C2r 1  20 rr rr     	jsr     _neox_applet_report
0003C5r 1  A2 00        	ldx     #$00
0003C7r 1  B2 rr        	lda     (c_sp)
0003C9r 1  80 51        	bra     L0001
0003CBr 1  A0 01        L0010:	ldy     #$01
0003CDr 1  91 rr        L000E:	sta     (c_sp),y
0003CFr 1  A2 00        	ldx     #$00
0003D1r 1  B1 rr        	lda     (c_sp),y
0003D3r 1  C9 08        	cmp     #$08
0003D5r 1  B0 44        	bcs     L0012
0003D7r 1  20 rr rr     	jsr     pusha
0003DAr 1  A9 rr        	lda     #<(_ps_info)
0003DCr 1  A2 rr        	ldx     #>(_ps_info)
0003DEr 1  20 rr rr     	jsr     _neox_get_process_info
0003E1r 1  92 rr        	sta     (c_sp)
0003E3r 1  B2 rr        	lda     (c_sp)
0003E5r 1  F0 0D        	beq     L0011
0003E7r 1  A9 rr        	lda     #<(_ps_read_message)
0003E9r 1  A2 rr        	ldx     #>(_ps_read_message)
0003EBr 1  20 rr rr     	jsr     _neox_applet_report
0003EEr 1  A2 00        	ldx     #$00
0003F0r 1  B2 rr        	lda     (c_sp)
0003F2r 1  80 28        	bra     L0001
0003F4r 1  AD rr rr     L0011:	lda     _ps_info+2
0003F7r 1  F0 1A        	beq     L0009
0003F9r 1  A9 rr        	lda     #<(_ps_info)
0003FBr 1  A2 rr        	ldx     #>(_ps_info)
0003FDr 1  20 rr rr     	jsr     _ps_print_row
000400r 1  92 rr        	sta     (c_sp)
000402r 1  B2 rr        	lda     (c_sp)
000404r 1  F0 0D        	beq     L0009
000406r 1  A9 rr        	lda     #<(_ps_write_message)
000408r 1  A2 rr        	ldx     #>(_ps_write_message)
00040Ar 1  20 rr rr     	jsr     _neox_applet_report
00040Dr 1  A2 00        	ldx     #$00
00040Fr 1  B2 rr        	lda     (c_sp)
000411r 1  80 09        	bra     L0001
000413r 1  A0 01        L0009:	ldy     #$01
000415r 1  18           	clc
000416r 1  98           	tya
000417r 1  71 rr        	adc     (c_sp),y
000419r 1  80 B2        	bra     L000E
00041Br 1  8A           L0012:	txa
00041Cr 1  A0 0E        L0001:	ldy     #$0E
00041Er 1  4C rr rr     	jmp     addysp
000421r 1               
000421r 1               .endproc
000421r 1               
000421r 1               
