ca65 V2.19 - Git cc3c40c
Main file   : out/user/applets/pwd.s
Current file: out/user/applets/pwd.s

000000r 1               ;
000000r 1               ; File generated by cc65 v 2.19 - Git cc3c40c
000000r 1               ;
000000r 1               	.fopt		compiler,"cc65 v 2.19 - Git cc3c40c"
000000r 1               	.setcpu		"65C02"
000000r 1               	.smart		on
000000r 1               	.autoimport	on
000000r 1               	.case		on
000000r 1               	.debuginfo	off
000000r 1               	.importzp	c_sp, sreg, regsave, regbank
000000r 1               	.importzp	tmp1, tmp2, tmp3, tmp4, ptr1, ptr2, ptr3, ptr4
000000r 1               	.macpack	longbranch
000000r 2               .macro  jeq     Target
000000r 2                       .if     .match(Target, 0)
000000r 2                       bne     *+5
000000r 2                       jmp     Target
000000r 2                       .elseif .def(Target) .and .const((*-2)-(Target)) .and ((*+2)-(Target) <= 127)
000000r 2                               beq     Target
000000r 2                       .else
000000r 2                               bne     *+5
000000r 2                               jmp     Target
000000r 2                       .endif
000000r 2               .endmacro
000000r 2               .macro  jne     Target
000000r 2                       .if     .match(Target, 0)
000000r 2                               beq     *+5
000000r 2                               jmp     Target
000000r 2                       .elseif .def(Target) .and .const((*-2)-(Target)) .and ((*+2)-(Target) <= 127)
000000r 2                               bne     Target
000000r 2                       .else
000000r 2                               beq     *+5
000000r 2                               jmp     Target
000000r 2                       .endif
000000r 2               .endmacro
000000r 2               .macro  jmi     Target
000000r 2                       .if     .match(Target, 0)
000000r 2                               bpl     *+5
000000r 2                               jmp     Target
000000r 2                       .elseif .def(Target) .and .const((*-2)-(Target)) .and ((*+2)-(Target) <= 127)
000000r 2                               bmi     Target
000000r 2                       .else
000000r 2                               bpl     *+5
000000r 2                               jmp     Target
000000r 2                       .endif
000000r 2               .endmacro
000000r 2               .macro  jpl     Target
000000r 2                       .if     .match(Target, 0)
000000r 2                               bmi     *+5
000000r 2                               jmp     Target
000000r 2                       .elseif .def(Target) .and .const((*-2)-(Target)) .and ((*+2)-(Target) <= 127)
000000r 2                               bpl     Target
000000r 2                       .else
000000r 2                               bmi     *+5
000000r 2                               jmp     Target
000000r 2                       .endif
000000r 2               .endmacro
000000r 2               .macro  jcs     Target
000000r 2                       .if     .match(Target, 0)
000000r 2                               bcc     *+5
000000r 2                               jmp     Target
000000r 2                       .elseif .def(Target) .and .const((*-2)-(Target)) .and ((*+2)-(Target) <= 127)
000000r 2                               bcs     Target
000000r 2                       .else
000000r 2                               bcc     *+5
000000r 2                               jmp     Target
000000r 2                       .endif
000000r 2               .endmacro
000000r 2               .macro  jcc     Target
000000r 2                       .if     .match(Target, 0)
000000r 2                               bcs     *+5
000000r 2                               jmp     Target
000000r 2                       .elseif .def(Target) .and .const((*-2)-(Target)) .and ((*+2)-(Target) <= 127)
000000r 2                               bcc     Target
000000r 2                       .else
000000r 2                               bcs     *+5
000000r 2                               jmp     Target
000000r 2                       .endif
000000r 2               .endmacro
000000r 2               .macro  jvs     Target
000000r 2                       .if     .match(Target, 0)
000000r 2                               bvc     *+5
000000r 2                               jmp     Target
000000r 2                       .elseif .def(Target) .and .const((*-2)-(Target)) .and ((*+2)-(Target) <= 127)
000000r 2                               bvs     Target
000000r 2                       .else
000000r 2                               bvc     *+5
000000r 2                               jmp     Target
000000r 2                       .endif
000000r 2               .endmacro
000000r 2               .macro  jvc     Target
000000r 2                       .if     .match(Target, 0)
000000r 2                               bvs     *+5
000000r 2                               jmp     Target
000000r 2                       .elseif .def(Target) .and .const((*-2)-(Target)) .and ((*+2)-(Target) <= 127)
000000r 2                               bvc     Target
000000r 2                       .else
000000r 2                               bvs     *+5
000000r 2                               jmp     Target
000000r 2                       .endif
000000r 2               .endmacro
000000r 2               
000000r 1               	.import		_neox_arg_cursor_init
000000r 1               	.import		_neox_arg_next
000000r 1               	.import		_neox_applet_write_all
000000r 1               	.import		_neox_applet_report
000000r 1               	.import		_neox_getcwd
000000r 1               	.export		_neox_applet_pwd
000000r 1               
000000r 1               .segment	"C_RODATA"
000000r 1               
000000r 1               _pwd_cr:
000000r 1  0D 00        	.byte	$0D,$00
000002r 1               _pwd_extra_message:
000002r 1  70 77 64 3A  	.byte	$70,$77,$64,$3A,$20,$74,$6F,$6F,$20,$6D,$61,$6E,$79,$20,$61,$72
000006r 1  20 74 6F 6F  
00000Ar 1  20 6D 61 6E  
000012r 1  67 75 6D 65  	.byte	$67,$75,$6D,$65,$6E,$74,$73,$0D,$00
000016r 1  6E 74 73 0D  
00001Ar 1  00           
00001Br 1               _pwd_getcwd_message:
00001Br 1  70 77 64 3A  	.byte	$70,$77,$64,$3A,$20,$63,$61,$6E,$6E,$6F,$74,$20,$67,$65,$74,$20
00001Fr 1  20 63 61 6E  
000023r 1  6E 6F 74 20  
00002Br 1  63 75 72 72  	.byte	$63,$75,$72,$72,$65,$6E,$74,$20,$64,$69,$72,$65,$63,$74,$6F,$72
00002Fr 1  65 6E 74 20  
000033r 1  64 69 72 65  
00003Br 1  79 0D 00     	.byte	$79,$0D,$00
00003Er 1               _pwd_write_message:
00003Er 1  70 77 64 3A  	.byte	$70,$77,$64,$3A,$20,$77,$72,$69,$74,$65,$20,$65,$72,$72,$6F,$72
000042r 1  20 77 72 69  
000046r 1  74 65 20 65  
00004Er 1  0D 00        	.byte	$0D,$00
000050r 1               
000050r 1               .segment	"C_BSS"
000000r 1               
000000r 1               .segment	"C_BSS"
000000r 1               _pwd_buffer:
000000r 1  00 00 00 00  	.res	64,$00
000004r 1  00 00 00 00  
000008r 1  00 00 00 00  
000040r 1               
000040r 1               ; ---------------------------------------------------------------
000040r 1               ; unsigned char __near__ neox_applet_pwd (const struct neox_applet_context *context)
000040r 1               ; ---------------------------------------------------------------
000040r 1               
000040r 1               .segment	"C_CODE"
000000r 1               
000000r 1               .proc	_neox_applet_pwd: near
000000r 1               
000000r 1               .segment	"C_CODE"
000000r 1               
000000r 1  20 rr rr     	jsr     pushax
000003r 1  A0 0D        	ldy     #$0D
000005r 1  20 rr rr     	jsr     subysp
000008r 1  A5 rr        	lda     c_sp
00000Ar 1  A6 rr        	ldx     c_sp+1
00000Cr 1  18           	clc
00000Dr 1  69 07        	adc     #$07
00000Fr 1  90 01        	bcc     L0002
000011r 1  E8           	inx
000012r 1  20 rr rr     L0002:	jsr     pushax
000015r 1  A0 10        	ldy     #$10
000017r 1  B1 rr        	lda     (c_sp),y
000019r 1  AA           	tax
00001Ar 1  88           	dey
00001Br 1  B1 rr        	lda     (c_sp),y
00001Dr 1  20 rr rr     	jsr     _neox_arg_cursor_init
000020r 1  A5 rr        	lda     c_sp
000022r 1  A6 rr        	ldx     c_sp+1
000024r 1  18           	clc
000025r 1  69 07        	adc     #$07
000027r 1  90 01        	bcc     L0004
000029r 1  E8           	inx
00002Ar 1  20 rr rr     L0004:	jsr     pushax
00002Dr 1  A5 rr        	lda     c_sp
00002Fr 1  A6 rr        	ldx     c_sp+1
000031r 1  18           	clc
000032r 1  69 05        	adc     #$05
000034r 1  90 01        	bcc     L0005
000036r 1  E8           	inx
000037r 1  20 rr rr     L0005:	jsr     _neox_arg_next
00003Ar 1  C9 00        	cmp     #$00
00003Cr 1  F0 0E        	beq     L0003
00003Er 1  A9 rr        	lda     #<(_pwd_extra_message)
000040r 1  A2 rr        	ldx     #>(_pwd_extra_message)
000042r 1  20 rr rr     	jsr     _neox_applet_report
000045r 1  A2 00        	ldx     #$00
000047r 1  A9 06        	lda     #$06
000049r 1  4C rr rr     	jmp     L0001
00004Cr 1  A0 01        L0003:	ldy     #$01
00004Er 1  91 rr        	sta     (c_sp),y
000050r 1  C8           	iny
000051r 1  91 rr        	sta     (c_sp),y
000053r 1  20 rr rr     	jsr     decsp4
000056r 1  A9 rr        	lda     #<(_pwd_buffer)
000058r 1  91 rr        	sta     (c_sp),y
00005Ar 1  C8           	iny
00005Br 1  A9 rr        	lda     #>(_pwd_buffer)
00005Dr 1  91 rr        	sta     (c_sp),y
00005Fr 1  A9 40        	lda     #$40
000061r 1  92 rr        	sta     (c_sp)
000063r 1  A0 01        	ldy     #$01
000065r 1  A9 00        	lda     #$00
000067r 1  91 rr        	sta     (c_sp),y
000069r 1  A5 rr        	lda     c_sp
00006Br 1  A6 rr        	ldx     c_sp+1
00006Dr 1  18           	clc
00006Er 1  69 05        	adc     #$05
000070r 1  90 01        	bcc     L0006
000072r 1  E8           	inx
000073r 1  20 rr rr     L0006:	jsr     _neox_getcwd
000076r 1  92 rr        	sta     (c_sp)
000078r 1  B2 rr        	lda     (c_sp)
00007Ar 1  F0 06        	beq     L0007
00007Cr 1  A9 rr        	lda     #<(_pwd_getcwd_message)
00007Er 1  A2 rr        	ldx     #>(_pwd_getcwd_message)
000080r 1  80 47        	bra     L000E
000082r 1  20 rr rr     L0007:	jsr     decsp3
000085r 1  A9 01        	lda     #$01
000087r 1  A0 02        	ldy     #$02
000089r 1  91 rr        	sta     (c_sp),y
00008Br 1  A9 rr        	lda     #<(_pwd_buffer)
00008Dr 1  92 rr        	sta     (c_sp)
00008Fr 1  88           	dey
000090r 1  A9 rr        	lda     #>(_pwd_buffer)
000092r 1  91 rr        	sta     (c_sp),y
000094r 1  A0 05        	ldy     #$05
000096r 1  B1 rr        	lda     (c_sp),y
000098r 1  AA           	tax
000099r 1  88           	dey
00009Ar 1  B1 rr        	lda     (c_sp),y
00009Cr 1  20 rr rr     	jsr     _neox_applet_write_all
00009Fr 1  92 rr        	sta     (c_sp)
0000A1r 1  B2 rr        	lda     (c_sp)
0000A3r 1  D0 20        	bne     L0010
0000A5r 1  20 rr rr     	jsr     decsp3
0000A8r 1  A9 01        	lda     #$01
0000AAr 1  A0 02        	ldy     #$02
0000ACr 1  91 rr        	sta     (c_sp),y
0000AEr 1  A9 rr        	lda     #<(_pwd_cr)
0000B0r 1  92 rr        	sta     (c_sp)
0000B2r 1  88           	dey
0000B3r 1  A9 rr        	lda     #>(_pwd_cr)
0000B5r 1  91 rr        	sta     (c_sp),y
0000B7r 1  A2 00        	ldx     #$00
0000B9r 1  98           	tya
0000BAr 1  20 rr rr     	jsr     _neox_applet_write_all
0000BDr 1  92 rr        	sta     (c_sp)
0000BFr 1  A2 00        	ldx     #$00
0000C1r 1  B2 rr        	lda     (c_sp)
0000C3r 1  F0 09        	beq     L000A
0000C5r 1  A9 rr        L0010:	lda     #<(_pwd_write_message)
0000C7r 1  A2 rr        	ldx     #>(_pwd_write_message)
0000C9r 1  20 rr rr     L000E:	jsr     _neox_applet_report
0000CCr 1  A2 00        	ldx     #$00
0000CEr 1  B2 rr        L000A:	lda     (c_sp)
0000D0r 1  A0 0F        L0001:	ldy     #$0F
0000D2r 1  4C rr rr     	jmp     addysp
0000D5r 1               
0000D5r 1               .endproc
0000D5r 1               
0000D5r 1               
