ca65 V2.19 - Git cc3c40c
Main file   : out/user/applets/rmdir.s
Current file: out/user/applets/rmdir.s

000000r 1               ;
000000r 1               ; File generated by cc65 v 2.19 - Git cc3c40c
000000r 1               ;
000000r 1               	.fopt		compiler,"cc65 v 2.19 - Git cc3c40c"
000000r 1               	.setcpu		"65C02"
000000r 1               	.smart		on
000000r 1               	.autoimport	on
000000r 1               	.case		on
000000r 1               	.debuginfo	off
000000r 1               	.importzp	c_sp, sreg, regsave, regbank
000000r 1               	.importzp	tmp1, tmp2, tmp3, tmp4, ptr1, ptr2, ptr3, ptr4
000000r 1               	.macpack	longbranch
000000r 2               .macro  jeq     Target
000000r 2                       .if     .match(Target, 0)
000000r 2                       bne     *+5
000000r 2                       jmp     Target
000000r 2                       .elseif .def(Target) .and .const((*-2)-(Target)) .and ((*+2)-(Target) <= 127)
000000r 2                               beq     Target
000000r 2                       .else
000000r 2                               bne     *+5
000000r 2                               jmp     Target
000000r 2                       .endif
000000r 2               .endmacro
000000r 2               .macro  jne     Target
000000r 2                       .if     .match(Target, 0)
000000r 2                               beq     *+5
000000r 2                               jmp     Target
000000r 2                       .elseif .def(Target) .and .const((*-2)-(Target)) .and ((*+2)-(Target) <= 127)
000000r 2                               bne     Target
000000r 2                       .else
000000r 2                               beq     *+5
000000r 2                               jmp     Target
000000r 2                       .endif
000000r 2               .endmacro
000000r 2               .macro  jmi     Target
000000r 2                       .if     .match(Target, 0)
000000r 2                               bpl     *+5
000000r 2                               jmp     Target
000000r 2                       .elseif .def(Target) .and .const((*-2)-(Target)) .and ((*+2)-(Target) <= 127)
000000r 2                               bmi     Target
000000r 2                       .else
000000r 2                               bpl     *+5
000000r 2                               jmp     Target
000000r 2                       .endif
000000r 2               .endmacro
000000r 2               .macro  jpl     Target
000000r 2                       .if     .match(Target, 0)
000000r 2                               bmi     *+5
000000r 2                               jmp     Target
000000r 2                       .elseif .def(Target) .and .const((*-2)-(Target)) .and ((*+2)-(Target) <= 127)
000000r 2                               bpl     Target
000000r 2                       .else
000000r 2                               bmi     *+5
000000r 2                               jmp     Target
000000r 2                       .endif
000000r 2               .endmacro
000000r 2               .macro  jcs     Target
000000r 2                       .if     .match(Target, 0)
000000r 2                               bcc     *+5
000000r 2                               jmp     Target
000000r 2                       .elseif .def(Target) .and .const((*-2)-(Target)) .and ((*+2)-(Target) <= 127)
000000r 2                               bcs     Target
000000r 2                       .else
000000r 2                               bcc     *+5
000000r 2                               jmp     Target
000000r 2                       .endif
000000r 2               .endmacro
000000r 2               .macro  jcc     Target
000000r 2                       .if     .match(Target, 0)
000000r 2                               bcs     *+5
000000r 2                               jmp     Target
000000r 2                       .elseif .def(Target) .and .const((*-2)-(Target)) .and ((*+2)-(Target) <= 127)
000000r 2                               bcc     Target
000000r 2                       .else
000000r 2                               bcs     *+5
000000r 2                               jmp     Target
000000r 2                       .endif
000000r 2               .endmacro
000000r 2               .macro  jvs     Target
000000r 2                       .if     .match(Target, 0)
000000r 2                               bvc     *+5
000000r 2                               jmp     Target
000000r 2                       .elseif .def(Target) .and .const((*-2)-(Target)) .and ((*+2)-(Target) <= 127)
000000r 2                               bvs     Target
000000r 2                       .else
000000r 2                               bvc     *+5
000000r 2                               jmp     Target
000000r 2                       .endif
000000r 2               .endmacro
000000r 2               .macro  jvc     Target
000000r 2                       .if     .match(Target, 0)
000000r 2                               bvs     *+5
000000r 2                               jmp     Target
000000r 2                       .elseif .def(Target) .and .const((*-2)-(Target)) .and ((*+2)-(Target) <= 127)
000000r 2                               bvc     Target
000000r 2                       .else
000000r 2                               bvs     *+5
000000r 2                               jmp     Target
000000r 2                       .endif
000000r 2               .endmacro
000000r 2               
000000r 1               	.import		_neox_rmdir
000000r 1               	.import		_neox_applet_run_one_path
000000r 1               	.export		_neox_applet_rmdir
000000r 1               
000000r 1               .segment	"C_RODATA"
000000r 1               
000000r 1               _missing_message:
000000r 1  72 6D 64 69  	.byte	$72,$6D,$64,$69,$72,$3A,$20,$6D,$69,$73,$73,$69,$6E,$67,$20,$64
000004r 1  72 3A 20 6D  
000008r 1  69 73 73 69  
000010r 1  69 72 65 63  	.byte	$69,$72,$65,$63,$74,$6F,$72,$79,$0D,$00
000014r 1  74 6F 72 79  
000018r 1  0D 00        
00001Ar 1               _extra_message:
00001Ar 1  72 6D 64 69  	.byte	$72,$6D,$64,$69,$72,$3A,$20,$74,$6F,$6F,$20,$6D,$61,$6E,$79,$20
00001Er 1  72 3A 20 74  
000022r 1  6F 6F 20 6D  
00002Ar 1  61 72 67 75  	.byte	$61,$72,$67,$75,$6D,$65,$6E,$74,$73,$0D,$00
00002Er 1  6D 65 6E 74  
000032r 1  73 0D 00     
000035r 1               _not_found_message:
000035r 1  72 6D 64 69  	.byte	$72,$6D,$64,$69,$72,$3A,$20,$64,$69,$72,$65,$63,$74,$6F,$72,$79
000039r 1  72 3A 20 64  
00003Dr 1  69 72 65 63  
000045r 1  20 64 6F 65  	.byte	$20,$64,$6F,$65,$73,$20,$6E,$6F,$74,$20,$65,$78,$69,$73,$74,$0D
000049r 1  73 20 6E 6F  
00004Dr 1  74 20 65 78  
000055r 1  00           	.byte	$00
000056r 1               _invalid_name_message:
000056r 1  72 6D 64 69  	.byte	$72,$6D,$64,$69,$72,$3A,$20,$69,$6E,$76,$61,$6C,$69,$64,$20,$64
00005Ar 1  72 3A 20 69  
00005Er 1  6E 76 61 6C  
000066r 1  69 72 65 63  	.byte	$69,$72,$65,$63,$74,$6F,$72,$79,$20,$6E,$61,$6D,$65,$0D,$00
00006Ar 1  74 6F 72 79  
00006Er 1  20 6E 61 6D  
000075r 1               _failure_message:
000075r 1  72 6D 64 69  	.byte	$72,$6D,$64,$69,$72,$3A,$20,$63,$61,$6E,$6E,$6F,$74,$20,$72,$65
000079r 1  72 3A 20 63  
00007Dr 1  61 6E 6E 6F  
000085r 1  6D 6F 76 65  	.byte	$6D,$6F,$76,$65,$20,$64,$69,$72,$65,$63,$74,$6F,$72,$79,$0D,$00
000089r 1  20 64 69 72  
00008Dr 1  65 63 74 6F  
000095r 1               
000095r 1               ; ---------------------------------------------------------------
000095r 1               ; unsigned char __near__ neox_applet_rmdir (const struct neox_applet_context *context)
000095r 1               ; ---------------------------------------------------------------
000095r 1               
000095r 1               .segment	"C_CODE"
000000r 1               
000000r 1               .proc	_neox_applet_rmdir: near
000000r 1               
000000r 1               .segment	"C_CODE"
000000r 1               
000000r 1  20 rr rr     	jsr     pushax
000003r 1  A0 0C        	ldy     #$0C
000005r 1  20 rr rr     	jsr     subysp
000008r 1  A0 0D        	ldy     #$0D
00000Ar 1  B1 rr        	lda     (c_sp),y
00000Cr 1  AA           	tax
00000Dr 1  88           	dey
00000Er 1  B1 rr        	lda     (c_sp),y
000010r 1  A0 0A        	ldy     #$0A
000012r 1  91 rr        	sta     (c_sp),y
000014r 1  C8           	iny
000015r 1  8A           	txa
000016r 1  91 rr        	sta     (c_sp),y
000018r 1  A9 rr        	lda     #<(_missing_message)
00001Ar 1  A0 08        	ldy     #$08
00001Cr 1  91 rr        	sta     (c_sp),y
00001Er 1  C8           	iny
00001Fr 1  A9 rr        	lda     #>(_missing_message)
000021r 1  91 rr        	sta     (c_sp),y
000023r 1  A9 rr        	lda     #<(_extra_message)
000025r 1  A0 06        	ldy     #$06
000027r 1  91 rr        	sta     (c_sp),y
000029r 1  C8           	iny
00002Ar 1  A9 rr        	lda     #>(_extra_message)
00002Cr 1  91 rr        	sta     (c_sp),y
00002Er 1  A9 rr        	lda     #<(_not_found_message)
000030r 1  A0 04        	ldy     #$04
000032r 1  91 rr        	sta     (c_sp),y
000034r 1  C8           	iny
000035r 1  A9 rr        	lda     #>(_not_found_message)
000037r 1  91 rr        	sta     (c_sp),y
000039r 1  A9 rr        	lda     #<(_invalid_name_message)
00003Br 1  A0 02        	ldy     #$02
00003Dr 1  91 rr        	sta     (c_sp),y
00003Fr 1  C8           	iny
000040r 1  A9 rr        	lda     #>(_invalid_name_message)
000042r 1  91 rr        	sta     (c_sp),y
000044r 1  A9 rr        	lda     #<(_failure_message)
000046r 1  92 rr        	sta     (c_sp)
000048r 1  A0 01        	ldy     #$01
00004Ar 1  A9 rr        	lda     #>(_failure_message)
00004Cr 1  91 rr        	sta     (c_sp),y
00004Er 1  A9 rr        	lda     #<(_neox_rmdir)
000050r 1  A2 rr        	ldx     #>(_neox_rmdir)
000052r 1  20 rr rr     	jsr     _neox_applet_run_one_path
000055r 1  4C rr rr     	jmp     incsp2
000058r 1               
000058r 1               .endproc
000058r 1               
000058r 1               
