ca65 V2.19 - Git cc3c40c
Main file   : out/user/applets/two_path_command.s
Current file: out/user/applets/two_path_command.s

000000r 1               ;
000000r 1               ; File generated by cc65 v 2.19 - Git cc3c40c
000000r 1               ;
000000r 1               	.fopt		compiler,"cc65 v 2.19 - Git cc3c40c"
000000r 1               	.setcpu		"65C02"
000000r 1               	.smart		on
000000r 1               	.autoimport	on
000000r 1               	.case		on
000000r 1               	.debuginfo	off
000000r 1               	.importzp	c_sp, sreg, regsave, regbank
000000r 1               	.importzp	tmp1, tmp2, tmp3, tmp4, ptr1, ptr2, ptr3, ptr4
000000r 1               	.macpack	longbranch
000000r 2               .macro  jeq     Target
000000r 2                       .if     .match(Target, 0)
000000r 2                       bne     *+5
000000r 2                       jmp     Target
000000r 2                       .elseif .def(Target) .and .const((*-2)-(Target)) .and ((*+2)-(Target) <= 127)
000000r 2                               beq     Target
000000r 2                       .else
000000r 2                               bne     *+5
000000r 2                               jmp     Target
000000r 2                       .endif
000000r 2               .endmacro
000000r 2               .macro  jne     Target
000000r 2                       .if     .match(Target, 0)
000000r 2                               beq     *+5
000000r 2                               jmp     Target
000000r 2                       .elseif .def(Target) .and .const((*-2)-(Target)) .and ((*+2)-(Target) <= 127)
000000r 2                               bne     Target
000000r 2                       .else
000000r 2                               beq     *+5
000000r 2                               jmp     Target
000000r 2                       .endif
000000r 2               .endmacro
000000r 2               .macro  jmi     Target
000000r 2                       .if     .match(Target, 0)
000000r 2                               bpl     *+5
000000r 2                               jmp     Target
000000r 2                       .elseif .def(Target) .and .const((*-2)-(Target)) .and ((*+2)-(Target) <= 127)
000000r 2                               bmi     Target
000000r 2                       .else
000000r 2                               bpl     *+5
000000r 2                               jmp     Target
000000r 2                       .endif
000000r 2               .endmacro
000000r 2               .macro  jpl     Target
000000r 2                       .if     .match(Target, 0)
000000r 2                               bmi     *+5
000000r 2                               jmp     Target
000000r 2                       .elseif .def(Target) .and .const((*-2)-(Target)) .and ((*+2)-(Target) <= 127)
000000r 2                               bpl     Target
000000r 2                       .else
000000r 2                               bmi     *+5
000000r 2                               jmp     Target
000000r 2                       .endif
000000r 2               .endmacro
000000r 2               .macro  jcs     Target
000000r 2                       .if     .match(Target, 0)
000000r 2                               bcc     *+5
000000r 2                               jmp     Target
000000r 2                       .elseif .def(Target) .and .const((*-2)-(Target)) .and ((*+2)-(Target) <= 127)
000000r 2                               bcs     Target
000000r 2                       .else
000000r 2                               bcc     *+5
000000r 2                               jmp     Target
000000r 2                       .endif
000000r 2               .endmacro
000000r 2               .macro  jcc     Target
000000r 2                       .if     .match(Target, 0)
000000r 2                               bcs     *+5
000000r 2                               jmp     Target
000000r 2                       .elseif .def(Target) .and .const((*-2)-(Target)) .and ((*+2)-(Target) <= 127)
000000r 2                               bcc     Target
000000r 2                       .else
000000r 2                               bcs     *+5
000000r 2                               jmp     Target
000000r 2                       .endif
000000r 2               .endmacro
000000r 2               .macro  jvs     Target
000000r 2                       .if     .match(Target, 0)
000000r 2                               bvc     *+5
000000r 2                               jmp     Target
000000r 2                       .elseif .def(Target) .and .const((*-2)-(Target)) .and ((*+2)-(Target) <= 127)
000000r 2                               bvs     Target
000000r 2                       .else
000000r 2                               bvc     *+5
000000r 2                               jmp     Target
000000r 2                       .endif
000000r 2               .endmacro
000000r 2               .macro  jvc     Target
000000r 2                       .if     .match(Target, 0)
000000r 2                               bvs     *+5
000000r 2                               jmp     Target
000000r 2                       .elseif .def(Target) .and .const((*-2)-(Target)) .and ((*+2)-(Target) <= 127)
000000r 2                               bvc     Target
000000r 2                       .else
000000r 2                               bvs     *+5
000000r 2                               jmp     Target
000000r 2                       .endif
000000r 2               .endmacro
000000r 2               
000000r 1               	.import		_neox_arg_cursor_init
000000r 1               	.import		_neox_arg_next
000000r 1               	.import		_neox_applet_report
000000r 1               	.import		_neox_applet_copy_argument
000000r 1               	.export		_neox_applet_run_two_paths
000000r 1               
000000r 1               .segment	"C_BSS"
000000r 1               
000000r 1               .segment	"C_BSS"
000000r 1               _first_path_buffer:
000000r 1  00 00 00 00  	.res	64,$00
000004r 1  00 00 00 00  
000008r 1  00 00 00 00  
000040r 1               _second_path_buffer:
000040r 1  00 00 00 00  	.res	64,$00
000044r 1  00 00 00 00  
000048r 1  00 00 00 00  
000080r 1               
000080r 1               ; ---------------------------------------------------------------
000080r 1               ; unsigned char __near__ neox_applet_run_two_paths (const struct neox_applet_context *context, const char *missing_message, const char *extra_message, const char *not_found_message, const char *invalid_name_message, const char *failure_message, unsigned char (*operation)(const char *, const char *))
000080r 1               ; ---------------------------------------------------------------
000080r 1               
000080r 1               .segment	"C_CODE"
000000r 1               
000000r 1               .proc	_neox_applet_run_two_paths: near
000000r 1               
000000r 1               .segment	"C_CODE"
000000r 1               
000000r 1  20 rr rr     	jsr     pushax
000003r 1  A0 13        	ldy     #$13
000005r 1  20 rr rr     	jsr     subysp
000008r 1  A5 rr        	lda     c_sp
00000Ar 1  A6 rr        	ldx     c_sp+1
00000Cr 1  18           	clc
00000Dr 1  69 0D        	adc     #$0D
00000Fr 1  90 01        	bcc     L0002
000011r 1  E8           	inx
000012r 1  20 rr rr     L0002:	jsr     pushax
000015r 1  A0 22        	ldy     #$22
000017r 1  B1 rr        	lda     (c_sp),y
000019r 1  AA           	tax
00001Ar 1  88           	dey
00001Br 1  B1 rr        	lda     (c_sp),y
00001Dr 1  20 rr rr     	jsr     _neox_arg_cursor_init
000020r 1  A5 rr        	lda     c_sp
000022r 1  A6 rr        	ldx     c_sp+1
000024r 1  18           	clc
000025r 1  69 0D        	adc     #$0D
000027r 1  90 01        	bcc     L0004
000029r 1  E8           	inx
00002Ar 1  20 rr rr     L0004:	jsr     pushax
00002Dr 1  A5 rr        	lda     c_sp
00002Fr 1  A6 rr        	ldx     c_sp+1
000031r 1  18           	clc
000032r 1  69 0B        	adc     #$0B
000034r 1  90 01        	bcc     L0005
000036r 1  E8           	inx
000037r 1  20 rr rr     L0005:	jsr     _neox_arg_next
00003Ar 1  C9 00        	cmp     #$00
00003Cr 1  D0 12        	bne     L0003
00003Er 1  A0 1E        	ldy     #$1E
000040r 1  B1 rr        	lda     (c_sp),y
000042r 1  AA           	tax
000043r 1  88           	dey
000044r 1  B1 rr        	lda     (c_sp),y
000046r 1  20 rr rr     	jsr     _neox_applet_report
000049r 1  A2 00        	ldx     #$00
00004Br 1  A9 06        	lda     #$06
00004Dr 1  4C rr rr     	jmp     L0001
000050r 1  A5 rr        L0003:	lda     c_sp
000052r 1  A6 rr        	ldx     c_sp+1
000054r 1  18           	clc
000055r 1  69 0D        	adc     #$0D
000057r 1  90 01        	bcc     L0007
000059r 1  E8           	inx
00005Ar 1  20 rr rr     L0007:	jsr     pushax
00005Dr 1  A5 rr        	lda     c_sp
00005Fr 1  A6 rr        	ldx     c_sp+1
000061r 1  18           	clc
000062r 1  69 07        	adc     #$07
000064r 1  90 01        	bcc     L0008
000066r 1  E8           	inx
000067r 1  20 rr rr     L0008:	jsr     _neox_arg_next
00006Ar 1  C9 00        	cmp     #$00
00006Cr 1  D0 12        	bne     L0006
00006Er 1  A0 1E        	ldy     #$1E
000070r 1  B1 rr        	lda     (c_sp),y
000072r 1  AA           	tax
000073r 1  88           	dey
000074r 1  B1 rr        	lda     (c_sp),y
000076r 1  20 rr rr     	jsr     _neox_applet_report
000079r 1  A2 00        	ldx     #$00
00007Br 1  A9 06        	lda     #$06
00007Dr 1  4C rr rr     	jmp     L0001
000080r 1  A5 rr        L0006:	lda     c_sp
000082r 1  A6 rr        	ldx     c_sp+1
000084r 1  18           	clc
000085r 1  69 0D        	adc     #$0D
000087r 1  90 01        	bcc     L000A
000089r 1  E8           	inx
00008Ar 1  20 rr rr     L000A:	jsr     pushax
00008Dr 1  A5 rr        	lda     c_sp
00008Fr 1  A6 rr        	ldx     c_sp+1
000091r 1  18           	clc
000092r 1  69 03        	adc     #$03
000094r 1  90 01        	bcc     L000B
000096r 1  E8           	inx
000097r 1  20 rr rr     L000B:	jsr     _neox_arg_next
00009Ar 1  C9 00        	cmp     #$00
00009Cr 1  F0 12        	beq     L0009
00009Er 1  A0 1C        	ldy     #$1C
0000A0r 1  B1 rr        	lda     (c_sp),y
0000A2r 1  AA           	tax
0000A3r 1  88           	dey
0000A4r 1  B1 rr        	lda     (c_sp),y
0000A6r 1  20 rr rr     	jsr     _neox_applet_report
0000A9r 1  A2 00        	ldx     #$00
0000ABr 1  A9 06        	lda     #$06
0000ADr 1  4C rr rr     	jmp     L0001
0000B0r 1  20 rr rr     L0009:	jsr     decsp4
0000B3r 1  A5 rr        	lda     c_sp
0000B5r 1  A6 rr        	ldx     c_sp+1
0000B7r 1  18           	clc
0000B8r 1  69 0D        	adc     #$0D
0000BAr 1  90 01        	bcc     L000C
0000BCr 1  E8           	inx
0000BDr 1  A0 02        L000C:	ldy     #$02
0000BFr 1  91 rr        	sta     (c_sp),y
0000C1r 1  C8           	iny
0000C2r 1  8A           	txa
0000C3r 1  91 rr        	sta     (c_sp),y
0000C5r 1  A9 rr        	lda     #<(_first_path_buffer)
0000C7r 1  92 rr        	sta     (c_sp)
0000C9r 1  A0 01        	ldy     #$01
0000CBr 1  A9 rr        	lda     #>(_first_path_buffer)
0000CDr 1  91 rr        	sta     (c_sp),y
0000CFr 1  A2 00        	ldx     #$00
0000D1r 1  A9 40        	lda     #$40
0000D3r 1  20 rr rr     	jsr     _neox_applet_copy_argument
0000D6r 1  92 rr        	sta     (c_sp)
0000D8r 1  B2 rr        	lda     (c_sp)
0000DAr 1  F0 0E        	beq     L000D
0000DCr 1  A0 18        	ldy     #$18
0000DEr 1  B1 rr        	lda     (c_sp),y
0000E0r 1  AA           	tax
0000E1r 1  88           	dey
0000E2r 1  B1 rr        	lda     (c_sp),y
0000E4r 1  20 rr rr     	jsr     _neox_applet_report
0000E7r 1  4C rr rr     	jmp     L0026
0000EAr 1  20 rr rr     L000D:	jsr     decsp4
0000EDr 1  A5 rr        	lda     c_sp
0000EFr 1  A6 rr        	ldx     c_sp+1
0000F1r 1  18           	clc
0000F2r 1  69 09        	adc     #$09
0000F4r 1  90 01        	bcc     L000E
0000F6r 1  E8           	inx
0000F7r 1  A0 02        L000E:	ldy     #$02
0000F9r 1  91 rr        	sta     (c_sp),y
0000FBr 1  C8           	iny
0000FCr 1  8A           	txa
0000FDr 1  91 rr        	sta     (c_sp),y
0000FFr 1  A9 rr        	lda     #<(_second_path_buffer)
000101r 1  92 rr        	sta     (c_sp)
000103r 1  A0 01        	ldy     #$01
000105r 1  A9 rr        	lda     #>(_second_path_buffer)
000107r 1  91 rr        	sta     (c_sp),y
000109r 1  A2 00        	ldx     #$00
00010Br 1  A9 40        	lda     #$40
00010Dr 1  20 rr rr     	jsr     _neox_applet_copy_argument
000110r 1  92 rr        	sta     (c_sp)
000112r 1  B2 rr        	lda     (c_sp)
000114r 1  F0 0D        	beq     L000F
000116r 1  A0 18        	ldy     #$18
000118r 1  B1 rr        	lda     (c_sp),y
00011Ar 1  AA           	tax
00011Br 1  88           	dey
00011Cr 1  B1 rr        	lda     (c_sp),y
00011Er 1  20 rr rr     	jsr     _neox_applet_report
000121r 1  80 73        	bra     L0026
000123r 1  A0 16        L000F:	ldy     #$16
000125r 1  20 rr rr     	jsr     pushwysp
000128r 1  A9 rr        	lda     #<(_first_path_buffer)
00012Ar 1  A2 rr        	ldx     #>(_first_path_buffer)
00012Cr 1  20 rr rr     	jsr     pushax
00012Fr 1  A9 rr        	lda     #<(_second_path_buffer)
000131r 1  A2 rr        	ldx     #>(_second_path_buffer)
000133r 1  48           	pha
000134r 1  A0 02        	ldy     #$02
000136r 1  B1 rr        	lda     (c_sp),y
000138r 1  8D rr rr     	sta     jmpvec+1
00013Br 1  C8           	iny
00013Cr 1  B1 rr        	lda     (c_sp),y
00013Er 1  8D rr rr     	sta     jmpvec+2
000141r 1  68           	pla
000142r 1  20 rr rr     	jsr     jmpvec
000145r 1  20 rr rr     	jsr     incsp2
000148r 1  92 rr        	sta     (c_sp)
00014Ar 1  A2 00        	ldx     #$00
00014Cr 1  B2 rr        	lda     (c_sp)
00014Er 1  F0 48        	beq     L001C
000150r 1  20 rr rr     	jsr     decsp2
000153r 1  A0 18        	ldy     #$18
000155r 1  B1 rr        	lda     (c_sp),y
000157r 1  AA           	tax
000158r 1  88           	dey
000159r 1  B1 rr        	lda     (c_sp),y
00015Br 1  20 rr rr     	jsr     stax0sp
00015Er 1  A0 02        	ldy     #$02
000160r 1  B1 rr        	lda     (c_sp),y
000162r 1  C9 02        	cmp     #$02
000164r 1  D0 0B        	bne     L0025
000166r 1  A0 1B        	ldy     #$1B
000168r 1  B1 rr        	lda     (c_sp),y
00016Ar 1  C8           	iny
00016Br 1  11 rr        	ora     (c_sp),y
00016Dr 1  D0 11        	bne     L0027
00016Fr 1  A0 02        	ldy     #$02
000171r 1  B1 rr        L0025:	lda     (c_sp),y
000173r 1  C9 06        	cmp     #$06
000175r 1  D0 12        	bne     L0017
000177r 1  A0 19        	ldy     #$19
000179r 1  B1 rr        	lda     (c_sp),y
00017Br 1  C8           	iny
00017Cr 1  11 rr        	ora     (c_sp),y
00017Er 1  F0 09        	beq     L0017
000180r 1  B1 rr        L0027:	lda     (c_sp),y
000182r 1  AA           	tax
000183r 1  88           	dey
000184r 1  B1 rr        	lda     (c_sp),y
000186r 1  20 rr rr     	jsr     stax0sp
000189r 1  A0 01        L0017:	ldy     #$01
00018Br 1  B1 rr        	lda     (c_sp),y
00018Dr 1  AA           	tax
00018Er 1  B2 rr        	lda     (c_sp)
000190r 1  20 rr rr     	jsr     _neox_applet_report
000193r 1  20 rr rr     	jsr     incsp2
000196r 1  A2 00        L0026:	ldx     #$00
000198r 1  B2 rr        L001C:	lda     (c_sp)
00019Ar 1  A0 21        L0001:	ldy     #$21
00019Cr 1  4C rr rr     	jmp     addysp
00019Fr 1               
00019Fr 1               .endproc
00019Fr 1               
00019Fr 1               
