ca65 V2.19 - Git cc3c40c
Main file   : out/libneox/common/applet_args.s
Current file: out/libneox/common/applet_args.s

000000r 1               ;
000000r 1               ; File generated by cc65 v 2.19 - Git cc3c40c
000000r 1               ;
000000r 1               	.fopt		compiler,"cc65 v 2.19 - Git cc3c40c"
000000r 1               	.setcpu		"65C02"
000000r 1               	.smart		on
000000r 1               	.autoimport	on
000000r 1               	.case		on
000000r 1               	.debuginfo	off
000000r 1               	.importzp	c_sp, sreg, regsave, regbank
000000r 1               	.importzp	tmp1, tmp2, tmp3, tmp4, ptr1, ptr2, ptr3, ptr4
000000r 1               	.macpack	longbranch
000000r 2               .macro  jeq     Target
000000r 2                       .if     .match(Target, 0)
000000r 2                       bne     *+5
000000r 2                       jmp     Target
000000r 2                       .elseif .def(Target) .and .const((*-2)-(Target)) .and ((*+2)-(Target) <= 127)
000000r 2                               beq     Target
000000r 2                       .else
000000r 2                               bne     *+5
000000r 2                               jmp     Target
000000r 2                       .endif
000000r 2               .endmacro
000000r 2               .macro  jne     Target
000000r 2                       .if     .match(Target, 0)
000000r 2                               beq     *+5
000000r 2                               jmp     Target
000000r 2                       .elseif .def(Target) .and .const((*-2)-(Target)) .and ((*+2)-(Target) <= 127)
000000r 2                               bne     Target
000000r 2                       .else
000000r 2                               beq     *+5
000000r 2                               jmp     Target
000000r 2                       .endif
000000r 2               .endmacro
000000r 2               .macro  jmi     Target
000000r 2                       .if     .match(Target, 0)
000000r 2                               bpl     *+5
000000r 2                               jmp     Target
000000r 2                       .elseif .def(Target) .and .const((*-2)-(Target)) .and ((*+2)-(Target) <= 127)
000000r 2                               bmi     Target
000000r 2                       .else
000000r 2                               bpl     *+5
000000r 2                               jmp     Target
000000r 2                       .endif
000000r 2               .endmacro
000000r 2               .macro  jpl     Target
000000r 2                       .if     .match(Target, 0)
000000r 2                               bmi     *+5
000000r 2                               jmp     Target
000000r 2                       .elseif .def(Target) .and .const((*-2)-(Target)) .and ((*+2)-(Target) <= 127)
000000r 2                               bpl     Target
000000r 2                       .else
000000r 2                               bmi     *+5
000000r 2                               jmp     Target
000000r 2                       .endif
000000r 2               .endmacro
000000r 2               .macro  jcs     Target
000000r 2                       .if     .match(Target, 0)
000000r 2                               bcc     *+5
000000r 2                               jmp     Target
000000r 2                       .elseif .def(Target) .and .const((*-2)-(Target)) .and ((*+2)-(Target) <= 127)
000000r 2                               bcs     Target
000000r 2                       .else
000000r 2                               bcc     *+5
000000r 2                               jmp     Target
000000r 2                       .endif
000000r 2               .endmacro
000000r 2               .macro  jcc     Target
000000r 2                       .if     .match(Target, 0)
000000r 2                               bcs     *+5
000000r 2                               jmp     Target
000000r 2                       .elseif .def(Target) .and .const((*-2)-(Target)) .and ((*+2)-(Target) <= 127)
000000r 2                               bcc     Target
000000r 2                       .else
000000r 2                               bcs     *+5
000000r 2                               jmp     Target
000000r 2                       .endif
000000r 2               .endmacro
000000r 2               .macro  jvs     Target
000000r 2                       .if     .match(Target, 0)
000000r 2                               bvc     *+5
000000r 2                               jmp     Target
000000r 2                       .elseif .def(Target) .and .const((*-2)-(Target)) .and ((*+2)-(Target) <= 127)
000000r 2                               bvs     Target
000000r 2                       .else
000000r 2                               bvc     *+5
000000r 2                               jmp     Target
000000r 2                       .endif
000000r 2               .endmacro
000000r 2               .macro  jvc     Target
000000r 2                       .if     .match(Target, 0)
000000r 2                               bvs     *+5
000000r 2                               jmp     Target
000000r 2                       .elseif .def(Target) .and .const((*-2)-(Target)) .and ((*+2)-(Target) <= 127)
000000r 2                               bvc     Target
000000r 2                       .else
000000r 2                               bvs     *+5
000000r 2                               jmp     Target
000000r 2                       .endif
000000r 2               .endmacro
000000r 2               
000000r 1               	.export		_neox_arg_cursor_init
000000r 1               	.export		_neox_arg_next
000000r 1               
000000r 1               ; ---------------------------------------------------------------
000000r 1               ; void __near__ neox_arg_cursor_init (struct neox_arg_cursor *cursor, const struct neox_applet_context *context)
000000r 1               ; ---------------------------------------------------------------
000000r 1               
000000r 1               .segment	"C_CODE"
000000r 1               
000000r 1               .proc	_neox_arg_cursor_init: near
000000r 1               
000000r 1               .segment	"C_CODE"
000000r 1               
000000r 1  20 rr rr     	jsr     pushax
000003r 1  A0 03        	ldy     #$03
000005r 1  B1 rr        	lda     (c_sp),y
000007r 1  85 rr        	sta     sreg+1
000009r 1  88           	dey
00000Ar 1  B1 rr        	lda     (c_sp),y
00000Cr 1  85 rr        	sta     sreg
00000Er 1  88           	dey
00000Fr 1  B1 rr        	lda     (c_sp),y
000011r 1  85 rr        	sta     ptr1+1
000013r 1  B2 rr        	lda     (c_sp)
000015r 1  85 rr        	sta     ptr1
000017r 1  A0 01        	ldy     #$01
000019r 1  B1 rr        	lda     (ptr1),y
00001Br 1  AA           	tax
00001Cr 1  B2 rr        	lda     (ptr1)
00001Er 1  92 rr        	sta     (sreg)
000020r 1  A0 01        	ldy     #$01
000022r 1  8A           	txa
000023r 1  91 rr        	sta     (sreg),y
000025r 1  A0 03        	ldy     #$03
000027r 1  B1 rr        	lda     (c_sp),y
000029r 1  85 rr        	sta     sreg+1
00002Br 1  88           	dey
00002Cr 1  B1 rr        	lda     (c_sp),y
00002Er 1  85 rr        	sta     sreg
000030r 1  88           	dey
000031r 1  B1 rr        	lda     (c_sp),y
000033r 1  85 rr        	sta     ptr1+1
000035r 1  B2 rr        	lda     (c_sp)
000037r 1  85 rr        	sta     ptr1
000039r 1  A0 03        	ldy     #$03
00003Br 1  B1 rr        	lda     (ptr1),y
00003Dr 1  AA           	tax
00003Er 1  88           	dey
00003Fr 1  B1 rr        	lda     (ptr1),y
000041r 1  91 rr        	sta     (sreg),y
000043r 1  C8           	iny
000044r 1  8A           	txa
000045r 1  91 rr        	sta     (sreg),y
000047r 1  B1 rr        	lda     (c_sp),y
000049r 1  85 rr        	sta     ptr1+1
00004Br 1  88           	dey
00004Cr 1  B1 rr        	lda     (c_sp),y
00004Er 1  85 rr        	sta     ptr1
000050r 1  A9 00        	lda     #$00
000052r 1  A0 04        	ldy     #$04
000054r 1  91 rr        	sta     (ptr1),y
000056r 1  C8           	iny
000057r 1  91 rr        	sta     (ptr1),y
000059r 1  4C rr rr     	jmp     incsp4
00005Cr 1               
00005Cr 1               .endproc
00005Cr 1               
00005Cr 1               ; ---------------------------------------------------------------
00005Cr 1               ; unsigned char __near__ neox_arg_next (struct neox_arg_cursor *cursor, struct neox_arg *argument_out)
00005Cr 1               ; ---------------------------------------------------------------
00005Cr 1               
00005Cr 1               .segment	"C_CODE"
00005Cr 1               
00005Cr 1               .proc	_neox_arg_next: near
00005Cr 1               
00005Cr 1               .segment	"C_CODE"
00005Cr 1               
00005Cr 1  20 rr rr     	jsr     pushax
00005Fr 1  20 rr rr     	jsr     decsp2
000062r 1  80 21        	bra     L0004
000064r 1  A0 05        L0002:	ldy     #$05
000066r 1  B1 rr        	lda     (c_sp),y
000068r 1  AA           	tax
000069r 1  88           	dey
00006Ar 1  B1 rr        	lda     (c_sp),y
00006Cr 1  85 rr        	sta     sreg
00006Er 1  86 rr        	stx     sreg+1
000070r 1  85 rr        	sta     ptr1
000072r 1  86 rr        	stx     ptr1+1
000074r 1  C8           	iny
000075r 1  B1 rr        	lda     (ptr1),y
000077r 1  AA           	tax
000078r 1  88           	dey
000079r 1  B1 rr        	lda     (ptr1),y
00007Br 1  1A           	ina
00007Cr 1  D0 01        	bne     L0013
00007Er 1  E8           	inx
00007Fr 1  91 rr        L0013:	sta     (sreg),y
000081r 1  C8           	iny
000082r 1  8A           	txa
000083r 1  91 rr        	sta     (sreg),y
000085r 1  A0 05        L0004:	ldy     #$05
000087r 1  B1 rr        	lda     (c_sp),y
000089r 1  85 rr        	sta     ptr1+1
00008Br 1  88           	dey
00008Cr 1  B1 rr        	lda     (c_sp),y
00008Er 1  85 rr        	sta     ptr1
000090r 1  C8           	iny
000091r 1  B1 rr        	lda     (ptr1),y
000093r 1  AA           	tax
000094r 1  88           	dey
000095r 1  B1 rr        	lda     (ptr1),y
000097r 1  20 rr rr     	jsr     pushax
00009Ar 1  A0 07        	ldy     #$07
00009Cr 1  B1 rr        	lda     (c_sp),y
00009Er 1  85 rr        	sta     ptr1+1
0000A0r 1  88           	dey
0000A1r 1  B1 rr        	lda     (c_sp),y
0000A3r 1  85 rr        	sta     ptr1
0000A5r 1  A0 03        	ldy     #$03
0000A7r 1  B1 rr        	lda     (ptr1),y
0000A9r 1  AA           	tax
0000AAr 1  88           	dey
0000ABr 1  B1 rr        	lda     (ptr1),y
0000ADr 1  20 rr rr     	jsr     tosicmp
0000B0r 1  B0 3D        	bcs     L0011
0000B2r 1  A0 05        	ldy     #$05
0000B4r 1  B1 rr        	lda     (c_sp),y
0000B6r 1  85 rr        	sta     ptr1+1
0000B8r 1  88           	dey
0000B9r 1  B1 rr        	lda     (c_sp),y
0000BBr 1  85 rr        	sta     ptr1
0000BDr 1  A0 01        	ldy     #$01
0000BFr 1  B1 rr        	lda     (ptr1),y
0000C1r 1  AA           	tax
0000C2r 1  B2 rr        	lda     (ptr1)
0000C4r 1  85 rr        	sta     sreg
0000C6r 1  86 rr        	stx     sreg+1
0000C8r 1  A0 05        	ldy     #$05
0000CAr 1  B1 rr        	lda     (c_sp),y
0000CCr 1  85 rr        	sta     ptr1+1
0000CEr 1  88           	dey
0000CFr 1  B1 rr        	lda     (c_sp),y
0000D1r 1  85 rr        	sta     ptr1
0000D3r 1  C8           	iny
0000D4r 1  B1 rr        	lda     (ptr1),y
0000D6r 1  AA           	tax
0000D7r 1  88           	dey
0000D8r 1  B1 rr        	lda     (ptr1),y
0000DAr 1  18           	clc
0000DBr 1  65 rr        	adc     sreg
0000DDr 1  85 rr        	sta     ptr1
0000DFr 1  8A           	txa
0000E0r 1  65 rr        	adc     sreg+1
0000E2r 1  85 rr        	sta     ptr1+1
0000E4r 1  B2 rr        	lda     (ptr1)
0000E6r 1  20 rr rr     	jsr     _neox_arg_is_separator
0000E9r 1  AA           	tax
0000EAr 1  F0 03 4C rr  	jne     L0002
0000EEr 1  rr           
0000EFr 1  A0 05        L0011:	ldy     #$05
0000F1r 1  B1 rr        	lda     (c_sp),y
0000F3r 1  85 rr        	sta     ptr1+1
0000F5r 1  88           	dey
0000F6r 1  B1 rr        	lda     (c_sp),y
0000F8r 1  85 rr        	sta     ptr1
0000FAr 1  C8           	iny
0000FBr 1  B1 rr        	lda     (ptr1),y
0000FDr 1  AA           	tax
0000FEr 1  88           	dey
0000FFr 1  B1 rr        	lda     (ptr1),y
000101r 1  20 rr rr     	jsr     pushax
000104r 1  A0 07        	ldy     #$07
000106r 1  B1 rr        	lda     (c_sp),y
000108r 1  85 rr        	sta     ptr1+1
00010Ar 1  88           	dey
00010Br 1  B1 rr        	lda     (c_sp),y
00010Dr 1  85 rr        	sta     ptr1
00010Fr 1  A0 03        	ldy     #$03
000111r 1  B1 rr        	lda     (ptr1),y
000113r 1  AA           	tax
000114r 1  88           	dey
000115r 1  B1 rr        	lda     (ptr1),y
000117r 1  20 rr rr     	jsr     tosicmp
00011Ar 1  90 28        	bcc     L0009
00011Cr 1  A0 03        	ldy     #$03
00011Er 1  B1 rr        	lda     (c_sp),y
000120r 1  85 rr        	sta     ptr1+1
000122r 1  88           	dey
000123r 1  B1 rr        	lda     (c_sp),y
000125r 1  85 rr        	sta     ptr1
000127r 1  A9 00        	lda     #$00
000129r 1  92 rr        	sta     (ptr1)
00012Br 1  88           	dey
00012Cr 1  91 rr        	sta     (ptr1),y
00012Er 1  A0 03        	ldy     #$03
000130r 1  B1 rr        	lda     (c_sp),y
000132r 1  85 rr        	sta     ptr1+1
000134r 1  88           	dey
000135r 1  B1 rr        	lda     (c_sp),y
000137r 1  85 rr        	sta     ptr1
000139r 1  A9 00        	lda     #$00
00013Br 1  91 rr        	sta     (ptr1),y
00013Dr 1  C8           	iny
00013Er 1  91 rr        	sta     (ptr1),y
000140r 1  AA           	tax
000141r 1  4C rr rr     	jmp     incsp6
000144r 1  A0 05        L0009:	ldy     #$05
000146r 1  B1 rr        	lda     (c_sp),y
000148r 1  85 rr        	sta     ptr1+1
00014Ar 1  88           	dey
00014Br 1  B1 rr        	lda     (c_sp),y
00014Dr 1  85 rr        	sta     ptr1
00014Fr 1  C8           	iny
000150r 1  B1 rr        	lda     (ptr1),y
000152r 1  AA           	tax
000153r 1  88           	dey
000154r 1  B1 rr        	lda     (ptr1),y
000156r 1  20 rr rr     	jsr     stax0sp
000159r 1  80 21        	bra     L000C
00015Br 1  A0 05        L000A:	ldy     #$05
00015Dr 1  B1 rr        	lda     (c_sp),y
00015Fr 1  AA           	tax
000160r 1  88           	dey
000161r 1  B1 rr        	lda     (c_sp),y
000163r 1  85 rr        	sta     sreg
000165r 1  86 rr        	stx     sreg+1
000167r 1  85 rr        	sta     ptr1
000169r 1  86 rr        	stx     ptr1+1
00016Br 1  C8           	iny
00016Cr 1  B1 rr        	lda     (ptr1),y
00016Er 1  AA           	tax
00016Fr 1  88           	dey
000170r 1  B1 rr        	lda     (ptr1),y
000172r 1  1A           	ina
000173r 1  D0 01        	bne     L0014
000175r 1  E8           	inx
000176r 1  91 rr        L0014:	sta     (sreg),y
000178r 1  C8           	iny
000179r 1  8A           	txa
00017Ar 1  91 rr        	sta     (sreg),y
00017Cr 1  A0 05        L000C:	ldy     #$05
00017Er 1  B1 rr        	lda     (c_sp),y
000180r 1  85 rr        	sta     ptr1+1
000182r 1  88           	dey
000183r 1  B1 rr        	lda     (c_sp),y
000185r 1  85 rr        	sta     ptr1
000187r 1  C8           	iny
000188r 1  B1 rr        	lda     (ptr1),y
00018Ar 1  AA           	tax
00018Br 1  88           	dey
00018Cr 1  B1 rr        	lda     (ptr1),y
00018Er 1  20 rr rr     	jsr     pushax
000191r 1  A0 07        	ldy     #$07
000193r 1  B1 rr        	lda     (c_sp),y
000195r 1  85 rr        	sta     ptr1+1
000197r 1  88           	dey
000198r 1  B1 rr        	lda     (c_sp),y
00019Ar 1  85 rr        	sta     ptr1
00019Cr 1  A0 03        	ldy     #$03
00019Er 1  B1 rr        	lda     (ptr1),y
0001A0r 1  AA           	tax
0001A1r 1  88           	dey
0001A2r 1  B1 rr        	lda     (ptr1),y
0001A4r 1  20 rr rr     	jsr     tosicmp
0001A7r 1  B0 3D        	bcs     L0012
0001A9r 1  A0 05        	ldy     #$05
0001ABr 1  B1 rr        	lda     (c_sp),y
0001ADr 1  85 rr        	sta     ptr1+1
0001AFr 1  88           	dey
0001B0r 1  B1 rr        	lda     (c_sp),y
0001B2r 1  85 rr        	sta     ptr1
0001B4r 1  A0 01        	ldy     #$01
0001B6r 1  B1 rr        	lda     (ptr1),y
0001B8r 1  AA           	tax
0001B9r 1  B2 rr        	lda     (ptr1)
0001BBr 1  85 rr        	sta     sreg
0001BDr 1  86 rr        	stx     sreg+1
0001BFr 1  A0 05        	ldy     #$05
0001C1r 1  B1 rr        	lda     (c_sp),y
0001C3r 1  85 rr        	sta     ptr1+1
0001C5r 1  88           	dey
0001C6r 1  B1 rr        	lda     (c_sp),y
0001C8r 1  85 rr        	sta     ptr1
0001CAr 1  C8           	iny
0001CBr 1  B1 rr        	lda     (ptr1),y
0001CDr 1  AA           	tax
0001CEr 1  88           	dey
0001CFr 1  B1 rr        	lda     (ptr1),y
0001D1r 1  18           	clc
0001D2r 1  65 rr        	adc     sreg
0001D4r 1  85 rr        	sta     ptr1
0001D6r 1  8A           	txa
0001D7r 1  65 rr        	adc     sreg+1
0001D9r 1  85 rr        	sta     ptr1+1
0001DBr 1  B2 rr        	lda     (ptr1)
0001DDr 1  20 rr rr     	jsr     _neox_arg_is_separator
0001E0r 1  AA           	tax
0001E1r 1  D0 03 4C rr  	jeq     L000A
0001E5r 1  rr           
0001E6r 1  A0 03        L0012:	ldy     #$03
0001E8r 1  B1 rr        	lda     (c_sp),y
0001EAr 1  85 rr        	sta     sreg+1
0001ECr 1  88           	dey
0001EDr 1  B1 rr        	lda     (c_sp),y
0001EFr 1  85 rr        	sta     sreg
0001F1r 1  A0 05        	ldy     #$05
0001F3r 1  B1 rr        	lda     (c_sp),y
0001F5r 1  85 rr        	sta     ptr1+1
0001F7r 1  88           	dey
0001F8r 1  B1 rr        	lda     (c_sp),y
0001FAr 1  85 rr        	sta     ptr1
0001FCr 1  A0 01        	ldy     #$01
0001FEr 1  B1 rr        	lda     (ptr1),y
000200r 1  AA           	tax
000201r 1  B2 rr        	lda     (ptr1)
000203r 1  85 rr        	sta     ptr1
000205r 1  86 rr        	stx     ptr1+1
000207r 1  A0 01        	ldy     #$01
000209r 1  B1 rr        	lda     (c_sp),y
00020Br 1  AA           	tax
00020Cr 1  B2 rr        	lda     (c_sp)
00020Er 1  18           	clc
00020Fr 1  65 rr        	adc     ptr1
000211r 1  48           	pha
000212r 1  8A           	txa
000213r 1  65 rr        	adc     ptr1+1
000215r 1  AA           	tax
000216r 1  68           	pla
000217r 1  92 rr        	sta     (sreg)
000219r 1  A0 01        	ldy     #$01
00021Br 1  8A           	txa
00021Cr 1  91 rr        	sta     (sreg),y
00021Er 1  A0 03        	ldy     #$03
000220r 1  B1 rr        	lda     (c_sp),y
000222r 1  85 rr        	sta     sreg+1
000224r 1  88           	dey
000225r 1  B1 rr        	lda     (c_sp),y
000227r 1  85 rr        	sta     sreg
000229r 1  A0 05        	ldy     #$05
00022Br 1  B1 rr        	lda     (c_sp),y
00022Dr 1  85 rr        	sta     ptr1+1
00022Fr 1  88           	dey
000230r 1  B1 rr        	lda     (c_sp),y
000232r 1  85 rr        	sta     ptr1
000234r 1  C8           	iny
000235r 1  B1 rr        	lda     (ptr1),y
000237r 1  AA           	tax
000238r 1  88           	dey
000239r 1  B1 rr        	lda     (ptr1),y
00023Br 1  38           	sec
00023Cr 1  F2 rr        	sbc     (c_sp)
00023Er 1  48           	pha
00023Fr 1  8A           	txa
000240r 1  A0 01        	ldy     #$01
000242r 1  F1 rr        	sbc     (c_sp),y
000244r 1  AA           	tax
000245r 1  68           	pla
000246r 1  C8           	iny
000247r 1  91 rr        	sta     (sreg),y
000249r 1  C8           	iny
00024Ar 1  8A           	txa
00024Br 1  91 rr        	sta     (sreg),y
00024Dr 1  A2 00        	ldx     #$00
00024Fr 1  A9 01        	lda     #$01
000251r 1  4C rr rr     	jmp     incsp6
000254r 1               
000254r 1               .endproc
000254r 1               
000254r 1               ; ---------------------------------------------------------------
000254r 1               ; unsigned char __near__ neox_arg_is_separator (char value)
000254r 1               ; ---------------------------------------------------------------
000254r 1               
000254r 1               .segment	"C_CODE"
000254r 1               
000254r 1               .proc	_neox_arg_is_separator: near
000254r 1               
000254r 1               .segment	"C_CODE"
000254r 1               
000254r 1  20 rr rr     	jsr     pusha
000257r 1  B2 rr        	lda     (c_sp)
000259r 1  C9 20        	cmp     #$20
00025Br 1  F0 0A        	beq     L0004
00025Dr 1  C9 09        	cmp     #$09
00025Fr 1  F0 06        	beq     L0004
000261r 1  A2 00        	ldx     #$00
000263r 1  8A           	txa
000264r 1  4C rr rr     	jmp     incsp1
000267r 1  A9 01        L0004:	lda     #$01
000269r 1  A2 00        	ldx     #$00
00026Br 1  4C rr rr     	jmp     incsp1
00026Er 1               
00026Er 1               .endproc
00026Er 1               
00026Er 1               
