ca65 V2.19 - Git cc3c40c
Main file   : out/libneox/common/applet_support.s
Current file: out/libneox/common/applet_support.s

000000r 1               ;
000000r 1               ; File generated by cc65 v 2.19 - Git cc3c40c
000000r 1               ;
000000r 1               	.fopt		compiler,"cc65 v 2.19 - Git cc3c40c"
000000r 1               	.setcpu		"65C02"
000000r 1               	.smart		on
000000r 1               	.autoimport	on
000000r 1               	.case		on
000000r 1               	.debuginfo	off
000000r 1               	.importzp	c_sp, sreg, regsave, regbank
000000r 1               	.importzp	tmp1, tmp2, tmp3, tmp4, ptr1, ptr2, ptr3, ptr4
000000r 1               	.macpack	longbranch
000000r 2               .macro  jeq     Target
000000r 2                       .if     .match(Target, 0)
000000r 2                       bne     *+5
000000r 2                       jmp     Target
000000r 2                       .elseif .def(Target) .and .const((*-2)-(Target)) .and ((*+2)-(Target) <= 127)
000000r 2                               beq     Target
000000r 2                       .else
000000r 2                               bne     *+5
000000r 2                               jmp     Target
000000r 2                       .endif
000000r 2               .endmacro
000000r 2               .macro  jne     Target
000000r 2                       .if     .match(Target, 0)
000000r 2                               beq     *+5
000000r 2                               jmp     Target
000000r 2                       .elseif .def(Target) .and .const((*-2)-(Target)) .and ((*+2)-(Target) <= 127)
000000r 2                               bne     Target
000000r 2                       .else
000000r 2                               beq     *+5
000000r 2                               jmp     Target
000000r 2                       .endif
000000r 2               .endmacro
000000r 2               .macro  jmi     Target
000000r 2                       .if     .match(Target, 0)
000000r 2                               bpl     *+5
000000r 2                               jmp     Target
000000r 2                       .elseif .def(Target) .and .const((*-2)-(Target)) .and ((*+2)-(Target) <= 127)
000000r 2                               bmi     Target
000000r 2                       .else
000000r 2                               bpl     *+5
000000r 2                               jmp     Target
000000r 2                       .endif
000000r 2               .endmacro
000000r 2               .macro  jpl     Target
000000r 2                       .if     .match(Target, 0)
000000r 2                               bmi     *+5
000000r 2                               jmp     Target
000000r 2                       .elseif .def(Target) .and .const((*-2)-(Target)) .and ((*+2)-(Target) <= 127)
000000r 2                               bpl     Target
000000r 2                       .else
000000r 2                               bmi     *+5
000000r 2                               jmp     Target
000000r 2                       .endif
000000r 2               .endmacro
000000r 2               .macro  jcs     Target
000000r 2                       .if     .match(Target, 0)
000000r 2                               bcc     *+5
000000r 2                               jmp     Target
000000r 2                       .elseif .def(Target) .and .const((*-2)-(Target)) .and ((*+2)-(Target) <= 127)
000000r 2                               bcs     Target
000000r 2                       .else
000000r 2                               bcc     *+5
000000r 2                               jmp     Target
000000r 2                       .endif
000000r 2               .endmacro
000000r 2               .macro  jcc     Target
000000r 2                       .if     .match(Target, 0)
000000r 2                               bcs     *+5
000000r 2                               jmp     Target
000000r 2                       .elseif .def(Target) .and .const((*-2)-(Target)) .and ((*+2)-(Target) <= 127)
000000r 2                               bcc     Target
000000r 2                       .else
000000r 2                               bcs     *+5
000000r 2                               jmp     Target
000000r 2                       .endif
000000r 2               .endmacro
000000r 2               .macro  jvs     Target
000000r 2                       .if     .match(Target, 0)
000000r 2                               bvc     *+5
000000r 2                               jmp     Target
000000r 2                       .elseif .def(Target) .and .const((*-2)-(Target)) .and ((*+2)-(Target) <= 127)
000000r 2                               bvs     Target
000000r 2                       .else
000000r 2                               bvc     *+5
000000r 2                               jmp     Target
000000r 2                       .endif
000000r 2               .endmacro
000000r 2               .macro  jvc     Target
000000r 2                       .if     .match(Target, 0)
000000r 2                               bvs     *+5
000000r 2                               jmp     Target
000000r 2                       .elseif .def(Target) .and .const((*-2)-(Target)) .and ((*+2)-(Target) <= 127)
000000r 2                               bvc     Target
000000r 2                       .else
000000r 2                               bvs     *+5
000000r 2                               jmp     Target
000000r 2                       .endif
000000r 2               .endmacro
000000r 2               
000000r 1               	.export		_neox_applet_string_length
000000r 1               	.export		_neox_applet_write_all
000000r 1               	.export		_neox_applet_write_string
000000r 1               	.export		_neox_applet_report
000000r 1               	.export		_neox_applet_copy_argument
000000r 1               	.export		_neox_applet_format_u32
000000r 1               	.export		_neox_applet_format_hex8
000000r 1               	.import		_neox_write
000000r 1               
000000r 1               .segment	"C_RODATA"
000000r 1               
000000r 1               _neox_applet_hex_digits:
000000r 1  30 31 32 33  	.byte	$30,$31,$32,$33,$34,$35,$36,$37,$38,$39,$41,$42,$43,$44,$45,$46
000004r 1  34 35 36 37  
000008r 1  38 39 41 42  
000010r 1  00           	.byte	$00
000011r 1               
000011r 1               ; ---------------------------------------------------------------
000011r 1               ; unsigned int __near__ neox_applet_string_length (const char *text)
000011r 1               ; ---------------------------------------------------------------
000011r 1               
000011r 1               .segment	"C_CODE"
000000r 1               
000000r 1               .proc	_neox_applet_string_length: near
000000r 1               
000000r 1               .segment	"C_CODE"
000000r 1               
000000r 1  20 rr rr     	jsr     pushax
000003r 1  20 rr rr     	jsr     decsp2
000006r 1  A9 00        	lda     #$00
000008r 1  92 rr        	sta     (c_sp)
00000Ar 1  A0 01        	ldy     #$01
00000Cr 1  91 rr        	sta     (c_sp),y
00000Er 1  80 05        	bra     L0004
000010r 1  A9 01        L0006:	lda     #$01
000012r 1  20 rr rr     	jsr     addeqysp
000015r 1  A0 02        L0004:	ldy     #$02
000017r 1  B1 rr        	lda     (c_sp),y
000019r 1  18           	clc
00001Ar 1  72 rr        	adc     (c_sp)
00001Cr 1  85 rr        	sta     ptr1
00001Er 1  C8           	iny
00001Fr 1  B1 rr        	lda     (c_sp),y
000021r 1  A0 01        	ldy     #$01
000023r 1  71 rr        	adc     (c_sp),y
000025r 1  85 rr        	sta     ptr1+1
000027r 1  88           	dey
000028r 1  A2 00        	ldx     #$00
00002Ar 1  B2 rr        	lda     (ptr1)
00002Cr 1  D0 E2        	bne     L0006
00002Er 1  C8           	iny
00002Fr 1  B1 rr        	lda     (c_sp),y
000031r 1  AA           	tax
000032r 1  B2 rr        	lda     (c_sp)
000034r 1  4C rr rr     	jmp     incsp4
000037r 1               
000037r 1               .endproc
000037r 1               
000037r 1               ; ---------------------------------------------------------------
000037r 1               ; unsigned char __near__ neox_applet_write_all (unsigned char fd, const void *buffer, unsigned int length)
000037r 1               ; ---------------------------------------------------------------
000037r 1               
000037r 1               .segment	"C_CODE"
000037r 1               
000037r 1               .proc	_neox_applet_write_all: near
000037r 1               
000037r 1               .segment	"C_CODE"
000037r 1               
000037r 1  20 rr rr     	jsr     pushax
00003Ar 1  20 rr rr     	jsr     decsp4
00003Dr 1  A0 07        	ldy     #$07
00003Fr 1  B1 rr        	lda     (c_sp),y
000041r 1  AA           	tax
000042r 1  88           	dey
000043r 1  B1 rr        	lda     (c_sp),y
000045r 1  A0 02        	ldy     #$02
000047r 1  20 rr rr     	jsr     staxysp
00004Ar 1  A0 05        	ldy     #$05
00004Cr 1  B1 rr        	lda     (c_sp),y
00004Er 1  AA           	tax
00004Fr 1  88           	dey
000050r 1  B1 rr        	lda     (c_sp),y
000052r 1  20 rr rr     	jsr     stax0sp
000055r 1  4C rr rr     	jmp     L0004
000058r 1  20 rr rr     L0002:	jsr     decsp3
00005Br 1  A0 01        	ldy     #$01
00005Dr 1  A9 00        	lda     #$00
00005Fr 1  91 rr        	sta     (c_sp),y
000061r 1  C8           	iny
000062r 1  91 rr        	sta     (c_sp),y
000064r 1  20 rr rr     	jsr     decsp5
000067r 1  A0 10        	ldy     #$10
000069r 1  B1 rr        	lda     (c_sp),y
00006Br 1  A0 04        	ldy     #$04
00006Dr 1  91 rr        	sta     (c_sp),y
00006Fr 1  A0 0B        	ldy     #$0B
000071r 1  B1 rr        	lda     (c_sp),y
000073r 1  AA           	tax
000074r 1  88           	dey
000075r 1  B1 rr        	lda     (c_sp),y
000077r 1  A0 02        	ldy     #$02
000079r 1  91 rr        	sta     (c_sp),y
00007Br 1  C8           	iny
00007Cr 1  8A           	txa
00007Dr 1  91 rr        	sta     (c_sp),y
00007Fr 1  A0 09        	ldy     #$09
000081r 1  B1 rr        	lda     (c_sp),y
000083r 1  AA           	tax
000084r 1  88           	dey
000085r 1  B1 rr        	lda     (c_sp),y
000087r 1  92 rr        	sta     (c_sp)
000089r 1  A0 01        	ldy     #$01
00008Br 1  8A           	txa
00008Cr 1  91 rr        	sta     (c_sp),y
00008Er 1  A5 rr        	lda     c_sp
000090r 1  A6 rr        	ldx     c_sp+1
000092r 1  18           	clc
000093r 1  69 06        	adc     #$06
000095r 1  90 01        	bcc     L0006
000097r 1  E8           	inx
000098r 1  20 rr rr     L0006:	jsr     _neox_write
00009Br 1  92 rr        	sta     (c_sp)
00009Dr 1  B2 rr        	lda     (c_sp)
00009Fr 1  F0 09        	beq     L0007
0000A1r 1  A2 00        	ldx     #$00
0000A3r 1  B2 rr        	lda     (c_sp)
0000A5r 1  20 rr rr     	jsr     incsp3
0000A8r 1  80 41        	bra     L0001
0000AAr 1  A0 01        L0007:	ldy     #$01
0000ACr 1  B1 rr        	lda     (c_sp),y
0000AEr 1  C8           	iny
0000AFr 1  11 rr        	ora     (c_sp),y
0000B1r 1  D0 08        	bne     L0008
0000B3r 1  AA           	tax
0000B4r 1  A9 03        	lda     #$03
0000B6r 1  20 rr rr     	jsr     incsp3
0000B9r 1  80 30        	bra     L0001
0000BBr 1  88           L0008:	dey
0000BCr 1  B1 rr        	lda     (c_sp),y
0000BEr 1  A0 05        	ldy     #$05
0000C0r 1  18           	clc
0000C1r 1  71 rr        	adc     (c_sp),y
0000C3r 1  91 rr        	sta     (c_sp),y
0000C5r 1  A0 02        	ldy     #$02
0000C7r 1  B1 rr        	lda     (c_sp),y
0000C9r 1  A0 06        	ldy     #$06
0000CBr 1  71 rr        	adc     (c_sp),y
0000CDr 1  91 rr        	sta     (c_sp),y
0000CFr 1  A0 02        	ldy     #$02
0000D1r 1  B1 rr        	lda     (c_sp),y
0000D3r 1  AA           	tax
0000D4r 1  88           	dey
0000D5r 1  B1 rr        	lda     (c_sp),y
0000D7r 1  A0 03        	ldy     #$03
0000D9r 1  20 rr rr     	jsr     subeqysp
0000DCr 1  20 rr rr     	jsr     incsp3
0000DFr 1  B2 rr        L0004:	lda     (c_sp)
0000E1r 1  A0 01        	ldy     #$01
0000E3r 1  11 rr        	ora     (c_sp),y
0000E5r 1  F0 03 4C rr  	jne     L0002
0000E9r 1  rr           
0000EAr 1  AA           	tax
0000EBr 1  A0 09        L0001:	ldy     #$09
0000EDr 1  4C rr rr     	jmp     addysp
0000F0r 1               
0000F0r 1               .endproc
0000F0r 1               
0000F0r 1               ; ---------------------------------------------------------------
0000F0r 1               ; unsigned char __near__ neox_applet_write_string (unsigned char fd, const char *text)
0000F0r 1               ; ---------------------------------------------------------------
0000F0r 1               
0000F0r 1               .segment	"C_CODE"
0000F0r 1               
0000F0r 1               .proc	_neox_applet_write_string: near
0000F0r 1               
0000F0r 1               .segment	"C_CODE"
0000F0r 1               
0000F0r 1  20 rr rr     	jsr     pushax
0000F3r 1  20 rr rr     	jsr     decsp3
0000F6r 1  A0 05        	ldy     #$05
0000F8r 1  B1 rr        	lda     (c_sp),y
0000FAr 1  A0 02        	ldy     #$02
0000FCr 1  91 rr        	sta     (c_sp),y
0000FEr 1  A0 04        	ldy     #$04
000100r 1  B1 rr        	lda     (c_sp),y
000102r 1  AA           	tax
000103r 1  88           	dey
000104r 1  B1 rr        	lda     (c_sp),y
000106r 1  92 rr        	sta     (c_sp)
000108r 1  A0 01        	ldy     #$01
00010Ar 1  8A           	txa
00010Br 1  91 rr        	sta     (c_sp),y
00010Dr 1  A0 04        	ldy     #$04
00010Fr 1  B1 rr        	lda     (c_sp),y
000111r 1  AA           	tax
000112r 1  88           	dey
000113r 1  B1 rr        	lda     (c_sp),y
000115r 1  20 rr rr     	jsr     _neox_applet_string_length
000118r 1  20 rr rr     	jsr     _neox_applet_write_all
00011Br 1  4C rr rr     	jmp     incsp3
00011Er 1               
00011Er 1               .endproc
00011Er 1               
00011Er 1               ; ---------------------------------------------------------------
00011Er 1               ; void __near__ neox_applet_report (const char *text)
00011Er 1               ; ---------------------------------------------------------------
00011Er 1               
00011Er 1               .segment	"C_CODE"
00011Er 1               
00011Er 1               .proc	_neox_applet_report: near
00011Er 1               
00011Er 1               .segment	"C_CODE"
00011Er 1               
00011Er 1  20 rr rr     	jsr     pushax
000121r 1  A9 02        	lda     #$02
000123r 1  20 rr rr     	jsr     pusha
000126r 1  A8           	tay
000127r 1  B1 rr        	lda     (c_sp),y
000129r 1  AA           	tax
00012Ar 1  88           	dey
00012Br 1  B1 rr        	lda     (c_sp),y
00012Dr 1  20 rr rr     	jsr     _neox_applet_write_string
000130r 1  4C rr rr     	jmp     incsp2
000133r 1               
000133r 1               .endproc
000133r 1               
000133r 1               ; ---------------------------------------------------------------
000133r 1               ; unsigned char __near__ neox_applet_copy_argument (const struct neox_arg *argument, char *buffer, unsigned int buffer_size)
000133r 1               ; ---------------------------------------------------------------
000133r 1               
000133r 1               .segment	"C_CODE"
000133r 1               
000133r 1               .proc	_neox_applet_copy_argument: near
000133r 1               
000133r 1               .segment	"C_CODE"
000133r 1               
000133r 1  20 rr rr     	jsr     pushax
000136r 1  20 rr rr     	jsr     decsp2
000139r 1  A0 07        	ldy     #$07
00013Br 1  B1 rr        	lda     (c_sp),y
00013Dr 1  85 rr        	sta     ptr1+1
00013Fr 1  88           	dey
000140r 1  B1 rr        	lda     (c_sp),y
000142r 1  85 rr        	sta     ptr1
000144r 1  A0 03        	ldy     #$03
000146r 1  B1 rr        	lda     (ptr1),y
000148r 1  AA           	tax
000149r 1  88           	dey
00014Ar 1  B1 rr        	lda     (ptr1),y
00014Cr 1  D1 rr        	cmp     (c_sp),y
00014Er 1  8A           	txa
00014Fr 1  C8           	iny
000150r 1  F1 rr        	sbc     (c_sp),y
000152r 1  90 07        	bcc     L0008
000154r 1  A2 00        	ldx     #$00
000156r 1  A9 06        	lda     #$06
000158r 1  4C rr rr     	jmp     incsp8
00015Br 1  A9 00        L0008:	lda     #$00
00015Dr 1  92 rr        	sta     (c_sp)
00015Fr 1  A0 01        	ldy     #$01
000161r 1  91 rr        	sta     (c_sp),y
000163r 1  20 rr rr     L0003:	jsr     pushw0sp
000166r 1  A0 09        	ldy     #$09
000168r 1  B1 rr        	lda     (c_sp),y
00016Ar 1  85 rr        	sta     ptr1+1
00016Cr 1  88           	dey
00016Dr 1  B1 rr        	lda     (c_sp),y
00016Fr 1  85 rr        	sta     ptr1
000171r 1  A0 03        	ldy     #$03
000173r 1  B1 rr        	lda     (ptr1),y
000175r 1  AA           	tax
000176r 1  88           	dey
000177r 1  B1 rr        	lda     (ptr1),y
000179r 1  20 rr rr     	jsr     tosicmp
00017Cr 1  B0 45        	bcs     L0004
00017Er 1  A0 04        	ldy     #$04
000180r 1  B1 rr        	lda     (c_sp),y
000182r 1  18           	clc
000183r 1  72 rr        	adc     (c_sp)
000185r 1  85 rr        	sta     sreg
000187r 1  C8           	iny
000188r 1  B1 rr        	lda     (c_sp),y
00018Ar 1  A0 01        	ldy     #$01
00018Cr 1  71 rr        	adc     (c_sp),y
00018Er 1  85 rr        	sta     sreg+1
000190r 1  A0 07        	ldy     #$07
000192r 1  B1 rr        	lda     (c_sp),y
000194r 1  85 rr        	sta     ptr1+1
000196r 1  88           	dey
000197r 1  B1 rr        	lda     (c_sp),y
000199r 1  85 rr        	sta     ptr1
00019Br 1  A0 01        	ldy     #$01
00019Dr 1  B1 rr        	lda     (ptr1),y
00019Fr 1  AA           	tax
0001A0r 1  B2 rr        	lda     (ptr1)
0001A2r 1  85 rr        	sta     ptr1
0001A4r 1  86 rr        	stx     ptr1+1
0001A6r 1  A0 01        	ldy     #$01
0001A8r 1  B1 rr        	lda     (c_sp),y
0001AAr 1  AA           	tax
0001ABr 1  B2 rr        	lda     (c_sp)
0001ADr 1  18           	clc
0001AEr 1  65 rr        	adc     ptr1
0001B0r 1  85 rr        	sta     ptr1
0001B2r 1  8A           	txa
0001B3r 1  65 rr        	adc     ptr1+1
0001B5r 1  85 rr        	sta     ptr1+1
0001B7r 1  B2 rr        	lda     (ptr1)
0001B9r 1  92 rr        	sta     (sreg)
0001BBr 1  A2 00        	ldx     #$00
0001BDr 1  98           	tya
0001BEr 1  20 rr rr     	jsr     addeq0sp
0001C1r 1  80 A0        	bra     L0003
0001C3r 1  A0 07        L0004:	ldy     #$07
0001C5r 1  B1 rr        	lda     (c_sp),y
0001C7r 1  85 rr        	sta     ptr1+1
0001C9r 1  88           	dey
0001CAr 1  B1 rr        	lda     (c_sp),y
0001CCr 1  85 rr        	sta     ptr1
0001CEr 1  A0 03        	ldy     #$03
0001D0r 1  B1 rr        	lda     (ptr1),y
0001D2r 1  AA           	tax
0001D3r 1  88           	dey
0001D4r 1  B1 rr        	lda     (ptr1),y
0001D6r 1  18           	clc
0001D7r 1  A0 04        	ldy     #$04
0001D9r 1  71 rr        	adc     (c_sp),y
0001DBr 1  85 rr        	sta     ptr1
0001DDr 1  8A           	txa
0001DEr 1  C8           	iny
0001DFr 1  71 rr        	adc     (c_sp),y
0001E1r 1  85 rr        	sta     ptr1+1
0001E3r 1  A9 00        	lda     #$00
0001E5r 1  92 rr        	sta     (ptr1)
0001E7r 1  AA           	tax
0001E8r 1  4C rr rr     	jmp     incsp8
0001EBr 1               
0001EBr 1               .endproc
0001EBr 1               
0001EBr 1               ; ---------------------------------------------------------------
0001EBr 1               ; unsigned int __near__ neox_applet_format_u32 (unsigned long value, char *buffer)
0001EBr 1               ; ---------------------------------------------------------------
0001EBr 1               
0001EBr 1               .segment	"C_CODE"
0001EBr 1               
0001EBr 1               .proc	_neox_applet_format_u32: near
0001EBr 1               
0001EBr 1               .segment	"C_CODE"
0001EBr 1               
0001EBr 1  20 rr rr     	jsr     pushax
0001EEr 1  A0 0E        	ldy     #$0E
0001F0r 1  20 rr rr     	jsr     subysp
0001F3r 1  A0 02        	ldy     #$02
0001F5r 1  A9 00        	lda     #$00
0001F7r 1  91 rr        	sta     (c_sp),y
0001F9r 1  C8           	iny
0001FAr 1  91 rr        	sta     (c_sp),y
0001FCr 1  A0 03        L0002:	ldy     #$03
0001FEr 1  B1 rr        	lda     (c_sp),y
000200r 1  AA           	tax
000201r 1  88           	dey
000202r 1  B1 rr        	lda     (c_sp),y
000204r 1  18           	clc
000205r 1  69 04        	adc     #$04
000207r 1  90 02        	bcc     L0005
000209r 1  E8           	inx
00020Ar 1  18           	clc
00020Br 1  65 rr        L0005:	adc     c_sp
00020Dr 1  A8           	tay
00020Er 1  8A           	txa
00020Fr 1  65 rr        	adc     c_sp+1
000211r 1  AA           	tax
000212r 1  98           	tya
000213r 1  20 rr rr     	jsr     pushax
000216r 1  A0 15        	ldy     #$15
000218r 1  20 rr rr     	jsr     ldeaxysp
00021Br 1  20 rr rr     	jsr     pusheax
00021Er 1  A9 0A        	lda     #$0A
000220r 1  A2 00        	ldx     #$00
000222r 1  20 rr rr     	jsr     tosumod0ax
000225r 1  18           	clc
000226r 1  69 30        	adc     #$30
000228r 1  A0 00        	ldy     #$00
00022Ar 1  20 rr rr     	jsr     staspidx
00022Dr 1  A0 02        	ldy     #$02
00022Fr 1  A2 00        	ldx     #$00
000231r 1  A9 01        	lda     #$01
000233r 1  20 rr rr     	jsr     addeqysp
000236r 1  A0 13        	ldy     #$13
000238r 1  20 rr rr     	jsr     ldeaxysp
00023Br 1  20 rr rr     	jsr     pusheax
00023Er 1  A9 0A        	lda     #$0A
000240r 1  A2 00        	ldx     #$00
000242r 1  20 rr rr     	jsr     tosudiv0ax
000245r 1  A0 10        	ldy     #$10
000247r 1  20 rr rr     	jsr     steaxysp
00024Ar 1  A0 13        	ldy     #$13
00024Cr 1  20 rr rr     	jsr     ldeaxysp
00024Fr 1  20 rr rr     	jsr     pusheax
000252r 1  A9 00        	lda     #$00
000254r 1  64 rr        	stz     sreg+1
000256r 1  64 rr        	stz     sreg
000258r 1  AA           	tax
000259r 1  20 rr rr     	jsr     tosneeax
00025Cr 1  D0 9E        	bne     L0002
00025Er 1  A9 00        	lda     #$00
000260r 1  92 rr        	sta     (c_sp)
000262r 1  A0 01        	ldy     #$01
000264r 1  91 rr        	sta     (c_sp),y
000266r 1  A0 01        L0007:	ldy     #$01
000268r 1  B1 rr        	lda     (c_sp),y
00026Ar 1  AA           	tax
00026Br 1  B2 rr        	lda     (c_sp)
00026Dr 1  C8           	iny
00026Er 1  D1 rr        	cmp     (c_sp),y
000270r 1  8A           	txa
000271r 1  C8           	iny
000272r 1  F1 rr        	sbc     (c_sp),y
000274r 1  B0 4E        	bcs     L000D
000276r 1  A0 0E        	ldy     #$0E
000278r 1  B1 rr        	lda     (c_sp),y
00027Ar 1  18           	clc
00027Br 1  72 rr        	adc     (c_sp)
00027Dr 1  48           	pha
00027Er 1  C8           	iny
00027Fr 1  B1 rr        	lda     (c_sp),y
000281r 1  A0 01        	ldy     #$01
000283r 1  71 rr        	adc     (c_sp),y
000285r 1  AA           	tax
000286r 1  68           	pla
000287r 1  20 rr rr     	jsr     pushax
00028Ar 1  A0 05        	ldy     #$05
00028Cr 1  B1 rr        	lda     (c_sp),y
00028Er 1  AA           	tax
00028Fr 1  88           	dey
000290r 1  B1 rr        	lda     (c_sp),y
000292r 1  38           	sec
000293r 1  A0 02        	ldy     #$02
000295r 1  F1 rr        	sbc     (c_sp),y
000297r 1  48           	pha
000298r 1  8A           	txa
000299r 1  C8           	iny
00029Ar 1  F1 rr        	sbc     (c_sp),y
00029Cr 1  AA           	tax
00029Dr 1  68           	pla
00029Er 1  38           	sec
00029Fr 1  E9 01        	sbc     #$01
0002A1r 1  B0 01        	bcs     L000B
0002A3r 1  CA           	dex
0002A4r 1  18           L000B:	clc
0002A5r 1  69 06        	adc     #$06
0002A7r 1  90 02        	bcc     L000C
0002A9r 1  E8           	inx
0002AAr 1  18           	clc
0002ABr 1  65 rr        L000C:	adc     c_sp
0002ADr 1  85 rr        	sta     ptr1
0002AFr 1  8A           	txa
0002B0r 1  65 rr        	adc     c_sp+1
0002B2r 1  85 rr        	sta     ptr1+1
0002B4r 1  A0 00        	ldy     #$00
0002B6r 1  B2 rr        	lda     (ptr1)
0002B8r 1  20 rr rr     	jsr     staspidx
0002BBr 1  A2 00        	ldx     #$00
0002BDr 1  A9 01        	lda     #$01
0002BFr 1  20 rr rr     	jsr     addeq0sp
0002C2r 1  80 A2        	bra     L0007
0002C4r 1  B1 rr        L000D:	lda     (c_sp),y
0002C6r 1  AA           	tax
0002C7r 1  88           	dey
0002C8r 1  B1 rr        	lda     (c_sp),y
0002CAr 1  A0 14        	ldy     #$14
0002CCr 1  4C rr rr     	jmp     addysp
0002CFr 1               
0002CFr 1               .endproc
0002CFr 1               
0002CFr 1               ; ---------------------------------------------------------------
0002CFr 1               ; void __near__ neox_applet_format_hex8 (unsigned char value, char *buffer)
0002CFr 1               ; ---------------------------------------------------------------
0002CFr 1               
0002CFr 1               .segment	"C_CODE"
0002CFr 1               
0002CFr 1               .proc	_neox_applet_format_hex8: near
0002CFr 1               
0002CFr 1               .segment	"C_CODE"
0002CFr 1               
0002CFr 1  20 rr rr     	jsr     pushax
0002D2r 1  A0 01        	ldy     #$01
0002D4r 1  B1 rr        	lda     (c_sp),y
0002D6r 1  85 rr        	sta     sreg+1
0002D8r 1  B2 rr        	lda     (c_sp)
0002DAr 1  85 rr        	sta     sreg
0002DCr 1  C8           	iny
0002DDr 1  B1 rr        	lda     (c_sp),y
0002DFr 1  4A           	lsr     a
0002E0r 1  4A           	lsr     a
0002E1r 1  4A           	lsr     a
0002E2r 1  4A           	lsr     a
0002E3r 1  85 rr        	sta     ptr1
0002E5r 1  18           	clc
0002E6r 1  A9 rr        	lda     #>(_neox_applet_hex_digits)
0002E8r 1  85 rr        	sta     ptr1+1
0002EAr 1  A0 rr        	ldy     #<(_neox_applet_hex_digits)
0002ECr 1  B1 rr        	lda     (ptr1),y
0002EEr 1  92 rr        	sta     (sreg)
0002F0r 1  A0 01        	ldy     #$01
0002F2r 1  B1 rr        	lda     (c_sp),y
0002F4r 1  AA           	tax
0002F5r 1  B2 rr        	lda     (c_sp)
0002F7r 1  1A           	ina
0002F8r 1  D0 01        	bne     L0002
0002FAr 1  E8           	inx
0002FBr 1  85 rr        L0002:	sta     sreg
0002FDr 1  86 rr        	stx     sreg+1
0002FFr 1  C8           	iny
000300r 1  B1 rr        	lda     (c_sp),y
000302r 1  29 0F        	and     #$0F
000304r 1  85 rr        	sta     ptr1
000306r 1  18           	clc
000307r 1  A9 rr        	lda     #>(_neox_applet_hex_digits)
000309r 1  85 rr        	sta     ptr1+1
00030Br 1  A0 rr        	ldy     #<(_neox_applet_hex_digits)
00030Dr 1  B1 rr        	lda     (ptr1),y
00030Fr 1  92 rr        	sta     (sreg)
000311r 1  4C rr rr     	jmp     incsp3
000314r 1               
000314r 1               .endproc
000314r 1               
000314r 1               
